-1.50000000e-02 -1.67363129e-05 1.18268974e-06
-1.47986577e-02 -1.67360748e-05 1.20060652e-06
-1.45973154e-02 -1.67358295e-05 1.23739561e-06
-1.43959732e-02 -1.67355765e-05 1.27616652e-06
-1.41946309e-02 -1.67353156e-05 1.31706751e-06
-1.39932886e-02 -1.67350462e-05 1.36026131e-06
-1.37919463e-02 -1.67347678e-05 1.40592681e-06
-1.35906040e-02 -1.67344800e-05 1.45426107e-06
-1.33892617e-02 -1.67341822e-05 1.50548160e-06
-1.31879195e-02 -1.67338738e-05 1.55982900e-06
-1.29865772e-02 -1.67335541e-05 1.61756999e-06
-1.27852349e-02 -1.67332224e-05 1.67900094e-06
-1.25838926e-02 -1.67328780e-05 1.74445191e-06
-1.23825503e-02 -1.67325199e-05 1.81429149e-06
-1.21812081e-02 -1.67321474e-05 1.88893230e-06
-1.19798658e-02 -1.67317593e-05 1.96883758e-06
-1.17785235e-02 -1.67313546e-05 2.05452887e-06
-1.15771812e-02 -1.67309320e-05 2.14659513e-06
-1.13758389e-02 -1.67304902e-05 2.24570364e-06
-1.11744966e-02 -1.67300277e-05 2.35261287e-06
-1.09731544e-02 -1.67295428e-05 2.46818806e-06
-1.07718121e-02 -1.67290338e-05 2.59341990e-06
-1.05704698e-02 -1.67284985e-05 2.72944723e-06
-1.03691275e-02 -1.67279346e-05 2.87758467e-06
-1.01677852e-02 -1.67273397e-05 3.03935646e-06
-9.96644295e-03 -1.67267107e-05 3.21653822e-06
-9.76510067e-03 -1.67260445e-05 3.41120877e-06
-9.56375839e-03 -1.67253371e-05 3.62581492e-06
-9.36241611e-03 -1.67245844e-05 3.86325302e-06
-9.16107383e-03 -1.67237814e-05 4.12697257e-06
-8.95973154e-03 -1.67229225e-05 4.42110874e-06
-8.75838926e-03 -1.67220011e-05 4.75065376e-06
-8.55704698e-03 -1.67210095e-05 5.12168044e-06
-8.35570470e-03 -1.67199387e-05 5.54163713e-06
-8.15436242e-03 -1.67187780e-05 6.01974121e-06
-7.95302013e-03 -1.67175146e-05 6.56751086e-06
-7.75167785e-03 -1.67161334e-05 7.19949364e-06
-7.55033557e-03 -1.67146155e-05 7.93427978e-06
-7.34899329e-03 -1.67129383e-05 8.79593524e-06
-7.14765101e-03 -1.67110735e-05 9.81606598e-06
-6.94630872e-03 -1.67089856e-05 1.10368531e-05
-6.74496644e-03 -1.67066292e-05 1.25156195e-05
-6.54362416e-03 -1.67039457e-05 1.43318814e-05
-6.34228188e-03 -1.67008579e-05 1.65985650e-05
-6.14093960e-03 -1.66972617e-05 1.94804654e-05
-5.93959732e-03 -1.66930135e-05 2.32258576e-05
-5.73825503e-03 -1.66879090e-05 2.82232243e-05
-5.53691275e-03 -1.66816484e-05 3.51089566e-05
-5.33557047e-03 -1.66737712e-05 4.49864616e-05
-5.13422819e-03 -1.66635330e-05 5.99125294e-05
-4.93288591e-03 -1.66496453e-05 8.41076774e-05
-4.73154362e-03 -1.66296642e-05 1.27485066e-04
-4.53020134e-03 -1.65983091e-05 2.18745055e-04
-4.32885906e-03 -1.65415789e-05 4.83007873e-04
-4.12751678e-03 -1.64038093e-05 3.36421659e-03
-3.92617450e-03 -1.51868608e-05 3.64618999e-02
-3.72483221e-03 -1.72116502e-06 3.68972421e-02
-3.52348993e-03 -3.28911010e-07 3.81463246e-03
-3.32214765e-03 -1.85071409e-07 5.01926439e-04
-3.12080537e-03 -1.26792981e-07 2.24379030e-04
-2.91946309e-03 -9.47174370e-08 1.30443267e-04
-2.71812081e-03 -7.42654909e-08 8.62389905e-05
-2.51677852e-03 -5.99903267e-08 6.17886727e-05
-2.31543624e-03 -4.93841462e-08 4.68403717e-05
-2.11409396e-03 -4.11284320e-08 3.70565116e-05
-1.91275168e-03 -3.44620610e-08 3.03333478e-05
-1.71140940e-03 -2.89136611e-08 2.55473178e-05
-1.51006711e-03 -2.41745505e-08 2.20537475e-05
-1.30872483e-03 -2.00329574e-08 1.94619105e-05
-1.10738255e-03 -1.63375396e-08 1.75248744e-05
-9.06040268e-04 -1.29759610e-08 1.60817466e-05
-7.04697987e-04 -9.86166845e-09 1.50257230e-05
-5.03355705e-04 -6.92533430e-09 1.42856843e-05
-3.02013423e-04 -4.10904392e-09 1.38153230e-05
-1.00671141e-04 -1.36211700e-09 1.35867163e-05
1.00671141e-04 1.36211700e-09 1.35867163e-05
3.02013423e-04 4.10904392e-09 1.38153230e-05
5.03355705e-04 6.92533430e-09 1.42856843e-05
7.04697987e-04 9.86166845e-09 1.50257230e-05
9.06040268e-04 1.29759610e-08 1.60817466e-05
1.10738255e-03 1.63375396e-08 1.75248744e-05
1.30872483e-03 2.00329574e-08 1.94619105e-05
1.51006711e-03 2.41745505e-08 2.20537475e-05
1.71140940e-03 2.89136611e-08 2.55473178e-05
1.91275168e-03 3.44620610e-08 3.03333478e-05
2.11409396e-03 4.11284320e-08 3.70565116e-05
2.31543624e-03 4.93841462e-08 4.68403717e-05
2.51677852e-03 5.99903267e-08 6.17886727e-05
2.71812081e-03 7.42654909e-08 8.62389905e-05
2.91946309e-03 9.47174370e-08 1.30443267e-04
3.12080537e-03 1.26792981e-07 2.24379030e-04
3.32214765e-03 1.85071409e-07 5.01926439e-04
3.52348993e-03 3.28911010e-07 3.81463246e-03
3.72483221e-03 1.72116502e-06 3.68972421e-02
3.92617450e-03 1.51868608e-05 3.64618999e-02
4.12751678e-03 1.64038093e-05 3.36421659e-03
4.32885906e-03 1.65415789e-05 4.83007873e-04
4.53020134e-03 1.65983091e-05 2.18745055e-04
4.73154362e-03 1.66296642e-05 1.27485066e-04
4.93288591e-03 1.66496453e-05 8.41076774e-05
5.13422819e-03 1.66635330e-05 5.99125294e-05
5.33557047e-03 1.66737712e-05 4.49864616e-05
5.53691275e-03 1.66816484e-05 3.51089566e-05
5.73825503e-03 1.66879090e-05 2.82232243e-05
5.93959732e-03 1.66930135e-05 2.32258576e-05
6.14093960e-03 1.66972617e-05 1.94804654e-05
6.34228188e-03 1.67008579e-05 1.65985650e-05
6.54362416e-03 1.67039457e-05 1.43318814e-05
6.74496644e-03 1.67066292e-05 1.25156195e-05
6.94630872e-03 1.67089856e-05 1.10368531e-05
7.14765101e-03 1.67110735e-05 9.81606598e-06
7.34899329e-03 1.67129383e-05 8.79593524e-06
7.55033557e-03 1.67146155e-05 7.93427978e-06
7.75167785e-03 1.67161334e-05 7.19949364e-06
7.95302013e-03 1.67175146e-05 6.56751086e-06
8.15436242e-03 1.67187780e-05 6.01974121e-06
8.35570470e-03 1.67199387e-05 5.54163713e-06
8.55704698e-03 1.67210095e-05 5.12168044e-06
8.75838926e-03 1.67220011e-05 4.75065376e-06
8.95973154e-03 1.67229225e-05 4.42110874e-06
9.16107383e-03 1.67237814e-05 4.12697257e-06
9.36241611e-03 1.67245844e-05 3.86325302e-06
9.56375839e-03 1.67253371e-05 3.62581492e-06
9.76510067e-03 1.67260445e-05 3.41120877e-06
9.96644295e-03 1.67267107e-05 3.21653822e-06
1.01677852e-02 1.67273397e-05 3.03935646e-06
1.03691275e-02 1.67279346e-05 2.87758467e-06
1.05704698e-02 1.67284985e-05 2.72944723e-06
1.07718121e-02 1.67290338e-05 2.59341990e-06
1.09731544e-02 1.67295428e-05 2.46818806e-06
1.11744966e-02 1.67300277e-05 2.35261287e-06
1.13758389e-02 1.67304902e-05 2.24570364e-06
1.15771812e-02 1.67309320e-05 2.14659513e-06
1.17785235e-02 1.67313546e-05 2.05452887e-06
1.19798658e-02 1.67317593e-05 1.96883758e-06
1.21812081e-02 1.67321474e-05 1.88893230e-06
1.23825503e-02 1.67325199e-05 1.81429149e-06
1.25838926e-02 1.67328780e-05 1.74445191e-06
1.27852349e-02 1.67332224e-05 1.67900094e-06
1.29865772e-02 1.67335541e-05 1.61756999e-06
1.31879195e-02 1.67338738e-05 1.55982900e-06
1.33892617e-02 1.67341822e-05 1.50548160e-06
1.35906040e-02 1.67344800e-05 1.45426107e-06
1.37919463e-02 1.67347678e-05 1.40592681e-06
1.39932886e-02 1.67350462e-05 1.36026131e-06
1.41946309e-02 1.67353156e-05 1.31706751e-06
1.43959732e-02 1.67355765e-05 1.27616652e-06
1.45973154e-02 1.67358295e-05 1.23739561e-06
1.47986577e-02 1.67360748e-05 1.20060652e-06
1.50000000e-02 1.67363129e-05 1.18268974e-06
