-1.00000000e-01 -2.15462823e-04 1.19468549e-04
-9.86577181e-02 -2.15302463e-04 8.39512240e-05
-9.73154362e-02 -2.15237451e-04 9.40187056e-05
-9.59731544e-02 -2.15050063e-04 3.17634386e-03
-9.46308725e-02 -2.06710353e-04 3.17106392e-03
-9.32885906e-02 -2.06537140e-04 8.34736509e-05
-9.19463087e-02 -2.06486263e-04 3.09570288e-05
-9.06040268e-02 -2.06454034e-04 2.17807360e-05
-8.92617450e-02 -2.06427791e-04 1.87753076e-05
-8.79194631e-02 -2.06403631e-04 1.79449752e-05
-8.65771812e-02 -2.06379617e-04 1.83866750e-05
-8.52348993e-02 -2.06354270e-04 2.00042048e-05
-8.38926174e-02 -2.06325914e-04 2.32017270e-05
-8.25503356e-02 -2.06291984e-04 2.91711352e-05
-8.12080537e-02 -2.06247602e-04 4.12485990e-05
-7.98657718e-02 -2.06181249e-04 7.14510107e-05
-7.85234899e-02 -2.06055787e-04 2.03014517e-04
-7.71812081e-02 -2.05636244e-04 3.92563158e-02
-7.58389262e-02 -1.00669705e-04 3.96847945e-02
-7.44966443e-02 -9.90998828e-05 6.54432028e-04
-7.31543624e-02 -9.89128401e-05 1.04147994e-04
-7.18120805e-02 -9.88202909e-05 1.32188110e-04
-7.04697987e-02 -9.85579727e-05 1.26322733e-03
-6.91275168e-02 -9.54290765e-05 1.21447518e-03
-6.77852349e-02 -9.52976366e-05 3.71404167e-04
-6.64429530e-02 -9.44320184e-05 2.63012796e-02
-6.51006711e-02 -2.46901747e-05 2.60681369e-02
-6.37583893e-02 -2.44504428e-05 1.17359830e-04
-6.24161074e-02 -2.43751148e-05 4.41731479e-05
-6.10738255e-02 -2.43318572e-05 2.82495774e-05
-5.97315436e-02 -2.42992770e-05 2.32506716e-05
-5.83892617e-02 -2.42694393e-05 2.36274983e-05
-5.70469799e-02 -2.42358475e-05 3.16020326e-05
-5.57046980e-02 -2.41846016e-05 7.44708715e-05
-5.43624161e-02 -2.40359257e-05 8.63436023e-03
-5.30201342e-02 -1.00511105e-06 8.81566743e-03
-5.16778523e-02 -3.69704381e-07 2.64083305e-04
-5.03355705e-02 -2.96162582e-07 3.97027255e-05
-4.89932886e-02 -2.63119883e-07 2.01198110e-05
-4.76510067e-02 -2.42149667e-07 1.36414029e-05
-4.63087248e-02 -2.26498668e-07 1.05908217e-05
-4.49664430e-02 -2.13717931e-07 8.86708199e-06
-4.36241611e-02 -2.02694421e-07 7.77565357e-06
-4.22818792e-02 -1.92843693e-07 7.02844181e-06
-4.09395973e-02 -1.83826121e-07 6.48701717e-06
-3.95973154e-02 -1.75428882e-07 6.07753228e-06
-3.82550336e-02 -1.67510598e-07 5.75736314e-06
-3.69127517e-02 -1.59972873e-07 5.50034156e-06
-3.55704698e-02 -1.52744580e-07 5.28958319e-06
-3.42281879e-02 -1.45772650e-07 5.11373895e-06
-3.28859060e-02 -1.39016422e-07 4.96491485e-06
-3.15436242e-02 -1.32444020e-07 4.83745855e-06
-3.02013423e-02 -1.26029956e-07 4.72722108e-06
-2.88590604e-02 -1.19753493e-07 4.63109091e-06
-2.75167785e-02 -1.13597497e-07 4.54669063e-06
-2.61744966e-02 -1.07547612e-07 4.47217387e-06
-2.48322148e-02 -1.01591661e-07 4.40608604e-06
-2.34899329e-02 -9.57191934e-08 4.34726672e-06
-2.21476510e-02 -8.99211465e-08 4.29477990e-06
-2.08053691e-02 -8.41895830e-08 4.24786326e-06
-1.94630872e-02 -7.85174867e-08 4.20589076e-06
-1.81208054e-02 -7.28986011e-08 4.16834460e-06
-1.67785235e-02 -6.73272999e-08 4.13479394e-06
-1.54362416e-02 -6.17984831e-08 4.10487862e-06
-1.40939597e-02 -5.63074915e-08 4.07829656e-06
-1.27516779e-02 -5.08500360e-08 4.05479386e-06
-1.14093960e-02 -4.54221388e-08 4.03415712e-06
-1.00671141e-02 -4.00200840e-08 4.01620724e-06
-8.72483221e-03 -3.46403744e-08 4.00079461e-06
-7.38255034e-03 -2.92796957e-08 3.98779525e-06
-6.04026846e-03 -2.39348838e-08 3.97710774e-06
-4.69798658e-03 -1.86028965e-08 3.96865080e-06
-3.35570470e-03 -1.32807877e-08 3.96236146e-06
-2.01342282e-03 -7.96568448e-09 3.95819366e-06
-6.71140940e-04 -2.65476446e-09 3.95611723e-06
6.71140940e-04 2.65476446e-09 3.95611723e-06
2.01342282e-03 7.96568448e-09 3.95819366e-06
3.35570470e-03 1.32807877e-08 3.96236146e-06
4.69798658e-03 1.86028965e-08 3.96865079e-06
6.04026846e-03 2.39348838e-08 3.97710774e-06
7.38255034e-03 2.92796957e-08 3.98779525e-06
8.72483221e-03 3.46403744e-08 4.00079461e-06
1.00671141e-02 4.00200840e-08 4.01620724e-06
1.14093960e-02 4.54221388e-08 4.03415712e-06
1.27516779e-02 5.08500360e-08 4.05479386e-06
1.40939597e-02 5.63074915e-08 4.07829656e-06
1.54362416e-02 6.17984831e-08 4.10487862e-06
1.67785235e-02 6.73272999e-08 4.13479394e-06
1.81208054e-02 7.28986011e-08 4.16834460e-06
1.94630872e-02 7.85174867e-08 4.20589076e-06
2.08053691e-02 8.41895830e-08 4.24786326e-06
2.21476510e-02 8.99211465e-08 4.29477990e-06
2.34899329e-02 9.57191934e-08 4.34726672e-06
2.48322148e-02 1.01591661e-07 4.40608604e-06
2.61744966e-02 1.07547612e-07 4.47217387e-06
2.75167785e-02 1.13597497e-07 4.54669063e-06
2.88590604e-02 1.19753493e-07 4.63109091e-06
3.02013423e-02 1.26029956e-07 4.72722108e-06
3.15436242e-02 1.32444020e-07 4.83745855e-06
3.28859060e-02 1.39016422e-07 4.96491485e-06
3.42281879e-02 1.45772650e-07 5.11373895e-06
3.55704698e-02 1.52744580e-07 5.28958319e-06
3.69127517e-02 1.59972873e-07 5.50034156e-06
3.82550336e-02 1.67510598e-07 5.75736314e-06
3.95973154e-02 1.75428882e-07 6.07753228e-06
4.09395973e-02 1.83826121e-07 6.48701717e-06
4.22818792e-02 1.92843693e-07 7.02844181e-06
4.36241611e-02 2.02694421e-07 7.77565357e-06
4.49664430e-02 2.13717931e-07 8.86708199e-06
4.63087248e-02 2.26498668e-07 1.05908217e-05
4.76510067e-02 2.42149667e-07 1.36414029e-05
4.89932886e-02 2.63119883e-07 2.01198110e-05
5.03355705e-02 2.96162582e-07 3.97027255e-05
5.16778523e-02 3.69704381e-07 2.64083305e-04
5.30201342e-02 1.00511105e-06 8.81566743e-03
5.43624161e-02 2.40359257e-05 8.63436023e-03
5.57046980e-02 2.41846016e-05 7.44708715e-05
5.70469799e-02 2.42358475e-05 3.16020326e-05
5.83892617e-02 2.42694393e-05 2.36274983e-05
5.97315436e-02 2.42992770e-05 2.32506716e-05
6.10738255e-02 2.43318572e-05 2.82495774e-05
6.24161074e-02 2.43751148e-05 4.41731479e-05
6.37583893e-02 2.44504428e-05 1.17359830e-04
6.51006711e-02 2.46901747e-05 2.60681369e-02
6.64429530e-02 9.44320184e-05 2.63012796e-02
6.77852349e-02 9.52976366e-05 3.71404167e-04
6.91275168e-02 9.54290765e-05 1.21447518e-03
7.04697987e-02 9.85579727e-05 1.26322733e-03
7.18120805e-02 9.88202908e-05 1.32188110e-04
7.31543624e-02 9.89128401e-05 1.04147994e-04
7.44966443e-02 9.90998828e-05 6.54432028e-04
7.58389262e-02 1.00669705e-04 3.96847945e-02
7.71812081e-02 2.05636244e-04 3.92563159e-02
7.85234899e-02 2.06055787e-04 2.03014517e-04
7.98657718e-02 2.06181249e-04 7.14510107e-05
8.12080537e-02 2.06247602e-04 4.12485990e-05
8.25503356e-02 2.06291984e-04 2.91711352e-05
8.38926174e-02 2.06325914e-04 2.32017270e-05
8.52348993e-02 2.06354270e-04 2.00042048e-05
8.65771812e-02 2.06379617e-04 1.83866750e-05
8.79194631e-02 2.06403631e-04 1.79449752e-05
8.92617450e-02 2.06427791e-04 1.87753076e-05
9.06040268e-02 2.06454034e-04 2.17807360e-05
9.19463087e-02 2.06486263e-04 3.09570288e-05
9.32885906e-02 2.06537140e-04 8.34736509e-05
9.46308725e-02 2.06710353e-04 3.17106392e-03
9.59731544e-02 2.15050063e-04 3.17634386e-03
9.73154362e-02 2.15237451e-04 9.40187056e-05
9.86577181e-02 2.15302463e-04 8.39512240e-05
1.00000000e-01 2.15462823e-04 1.19468549e-04
