-1.00000000e-01 -2.15462606e-04 1.19486832e-04
-9.86577181e-02 -2.15302221e-04 8.39599335e-05
-9.73154362e-02 -2.15237210e-04 9.40055780e-05
-9.59731544e-02 -2.15049857e-04 3.17630366e-03
-9.46308725e-02 -2.06710220e-04 3.17104595e-03
-9.32885906e-02 -2.06536982e-04 8.34838908e-05
-9.19463087e-02 -2.06486103e-04 3.09578489e-05
-9.06040268e-02 -2.06453874e-04 2.17808304e-05
-8.92617450e-02 -2.06427631e-04 1.87751845e-05
-8.79194631e-02 -2.06403470e-04 1.79447138e-05
-8.65771812e-02 -2.06379457e-04 1.83862611e-05
-8.52348993e-02 -2.06354111e-04 2.00035631e-05
-8.38926174e-02 -2.06325756e-04 2.32006817e-05
-8.25503356e-02 -2.06291828e-04 2.91692588e-05
-8.12080537e-02 -2.06247449e-04 4.12446391e-05
-7.98657718e-02 -2.06181104e-04 7.14397089e-05
-7.85234899e-02 -2.06055665e-04 2.02941954e-04
-7.71812081e-02 -2.05636293e-04 3.92556238e-02
-7.58389262e-02 -1.00671440e-04 3.96847975e-02
-7.44966443e-02 -9.90999240e-05 6.55080149e-04
-7.31543624e-02 -9.89128353e-05 1.04168711e-04
-7.18120805e-02 -9.88202765e-05 1.32115568e-04
-7.04697987e-02 -9.85581626e-05 1.26323010e-03
-6.91275168e-02 -9.54290547e-05 1.21455943e-03
-6.77852349e-02 -9.52976004e-05 3.71553862e-04
-6.64429530e-02 -9.44315947e-05 2.63012837e-02
-6.51006711e-02 -2.46901274e-05 2.60679815e-02
-6.37583893e-02 -2.44504363e-05 1.17342740e-04
-6.24161074e-02 -2.43751134e-05 4.41706546e-05
-6.10738255e-02 -2.43318574e-05 2.82486644e-05
-5.97315436e-02 -2.42992780e-05 2.32500489e-05
-5.83892617e-02 -2.42694411e-05 2.36266632e-05
-5.70469799e-02 -2.42358507e-05 3.15999481e-05
-5.57046980e-02 -2.41846091e-05 7.44579804e-05
-5.43624161e-02 -2.40359636e-05 8.63421210e-03
-5.30201342e-02 -1.00551616e-06 8.81567635e-03
-5.16778523e-02 -3.69718328e-07 2.64232579e-04
-5.03355705e-02 -2.96166954e-07 3.97071124e-05
-4.89932886e-02 -2.63122054e-07 2.01209442e-05
-4.76510067e-02 -2.42150997e-07 1.36418688e-05
-4.63087248e-02 -2.26499587e-07 1.05910611e-05
-4.49664430e-02 -2.13718618e-07 8.86722281e-06
-4.36241611e-02 -2.02694962e-07 7.77574443e-06
-4.22818792e-02 -1.92844136e-07 7.02850456e-06
-4.09395973e-02 -1.83826493e-07 6.48706282e-06
-3.95973154e-02 -1.75429202e-07 6.07756690e-06
-3.82550336e-02 -1.67510878e-07 5.75739030e-06
-3.69127517e-02 -1.59973121e-07 5.50036347e-06
-3.55704698e-02 -1.52744801e-07 5.28960128e-06
-3.42281879e-02 -1.45772849e-07 5.11375419e-06
-3.28859060e-02 -1.39016602e-07 4.96492790e-06
-3.15436242e-02 -1.32444184e-07 4.83746990e-06
-3.02013423e-02 -1.26030106e-07 4.72723108e-06
-2.88590604e-02 -1.19753630e-07 4.63109982e-06
-2.75167785e-02 -1.13597623e-07 4.54669865e-06
-2.61744966e-02 -1.07547728e-07 4.47218115e-06
-2.48322148e-02 -1.01591767e-07 4.40609272e-06
-2.34899329e-02 -9.57192912e-08 4.34727288e-06
-2.21476510e-02 -8.99212363e-08 4.29478562e-06
-2.08053691e-02 -8.41896654e-08 4.24786860e-06
-1.94630872e-02 -7.85175622e-08 4.20589579e-06
-1.81208054e-02 -7.28986700e-08 4.16834935e-06
-1.67785235e-02 -6.73273625e-08 4.13479846e-06
-1.54362416e-02 -6.17985399e-08 4.10488294e-06
-1.40939597e-02 -5.63075426e-08 4.07830070e-06
-1.27516779e-02 -5.08500816e-08 4.05479785e-06
-1.14093960e-02 -4.54221792e-08 4.03416098e-06
-1.00671141e-02 -4.00201193e-08 4.01621099e-06
-8.72483221e-03 -3.46404048e-08 4.00079827e-06
-7.38255034e-03 -2.92797212e-08 3.98779883e-06
-6.04026846e-03 -2.39349045e-08 3.97711125e-06
-4.69798658e-03 -1.86029125e-08 3.96865426e-06
-3.35570470e-03 -1.32807991e-08 3.96236489e-06
-2.01342282e-03 -7.96569132e-09 3.95819707e-06
-6.71140940e-04 -2.65476674e-09 3.95612063e-06
6.71140940e-04 2.65476674e-09 3.95612063e-06
2.01342282e-03 7.96569132e-09 3.95819707e-06
3.35570470e-03 1.32807991e-08 3.96236489e-06
4.69798658e-03 1.86029125e-08 3.96865426e-06
6.04026846e-03 2.39349045e-08 3.97711125e-06
7.38255034e-03 2.92797212e-08 3.98779883e-06
8.72483221e-03 3.46404048e-08 4.00079827e-06
1.00671141e-02 4.00201193e-08 4.01621099e-06
1.14093960e-02 4.54221792e-08 4.03416098e-06
1.27516779e-02 5.08500816e-08 4.05479785e-06
1.40939597e-02 5.63075426e-08 4.07830070e-06
1.54362416e-02 6.17985399e-08 4.10488294e-06
1.67785235e-02 6.73273626e-08 4.13479846e-06
1.81208054e-02 7.28986700e-08 4.16834935e-06
1.94630872e-02 7.85175622e-08 4.20589579e-06
2.08053691e-02 8.41896654e-08 4.24786860e-06
2.21476510e-02 8.99212363e-08 4.29478562e-06
2.34899329e-02 9.57192912e-08 4.34727288e-06
2.48322148e-02 1.01591767e-07 4.40609272e-06
2.61744966e-02 1.07547728e-07 4.47218115e-06
2.75167785e-02 1.13597623e-07 4.54669865e-06
2.88590604e-02 1.19753630e-07 4.63109982e-06
3.02013423e-02 1.26030106e-07 4.72723108e-06
3.15436242e-02 1.32444184e-07 4.83746990e-06
3.28859060e-02 1.39016602e-07 4.96492790e-06
3.42281879e-02 1.45772849e-07 5.11375419e-06
3.55704698e-02 1.52744801e-07 5.28960128e-06
3.69127517e-02 1.59973121e-07 5.50036346e-06
3.82550336e-02 1.67510878e-07 5.75739030e-06
3.95973154e-02 1.75429202e-07 6.07756690e-06
4.09395973e-02 1.83826493e-07 6.48706282e-06
4.22818792e-02 1.92844136e-07 7.02850456e-06
4.36241611e-02 2.02694962e-07 7.77574443e-06
4.49664430e-02 2.13718618e-07 8.86722281e-06
4.63087248e-02 2.26499587e-07 1.05910611e-05
4.76510067e-02 2.42150997e-07 1.36418688e-05
4.89932886e-02 2.63122054e-07 2.01209442e-05
5.03355705e-02 2.96166954e-07 3.97071124e-05
5.16778523e-02 3.69718328e-07 2.64232579e-04
5.30201342e-02 1.00551616e-06 8.81567635e-03
5.43624161e-02 2.40359636e-05 8.63421210e-03
5.57046980e-02 2.41846091e-05 7.44579804e-05
5.70469799e-02 2.42358507e-05 3.15999481e-05
5.83892617e-02 2.42694411e-05 2.36266632e-05
5.97315436e-02 2.42992780e-05 2.32500489e-05
6.10738255e-02 2.43318574e-05 2.82486644e-05
6.24161074e-02 2.43751134e-05 4.41706546e-05
6.37583893e-02 2.44504363e-05 1.17342740e-04
6.51006711e-02 2.46901274e-05 2.60679815e-02
6.64429530e-02 9.44315947e-05 2.63012837e-02
6.77852349e-02 9.52976004e-05 3.71553862e-04
6.91275168e-02 9.54290547e-05 1.21455943e-03
7.04697987e-02 9.85581626e-05 1.26323010e-03
7.18120805e-02 9.88202765e-05 1.32115568e-04
7.31543624e-02 9.89128353e-05 1.04168711e-04
7.44966443e-02 9.90999240e-05 6.55080149e-04
7.58389262e-02 1.00671440e-04 3.96847975e-02
7.71812081e-02 2.05636293e-04 3.92556238e-02
7.85234899e-02 2.06055665e-04 2.02941954e-04
7.98657718e-02 2.06181104e-04 7.14397089e-05
8.12080537e-02 2.06247449e-04 4.12446391e-05
8.25503356e-02 2.06291828e-04 2.91692588e-05
8.38926174e-02 2.06325756e-04 2.32006817e-05
8.52348993e-02 2.06354111e-04 2.00035631e-05
8.65771812e-02 2.06379457e-04 1.83862611e-05
8.79194631e-02 2.06403470e-04 1.79447138e-05
8.92617450e-02 2.06427631e-04 1.87751845e-05
9.06040268e-02 2.06453874e-04 2.17808304e-05
9.19463087e-02 2.06486103e-04 3.09578489e-05
9.32885906e-02 2.06536982e-04 8.34838908e-05
9.46308725e-02 2.06710220e-04 3.17104595e-03
9.59731544e-02 2.15049857e-04 3.17630366e-03
9.73154362e-02 2.15237210e-04 9.40055780e-05
9.86577181e-02 2.15302221e-04 8.39599335e-05
1.00000000e-01 2.15462606e-04 1.19486832e-04
