-9.00000000e-02 -2.16395633e-06 4.77265100e-08
-8.87919463e-02 -2.16389867e-06 4.75832509e-08
-8.75838926e-02 -2.16384136e-06 4.73905903e-08
-8.63758389e-02 -2.16378417e-06 4.73954575e-08
-8.51677852e-02 -2.16372685e-06 4.76215669e-08
-8.39597315e-02 -2.16366911e-06 4.81023177e-08
-8.27516779e-02 -2.16361063e-06 4.88846277e-08
-8.15436242e-02 -2.16355100e-06 5.00349703e-08
-8.03355705e-02 -2.16348974e-06 5.16492031e-08
-7.91275168e-02 -2.16342621e-06 5.38692396e-08
-7.79194631e-02 -2.16335958e-06 5.69127696e-08
-7.67114094e-02 -2.16328870e-06 6.11295426e-08
-7.55033557e-02 -2.16321189e-06 6.71162146e-08
-7.42953020e-02 -2.16312654e-06 7.59738392e-08
-7.30872483e-02 -2.16302833e-06 8.99609031e-08
-7.18791946e-02 -2.16290919e-06 1.14457110e-07
-7.06711409e-02 -2.16275179e-06 1.65603446e-07
-6.94630872e-02 -2.16250907e-06 3.17584461e-07
-6.82550336e-02 -2.16198447e-06 2.12010542e-06
-6.70469799e-02 -2.15738667e-06 1.40904741e-04
-6.58389262e-02 -1.82154348e-06 1.39425369e-04
-6.46308725e-02 -1.82052001e-06 5.87176573e-07
-6.34228188e-02 -1.82012480e-06 2.88431752e-07
-6.22147651e-02 -1.81982312e-06 2.55389412e-07
-6.10067114e-02 -1.81950775e-06 2.97098614e-07
-5.97986577e-02 -1.81910530e-06 4.20077101e-07
-5.85906040e-02 -1.81849280e-06 7.37563789e-07
-5.73825503e-02 -1.81732327e-06 1.92992548e-06
-5.61744966e-02 -1.81382990e-06 5.52004361e-04
-5.49664430e-02 -4.83621457e-07 7.47633828e-04
-5.37583893e-02 -7.46628557e-09 1.98393662e-04
-5.25503356e-02 -4.28106567e-09 1.77655675e-06
-5.13422819e-02 -3.17393368e-09 6.96205388e-07
-5.01342282e-02 -2.59895870e-09 3.86704132e-07
-4.89261745e-02 -2.23961497e-09 2.52388552e-07
-4.77181208e-02 -1.98916085e-09 1.81338027e-07
-4.65100671e-02 -1.80148283e-09 1.38978358e-07
-4.53020134e-02 -1.65337421e-09 1.11590757e-07
-4.40939597e-02 -1.53186758e-09 9.28081712e-08
-4.28859060e-02 -1.42913971e-09 7.93351367e-08
-4.16778523e-02 -1.34018537e-09 6.93222663e-08
-4.04697987e-02 -1.26164967e-09 6.16645584e-08
-3.92617450e-02 -1.19119717e-09 5.56678301e-08
-3.80536913e-02 -1.12715021e-09 5.08776892e-08
-3.68456376e-02 -1.06827121e-09 4.69863156e-08
-3.56375839e-02 -1.01362623e-09 4.37790187e-08
-3.44295302e-02 -9.62496401e-10 4.11022651e-08
-3.32214765e-02 -9.14318742e-10 3.88438419e-08
-3.20134228e-02 -8.68645507e-10 3.69201573e-08
-3.08053691e-02 -8.25115677e-10 3.52678809e-08
-2.95973154e-02 -7.83434520e-10 3.38383088e-08
-2.83892617e-02 -7.43358690e-10 3.25934789e-08
-2.71812081e-02 -7.04685175e-10 3.15034439e-08
-2.59731544e-02 -6.67242986e-10 3.05443211e-08
-2.47651007e-02 -6.30886815e-10 2.96968770e-08
-2.35570470e-02 -5.95492143e-10 2.89454843e-08
-2.23489933e-02 -5.60951417e-10 2.82773436e-08
-2.11409396e-02 -5.27171044e-10 2.76818971e-08
-1.99328859e-02 -4.94068981e-10 2.71503787e-08
-1.87248322e-02 -4.61572813e-10 2.66754691e-08
-1.75167785e-02 -4.29618183e-10 2.62510267e-08
-1.63087248e-02 -3.98147514e-10 2.58718763e-08
-1.51006711e-02 -3.67108952e-10 2.55336426e-08
-1.38926174e-02 -3.36455492e-10 2.52326171e-08
-1.26845638e-02 -3.06144240e-10 2.49656522e-08
-1.14765101e-02 -2.76135795e-10 2.47300757e-08
-1.02684564e-02 -2.46393721e-10 2.45236214e-08
-9.06040268e-03 -2.16884092e-10 2.43443739e-08
-7.85234899e-03 -1.87575100e-10 2.41907231e-08
-6.64429530e-03 -1.58436708e-10 2.40613277e-08
-5.43624161e-03 -1.29440348e-10 2.39550853e-08
-4.22818792e-03 -1.00558649e-10 2.38711103e-08
-3.02013423e-03 -7.17651824e-11 2.38087142e-08
-1.81208054e-03 -4.30342389e-11 2.37673920e-08
-6.04026846e-04 -1.43406111e-11 2.37468129e-08
6.04026846e-04 1.43406111e-11 2.37468130e-08
1.81208054e-03 4.30342390e-11 2.37673920e-08
3.02013423e-03 7.17651824e-11 2.38087141e-08
4.22818792e-03 1.00558649e-10 2.38711103e-08
5.43624161e-03 1.29440348e-10 2.39550854e-08
6.64429530e-03 1.58436708e-10 2.40613277e-08
7.85234899e-03 1.87575100e-10 2.41907232e-08
9.06040268e-03 2.16884092e-10 2.43443739e-08
1.02684564e-02 2.46393721e-10 2.45236213e-08
1.14765101e-02 2.76135795e-10 2.47300757e-08
1.26845638e-02 3.06144240e-10 2.49656522e-08
1.38926174e-02 3.36455492e-10 2.52326171e-08
1.51006711e-02 3.67108952e-10 2.55336426e-08
1.63087248e-02 3.98147514e-10 2.58718764e-08
1.75167785e-02 4.29618184e-10 2.62510267e-08
1.87248322e-02 4.61572813e-10 2.66754691e-08
1.99328859e-02 4.94068981e-10 2.71503787e-08
2.11409396e-02 5.27171044e-10 2.76818971e-08
2.23489933e-02 5.60951417e-10 2.82773437e-08
2.35570470e-02 5.95492143e-10 2.89454842e-08
2.47651007e-02 6.30886815e-10 2.96968770e-08
2.59731544e-02 6.67242986e-10 3.05443211e-08
2.71812081e-02 7.04685175e-10 3.15034439e-08
2.83892617e-02 7.43358690e-10 3.25934789e-08
2.95973154e-02 7.83434520e-10 3.38383088e-08
3.08053691e-02 8.25115677e-10 3.52678809e-08
3.20134228e-02 8.68645507e-10 3.69201572e-08
3.32214765e-02 9.14318742e-10 3.88438420e-08
3.44295302e-02 9.62496401e-10 4.11022651e-08
3.56375839e-02 1.01362623e-09 4.37790187e-08
3.68456376e-02 1.06827121e-09 4.69863156e-08
3.80536913e-02 1.12715021e-09 5.08776892e-08
3.92617450e-02 1.19119717e-09 5.56678301e-08
4.04697987e-02 1.26164967e-09 6.16645584e-08
4.16778523e-02 1.34018537e-09 6.93222663e-08
4.28859060e-02 1.42913971e-09 7.93351368e-08
4.40939597e-02 1.53186758e-09 9.28081712e-08
4.53020134e-02 1.65337421e-09 1.11590757e-07
4.65100671e-02 1.80148283e-09 1.38978359e-07
4.77181208e-02 1.98916085e-09 1.81338027e-07
4.89261745e-02 2.23961497e-09 2.52388552e-07
5.01342282e-02 2.59895870e-09 3.86704132e-07
5.13422819e-02 3.17393368e-09 6.96205388e-07
5.25503356e-02 4.28106567e-09 1.77655675e-06
5.37583893e-02 7.46628557e-09 1.98393662e-04
5.49664430e-02 4.83621457e-07 7.47633828e-04
5.61744966e-02 1.81382990e-06 5.52004361e-04
5.73825503e-02 1.81732327e-06 1.92992548e-06
5.85906040e-02 1.81849280e-06 7.37563789e-07
5.97986577e-02 1.81910530e-06 4.20077101e-07
6.10067114e-02 1.81950775e-06 2.97098614e-07
6.22147651e-02 1.81982312e-06 2.55389412e-07
6.34228188e-02 1.82012480e-06 2.88431752e-07
6.46308725e-02 1.82052001e-06 5.87176573e-07
6.58389262e-02 1.82154348e-06 1.39425369e-04
6.70469799e-02 2.15738667e-06 1.40904741e-04
6.82550336e-02 2.16198447e-06 2.12010542e-06
6.94630872e-02 2.16250907e-06 3.17584461e-07
7.06711409e-02 2.16275179e-06 1.65603446e-07
7.18791946e-02 2.16290919e-06 1.14457110e-07
7.30872483e-02 2.16302833e-06 8.99609031e-08
7.42953020e-02 2.16312654e-06 7.59738392e-08
7.55033557e-02 2.16321189e-06 6.71162146e-08
7.67114094e-02 2.16328870e-06 6.11295426e-08
7.79194631e-02 2.16335958e-06 5.69127696e-08
7.91275168e-02 2.16342621e-06 5.38692396e-08
8.03355705e-02 2.16348974e-06 5.16492031e-08
8.15436242e-02 2.16355100e-06 5.00349703e-08
8.27516779e-02 2.16361063e-06 4.88846277e-08
8.39597315e-02 2.16366911e-06 4.81023177e-08
8.51677852e-02 2.16372685e-06 4.76215669e-08
8.63758389e-02 2.16378417e-06 4.73954574e-08
8.75838926e-02 2.16384136e-06 4.73905903e-08
8.87919463e-02 2.16389867e-06 4.75832509e-08
9.00000000e-02 2.16395633e-06 4.77265100e-08
