-4.00000000e-02 -1.37093672e-04 3.99931909e-05
-3.98396794e-02 -1.37087260e-04 4.08240955e-05
-3.96793587e-02 -1.37080582e-04 4.25544753e-05
-3.95190381e-02 -1.37073616e-04 4.44294306e-05
-3.93587174e-02 -1.37066336e-04 4.64648785e-05
-3.91983968e-02 -1.37058717e-04 4.86790138e-05
-3.90380762e-02 -1.37050728e-04 5.10927113e-05
-3.88777555e-02 -1.37042335e-04 5.37300127e-05
-3.87174349e-02 -1.37033500e-04 5.66187212e-05
-3.85571142e-02 -1.37024180e-04 5.97911295e-05
-3.83967936e-02 -1.37014328e-04 6.32849188e-05
-3.82364729e-02 -1.37003889e-04 6.71442743e-05
-3.80761523e-02 -1.36992799e-04 7.14212807e-05
-3.79158317e-02 -1.36980988e-04 7.61776801e-05
-3.77555110e-02 -1.36968373e-04 8.14871035e-05
-3.75951904e-02 -1.36954860e-04 8.74379296e-05
-3.74348697e-02 -1.36940337e-04 9.41369790e-05
-3.72745491e-02 -1.36924676e-04 1.01714336e-04
-3.71142285e-02 -1.36907723e-04 1.10329709e-04
-3.69539078e-02 -1.36889299e-04 1.20180920e-04
-3.67935872e-02 -1.36869188e-04 1.31515378e-04
-3.66332665e-02 -1.36847130e-04 1.44645796e-04
-3.64729459e-02 -1.36822809e-04 1.59972053e-04
-3.63126253e-02 -1.36795837e-04 1.78012113e-04
-3.61523046e-02 -1.36765731e-04 1.99446560e-04
-3.59919840e-02 -1.36731886e-04 2.25184078e-04
-3.58316633e-02 -1.36693528e-04 2.56459966e-04
-3.56713427e-02 -1.36649654e-04 2.94988243e-04
-3.55110220e-02 -1.36598942e-04 3.43203593e-04
-3.53507014e-02 -1.36539609e-04 4.04659515e-04
-3.51903808e-02 -1.36469192e-04 4.84710135e-04
-3.50300601e-02 -1.36384191e-04 5.91733859e-04
-3.48697395e-02 -1.36279457e-04 7.39457039e-04
-3.47094188e-02 -1.36147090e-04 9.51683292e-04
-3.45490982e-02 -1.35974308e-04 1.27280085e-03
-3.43887776e-02 -1.35738978e-04 1.79397849e-03
-3.42284569e-02 -1.35399085e-04 2.72986359e-03
-3.40681363e-02 -1.34863671e-04 4.70682967e-03
-3.39078156e-02 -1.33889881e-04 1.05256772e-02
-3.37474950e-02 -1.31488704e-04 5.11327840e-02
-3.35871743e-02 -1.17494600e-04 2.35400810e-01
-3.34268537e-02 -5.60094867e-05 2.42498708e-01
-3.32665331e-02 -3.97395027e-05 5.88424495e-02
-3.31062124e-02 -3.71421683e-05 1.12765163e-02
-3.29458918e-02 -3.61237861e-05 4.89873851e-03
-3.27855711e-02 -3.55714305e-05 2.80765209e-03
-3.26252505e-02 -3.52235369e-05 1.83218946e-03
-3.24649299e-02 -3.49839549e-05 1.29360414e-03
-3.23046092e-02 -3.48087540e-05 9.63675152e-04
-3.21442886e-02 -3.46749609e-05 7.46546372e-04
-3.19839679e-02 -3.45693804e-05 5.95902700e-04
-3.18236473e-02 -3.44838898e-05 4.87046948e-04
-3.16633267e-02 -3.44132131e-05 4.05799670e-04
-3.15030060e-02 -3.43537737e-05 3.43536269e-04
-3.13426854e-02 -3.43030612e-05 2.94761265e-04
-3.11823647e-02 -3.42592611e-05 2.55836252e-04
-3.10220441e-02 -3.42210295e-05 2.24273594e-04
-3.08617234e-02 -3.41873497e-05 1.98325185e-04
-3.07014028e-02 -3.41574383e-05 1.76733184e-04
-3.05410822e-02 -3.41306818e-05 1.58573646e-04
-3.03807615e-02 -3.41065930e-05 1.43155444e-04
-3.02204409e-02 -3.40847802e-05 1.29953204e-04
-3.00601202e-02 -3.40649247e-05 1.18561754e-04
-2.98997996e-02 -3.40467644e-05 1.08664552e-04
-2.97394790e-02 -3.40300823e-05 1.00011384e-04
-2.95791583e-02 -3.40146966e-05 9.24023549e-05
-2.94188377e-02 -3.40004543e-05 8.56762058e-05
-2.92585170e-02 -3.39872253e-05 7.97016883e-05
-2.90981964e-02 -3.39748987e-05 7.43711003e-05
-2.89378758e-02 -3.39633789e-05 6.95953930e-05
-2.87775551e-02 -3.39525835e-05 6.53004239e-05
-2.86172345e-02 -3.39424409e-05 6.14240602e-05
-2.84569138e-02 -3.39328884e-05 5.79139185e-05
-2.82965932e-02 -3.39238713e-05 5.47255860e-05
-2.81362725e-02 -3.39153411e-05 5.18212094e-05
-2.79759519e-02 -3.39072553e-05 4.91683666e-05
-2.78156313e-02 -3.38995757e-05 4.67391595e-05
-2.76553106e-02 -3.38922687e-05 4.45094782e-05
-2.74949900e-02 -3.38853041e-05 4.24584018e-05
-2.73346693e-02 -3.38786548e-05 4.05677066e-05
-2.71743487e-02 -3.38722965e-05 3.88214616e-05
-2.70140281e-02 -3.38662071e-05 3.72056918e-05
-2.68537074e-02 -3.38603668e-05 3.57080996e-05
-2.66933868e-02 -3.38547576e-05 3.43178302e-05
-2.65330661e-02 -3.38493631e-05 3.30252756e-05
-2.63727455e-02 -3.38441683e-05 3.18219083e-05
-2.62124248e-02 -3.38391596e-05 3.07001415e-05
-2.60521042e-02 -3.38343246e-05 2.96532093e-05
-2.58917836e-02 -3.38296516e-05 2.86750650e-05
-2.57314629e-02 -3.38251302e-05 2.77602940e-05
-2.55711423e-02 -3.38207505e-05 2.69040389e-05
-2.54108216e-02 -3.38165036e-05 2.61019352e-05
-2.52505010e-02 -3.38123812e-05 2.53500557e-05
-2.50901804e-02 -3.38083753e-05 2.46448626e-05
-2.49298597e-02 -3.38044790e-05 2.39831654e-05
-2.47695391e-02 -3.38006854e-05 2.33620855e-05
-2.46092184e-02 -3.37969881e-05 2.27790239e-05
-2.44488978e-02 -3.37933815e-05 2.22316346e-05
-2.42885772e-02 -3.37898598e-05 2.17178005e-05
-2.41282565e-02 -3.37864178e-05 2.12356129e-05
-2.39679359e-02 -3.37830507e-05 2.07833535e-05
-2.38076152e-02 -3.37797538e-05 2.03594787e-05
-2.36472946e-02 -3.37765227e-05 1.99626070e-05
-2.34869739e-02 -3.37733530e-05 1.95915067e-05
-2.33266533e-02 -3.37702408e-05 1.92450868e-05
-2.31663327e-02 -3.37671822e-05 1.89223892e-05
-2.30060120e-02 -3.37641735e-05 1.86225817e-05
-2.28456914e-02 -3.37612111e-05 1.83449534e-05
-2.26853707e-02 -3.37582914e-05 1.80889112e-05
-2.25250501e-02 -3.37554110e-05 1.78539771e-05
-2.23647295e-02 -3.37525666e-05 1.76397879e-05
-2.22044088e-02 -3.37497550e-05 1.74460956e-05
-2.20440882e-02 -3.37469727e-05 1.72727695e-05
-2.18837675e-02 -3.37442166e-05 1.71198003e-05
-2.17234469e-02 -3.37414834e-05 1.69873053e-05
-2.15631263e-02 -3.37387698e-05 1.68755363e-05
-2.14028056e-02 -3.37360724e-05 1.67848897e-05
-2.12424850e-02 -3.37333878e-05 1.67159185e-05
-2.10821643e-02 -3.37307126e-05 1.66693484e-05
-2.09218437e-02 -3.37280430e-05 1.66460972e-05
-2.07615230e-02 -3.37253752e-05 1.66472981e-05
-2.06012024e-02 -3.37227051e-05 1.66743292e-05
-2.04408818e-02 -3.37200287e-05 1.67288483e-05
-2.02805611e-02 -3.37173412e-05 1.68128369e-05
-2.01202405e-02 -3.37146378e-05 1.69286526e-05
-1.99599198e-02 -3.37119132e-05 1.70790945e-05
-1.97995992e-02 -3.37091615e-05 1.72674839e-05
-1.96392786e-02 -3.37063765e-05 1.74977632e-05
-1.94789579e-02 -3.37035510e-05 1.77746206e-05
-1.93186373e-02 -3.37006772e-05 1.81036457e-05
-1.91583166e-02 -3.36977462e-05 1.84915258e-05
-1.89979960e-02 -3.36947481e-05 1.89462962e-05
-1.88376754e-02 -3.36916713e-05 1.94776605e-05
-1.86773547e-02 -3.36885027e-05 2.00974060e-05
-1.85170341e-02 -3.36852272e-05 2.08199458e-05
-1.83567134e-02 -3.36818270e-05 2.16630344e-05
-1.81963928e-02 -3.36782812e-05 2.26487246e-05
-1.80360721e-02 -3.36745649e-05 2.38046614e-05
-1.78757515e-02 -3.36706484e-05 2.51658559e-05
-1.77154309e-02 -3.36664957e-05 2.67771563e-05
-1.75551102e-02 -3.36620625e-05 2.86967457e-05
-1.73947896e-02 -3.36572943e-05 3.10011868e-05
-1.72344689e-02 -3.36521223e-05 3.37928492e-05
-1.70741483e-02 -3.36464589e-05 3.72111020e-05
-1.69138277e-02 -3.36401909e-05 4.14496261e-05
-1.67535070e-02 -3.36331685e-05 4.67840104e-05
-1.65931864e-02 -3.36251900e-05 5.36172777e-05
-1.64328657e-02 -3.36159766e-05 6.25580790e-05
-1.62725451e-02 -3.36051313e-05 7.45615410e-05
-1.61122244e-02 -3.35920690e-05 9.11979414e-05
-1.59519038e-02 -3.35758895e-05 1.15202718e-04
-1.57915832e-02 -3.35551303e-05 1.51707911e-04
-1.56312625e-02 -3.35272456e-05 2.11345757e-04
-1.54709419e-02 -3.34873641e-05 3.19489664e-04
-1.53106212e-02 -3.34248041e-05 5.52242348e-04
-1.51503006e-02 -3.33102924e-05 1.30597950e-03
-1.49899800e-02 -3.30060531e-05 1.25986284e-02
-1.48296593e-02 -2.92706520e-05 9.10098414e-02
-1.46693387e-02 -3.82454084e-06 8.89994154e-02
-1.45090180e-02 -7.33765360e-07 1.05163690e-02
-1.43486974e-02 -4.52558809e-07 1.21819518e-03
-1.41883768e-02 -3.43161696e-07 5.29121896e-04
-1.40280561e-02 -2.82900485e-07 3.08087653e-04
-1.38677355e-02 -2.44376076e-07 2.04167596e-04
-1.37074148e-02 -2.17435925e-07 1.46469969e-04
-1.35470942e-02 -1.97411757e-07 1.10980478e-04
-1.33867735e-02 -1.81851003e-07 8.75484528e-05
-1.32264529e-02 -1.69340109e-07 7.12462990e-05
-1.30661323e-02 -1.59006498e-07 5.94369525e-05
-1.29058116e-02 -1.50282168e-07 5.06020868e-05
-1.27454910e-02 -1.42781380e-07 4.38160625e-05
-1.25851703e-02 -1.36232930e-07 3.84879567e-05
-1.24248497e-02 -1.30440552e-07 3.42259136e-05
-1.22645291e-02 -1.25258689e-07 3.07616540e-05
-1.21042084e-02 -1.20577096e-07 2.79064338e-05
-1.19438878e-02 -1.16310734e-07 2.55243057e-05
-1.17835671e-02 -1.12392950e-07 2.35153204e-05
-1.16232465e-02 -1.08770752e-07 2.18046547e-05
-1.14629259e-02 -1.05401477e-07 2.03353887e-05
-1.13026052e-02 -1.02250387e-07 1.90635970e-05
-1.11422846e-02 -9.92889012e-08 1.79549412e-05
-1.09819639e-02 -9.64932913e-08 1.69822630e-05
-1.08216433e-02 -9.38436866e-08 1.61238534e-05
-1.06613226e-02 -9.13233183e-08 1.53621901e-05
-1.05010020e-02 -8.89179342e-08 1.46830046e-05
-1.03406814e-02 -8.66153409e-08 1.40745817e-05
-1.01803607e-02 -8.44050423e-08 1.35272303e-05
-1.00200401e-02 -8.22779524e-08 1.30328774e-05
-9.85971944e-03 -8.02261638e-08 1.25847536e-05
-9.69939880e-03 -7.82427609e-08 1.21771487e-05
-9.53907816e-03 -7.63216672e-08 1.18052184e-05
-9.37875752e-03 -7.44575205e-08 1.14648309e-05
-9.21843687e-03 -7.26455691e-08 1.11524453e-05
-9.05811623e-03 -7.08815861e-08 1.08650122e-05
-8.89779559e-03 -6.91617977e-08 1.05998942e-05
-8.73747495e-03 -6.74828225e-08 1.03548008e-05
-8.57715431e-03 -6.58416211e-08 1.01277351e-05
-8.41683367e-03 -6.42354525e-08 9.91694933e-06
-8.25651303e-03 -6.26618377e-08 9.72090869e-06
-8.09619238e-03 -6.11185279e-08 9.53826085e-06
-7.93587174e-03 -5.96034775e-08 9.36781048e-06
-7.77555110e-03 -5.81148211e-08 9.20849788e-06
-7.61523046e-03 -5.66508529e-08 9.05938086e-06
-7.45490982e-03 -5.52100096e-08 8.91961947e-06
-7.29458918e-03 -5.37908547e-08 8.78846297e-06
-7.13426854e-03 -5.23920656e-08 8.66523872e-06
-6.97394790e-03 -5.10124215e-08 8.54934258e-06
-6.81362725e-03 -4.96507934e-08 8.44023081e-06
-6.65330661e-03 -4.83061350e-08 8.33741293e-06
-6.49298597e-03 -4.69774746e-08 8.24044563e-06
-6.33266533e-03 -4.56639080e-08 8.14892746e-06
-6.17234469e-03 -4.43645921e-08 8.06249423e-06
-6.01202405e-03 -4.30787395e-08 7.98081494e-06
-5.85170341e-03 -4.18056133e-08 7.90358831e-06
-5.69138277e-03 -4.05445228e-08 7.83053964e-06
-5.53106212e-03 -3.92948191e-08 7.76141813e-06
-5.37074148e-03 -3.80558917e-08 7.69599447e-06
-5.21042084e-03 -3.68271655e-08 7.63405873e-06
-5.05010020e-03 -3.56080973e-08 7.57541851e-06
-4.88977956e-03 -3.43981736e-08 7.51989725e-06
-4.72945892e-03 -3.31969078e-08 7.46733278e-06
-4.56913828e-03 -3.20038384e-08 7.41757603e-06
-4.40881764e-03 -3.08185267e-08 7.37048982e-06
-4.24849699e-03 -2.96405551e-08 7.32594787e-06
-4.08817635e-03 -2.84695254e-08 7.28383381e-06
-3.92785571e-03 -2.73050573e-08 7.24404040e-06
-3.76753507e-03 -2.61467870e-08 7.20646876e-06
-3.60721443e-03 -2.49943659e-08 7.17102772e-06
-3.44689379e-03 -2.38474595e-08 7.13763317e-06
-3.28657315e-03 -2.27057461e-08 7.10620757e-06
-3.12625251e-03 -2.15689160e-08 7.07667945e-06
-2.96593186e-03 -2.04366705e-08 7.04898297e-06
-2.80561122e-03 -1.93087211e-08 7.02305749e-06
-2.64529058e-03 -1.81847883e-08 6.99884729e-06
-2.48496994e-03 -1.70646017e-08 6.97630118e-06
-2.32464930e-03 -1.59478982e-08 6.95537224e-06
-2.16432866e-03 -1.48344222e-08 6.93601757e-06
-2.00400802e-03 -1.37239246e-08 6.91819805e-06
-1.84368737e-03 -1.26161623e-08 6.90187811e-06
-1.68336673e-03 -1.15108976e-08 6.88702559e-06
-1.52304609e-03 -1.04078976e-08 6.87361152e-06
-1.36272545e-03 -9.30693396e-09 6.86161000e-06
-1.20240481e-03 -8.20778216e-09 6.85099809e-06
-1.04208417e-03 -7.11022114e-09 6.84175566e-06
-8.81763527e-04 -6.01403285e-09 6.83386529e-06
-7.21442886e-04 -4.91900181e-09 6.82731222e-06
-5.61122244e-04 -3.82491470e-09 6.82208426e-06
-4.00801603e-04 -2.73155996e-09 6.81817170e-06
-2.40480962e-04 -1.63872738e-09 6.81556733e-06
-8.01603206e-05 -5.46207714e-10 6.81426634e-06
8.01603206e-05 5.46207715e-10 6.81426634e-06
2.40480962e-04 1.63872738e-09 6.81556733e-06
4.00801603e-04 2.73155996e-09 6.81817170e-06
5.61122244e-04 3.82491470e-09 6.82208426e-06
7.21442886e-04 4.91900181e-09 6.82731222e-06
8.81763527e-04 6.01403285e-09 6.83386529e-06
1.04208417e-03 7.11022114e-09 6.84175566e-06
1.20240481e-03 8.20778216e-09 6.85099809e-06
1.36272545e-03 9.30693396e-09 6.86161000e-06
1.52304609e-03 1.04078976e-08 6.87361152e-06
1.68336673e-03 1.15108976e-08 6.88702559e-06
1.84368737e-03 1.26161623e-08 6.90187811e-06
2.00400802e-03 1.37239246e-08 6.91819805e-06
2.16432866e-03 1.48344222e-08 6.93601757e-06
2.32464930e-03 1.59478982e-08 6.95537224e-06
2.48496994e-03 1.70646017e-08 6.97630118e-06
2.64529058e-03 1.81847883e-08 6.99884729e-06
2.80561122e-03 1.93087211e-08 7.02305749e-06
2.96593186e-03 2.04366705e-08 7.04898297e-06
3.12625251e-03 2.15689160e-08 7.07667945e-06
3.28657315e-03 2.27057461e-08 7.10620757e-06
3.44689379e-03 2.38474595e-08 7.13763317e-06
3.60721443e-03 2.49943659e-08 7.17102772e-06
3.76753507e-03 2.61467870e-08 7.20646876e-06
3.92785571e-03 2.73050573e-08 7.24404040e-06
4.08817635e-03 2.84695254e-08 7.28383381e-06
4.24849699e-03 2.96405551e-08 7.32594787e-06
4.40881764e-03 3.08185267e-08 7.37048982e-06
4.56913828e-03 3.20038384e-08 7.41757603e-06
4.72945892e-03 3.31969078e-08 7.46733278e-06
4.88977956e-03 3.43981736e-08 7.51989725e-06
5.05010020e-03 3.56080973e-08 7.57541851e-06
5.21042084e-03 3.68271655e-08 7.63405873e-06
5.37074148e-03 3.80558917e-08 7.69599447e-06
5.53106212e-03 3.92948191e-08 7.76141813e-06
5.69138277e-03 4.05445228e-08 7.83053964e-06
5.85170341e-03 4.18056133e-08 7.90358831e-06
6.01202405e-03 4.30787395e-08 7.98081494e-06
6.17234469e-03 4.43645921e-08 8.06249423e-06
6.33266533e-03 4.56639080e-08 8.14892746e-06
6.49298597e-03 4.69774746e-08 8.24044562e-06
6.65330661e-03 4.83061350e-08 8.33741293e-06
6.81362725e-03 4.96507934e-08 8.44023081e-06
6.97394790e-03 5.10124215e-08 8.54934258e-06
7.13426854e-03 5.23920656e-08 8.66523872e-06
7.29458918e-03 5.37908547e-08 8.78846297e-06
7.45490982e-03 5.52100096e-08 8.91961947e-06
7.61523046e-03 5.66508529e-08 9.05938086e-06
7.77555110e-03 5.81148211e-08 9.20849788e-06
7.93587174e-03 5.96034775e-08 9.36781048e-06
8.09619238e-03 6.11185279e-08 9.53826084e-06
8.25651303e-03 6.26618377e-08 9.72090869e-06
8.41683367e-03 6.42354525e-08 9.91694933e-06
8.57715431e-03 6.58416211e-08 1.01277351e-05
8.73747495e-03 6.74828225e-08 1.03548008e-05
8.89779559e-03 6.91617977e-08 1.05998942e-05
9.05811623e-03 7.08815861e-08 1.08650122e-05
9.21843687e-03 7.26455691e-08 1.11524453e-05
9.37875752e-03 7.44575205e-08 1.14648309e-05
9.53907816e-03 7.63216672e-08 1.18052184e-05
9.69939880e-03 7.82427609e-08 1.21771487e-05
9.85971944e-03 8.02261638e-08 1.25847536e-05
1.00200401e-02 8.22779524e-08 1.30328774e-05
1.01803607e-02 8.44050423e-08 1.35272303e-05
1.03406814e-02 8.66153409e-08 1.40745817e-05
1.05010020e-02 8.89179342e-08 1.46830046e-05
1.06613226e-02 9.13233183e-08 1.53621901e-05
1.08216433e-02 9.38436866e-08 1.61238534e-05
1.09819639e-02 9.64932913e-08 1.69822630e-05
1.11422846e-02 9.92889012e-08 1.79549412e-05
1.13026052e-02 1.02250387e-07 1.90635970e-05
1.14629259e-02 1.05401477e-07 2.03353887e-05
1.16232465e-02 1.08770752e-07 2.18046547e-05
1.17835671e-02 1.12392950e-07 2.35153204e-05
1.19438878e-02 1.16310734e-07 2.55243057e-05
1.21042084e-02 1.20577096e-07 2.79064338e-05
1.22645291e-02 1.25258689e-07 3.07616540e-05
1.24248497e-02 1.30440552e-07 3.42259136e-05
1.25851703e-02 1.36232930e-07 3.84879567e-05
1.27454910e-02 1.42781380e-07 4.38160625e-05
1.29058116e-02 1.50282168e-07 5.06020868e-05
1.30661323e-02 1.59006498e-07 5.94369525e-05
1.32264529e-02 1.69340109e-07 7.12462990e-05
1.33867735e-02 1.81851003e-07 8.75484528e-05
1.35470942e-02 1.97411757e-07 1.10980478e-04
1.37074148e-02 2.17435925e-07 1.46469969e-04
1.38677355e-02 2.44376076e-07 2.04167596e-04
1.40280561e-02 2.82900485e-07 3.08087653e-04
1.41883768e-02 3.43161696e-07 5.29121896e-04
1.43486974e-02 4.52558809e-07 1.21819518e-03
1.45090180e-02 7.33765360e-07 1.05163690e-02
1.46693387e-02 3.82454084e-06 8.89994153e-02
1.48296593e-02 2.92706520e-05 9.10098414e-02
1.49899800e-02 3.30060531e-05 1.25986284e-02
1.51503006e-02 3.33102924e-05 1.30597950e-03
1.53106212e-02 3.34248041e-05 5.52242348e-04
1.54709419e-02 3.34873641e-05 3.19489664e-04
1.56312625e-02 3.35272456e-05 2.11345757e-04
1.57915832e-02 3.35551303e-05 1.51707911e-04
1.59519038e-02 3.35758895e-05 1.15202718e-04
1.61122244e-02 3.35920690e-05 9.11979414e-05
1.62725451e-02 3.36051313e-05 7.45615410e-05
1.64328657e-02 3.36159766e-05 6.25580790e-05
1.65931864e-02 3.36251900e-05 5.36172777e-05
1.67535070e-02 3.36331685e-05 4.67840104e-05
1.69138277e-02 3.36401909e-05 4.14496261e-05
1.70741483e-02 3.36464589e-05 3.72111020e-05
1.72344689e-02 3.36521223e-05 3.37928492e-05
1.73947896e-02 3.36572943e-05 3.10011868e-05
1.75551102e-02 3.36620625e-05 2.86967457e-05
1.77154309e-02 3.36664957e-05 2.67771563e-05
1.78757515e-02 3.36706484e-05 2.51658559e-05
1.80360721e-02 3.36745649e-05 2.38046614e-05
1.81963928e-02 3.36782812e-05 2.26487246e-05
1.83567134e-02 3.36818270e-05 2.16630344e-05
1.85170341e-02 3.36852272e-05 2.08199458e-05
1.86773547e-02 3.36885027e-05 2.00974060e-05
1.88376754e-02 3.36916713e-05 1.94776605e-05
1.89979960e-02 3.36947481e-05 1.89462962e-05
1.91583166e-02 3.36977462e-05 1.84915258e-05
1.93186373e-02 3.37006772e-05 1.81036457e-05
1.94789579e-02 3.37035510e-05 1.77746206e-05
1.96392786e-02 3.37063765e-05 1.74977632e-05
1.97995992e-02 3.37091615e-05 1.72674839e-05
1.99599198e-02 3.37119132e-05 1.70790945e-05
2.01202405e-02 3.37146378e-05 1.69286526e-05
2.02805611e-02 3.37173412e-05 1.68128369e-05
2.04408818e-02 3.37200287e-05 1.67288483e-05
2.06012024e-02 3.37227051e-05 1.66743292e-05
2.07615230e-02 3.37253752e-05 1.66472981e-05
2.09218437e-02 3.37280430e-05 1.66460972e-05
2.10821643e-02 3.37307126e-05 1.66693484e-05
2.12424850e-02 3.37333878e-05 1.67159185e-05
2.14028056e-02 3.37360724e-05 1.67848897e-05
2.15631263e-02 3.37387698e-05 1.68755363e-05
2.17234469e-02 3.37414834e-05 1.69873053e-05
2.18837675e-02 3.37442166e-05 1.71198003e-05
2.20440882e-02 3.37469727e-05 1.72727695e-05
2.22044088e-02 3.37497550e-05 1.74460956e-05
2.23647295e-02 3.37525666e-05 1.76397879e-05
2.25250501e-02 3.37554110e-05 1.78539771e-05
2.26853707e-02 3.37582914e-05 1.80889112e-05
2.28456914e-02 3.37612111e-05 1.83449534e-05
2.30060120e-02 3.37641735e-05 1.86225817e-05
2.31663327e-02 3.37671822e-05 1.89223892e-05
2.33266533e-02 3.37702408e-05 1.92450868e-05
2.34869739e-02 3.37733530e-05 1.95915067e-05
2.36472946e-02 3.37765227e-05 1.99626070e-05
2.38076152e-02 3.37797538e-05 2.03594787e-05
2.39679359e-02 3.37830507e-05 2.07833535e-05
2.41282565e-02 3.37864178e-05 2.12356129e-05
2.42885772e-02 3.37898598e-05 2.17178005e-05
2.44488978e-02 3.37933815e-05 2.22316346e-05
2.46092184e-02 3.37969881e-05 2.27790239e-05
2.47695391e-02 3.38006854e-05 2.33620855e-05
2.49298597e-02 3.38044790e-05 2.39831654e-05
2.50901804e-02 3.38083753e-05 2.46448626e-05
2.52505010e-02 3.38123812e-05 2.53500557e-05
2.54108216e-02 3.38165036e-05 2.61019352e-05
2.55711423e-02 3.38207505e-05 2.69040389e-05
2.57314629e-02 3.38251302e-05 2.77602940e-05
2.58917836e-02 3.38296516e-05 2.86750650e-05
2.60521042e-02 3.38343246e-05 2.96532093e-05
2.62124248e-02 3.38391596e-05 3.07001415e-05
2.63727455e-02 3.38441683e-05 3.18219083e-05
2.65330661e-02 3.38493631e-05 3.30252756e-05
2.66933868e-02 3.38547576e-05 3.43178302e-05
2.68537074e-02 3.38603668e-05 3.57080996e-05
2.70140281e-02 3.38662071e-05 3.72056918e-05
2.71743487e-02 3.38722965e-05 3.88214616e-05
2.73346693e-02 3.38786548e-05 4.05677066e-05
2.74949900e-02 3.38853041e-05 4.24584018e-05
2.76553106e-02 3.38922687e-05 4.45094782e-05
2.78156313e-02 3.38995757e-05 4.67391595e-05
2.79759519e-02 3.39072553e-05 4.91683666e-05
2.81362725e-02 3.39153411e-05 5.18212094e-05
2.82965932e-02 3.39238713e-05 5.47255860e-05
2.84569138e-02 3.39328884e-05 5.79139185e-05
2.86172345e-02 3.39424409e-05 6.14240602e-05
2.87775551e-02 3.39525835e-05 6.53004239e-05
2.89378758e-02 3.39633789e-05 6.95953930e-05
2.90981964e-02 3.39748987e-05 7.43711003e-05
2.92585170e-02 3.39872253e-05 7.97016883e-05
2.94188377e-02 3.40004543e-05 8.56762058e-05
2.95791583e-02 3.40146966e-05 9.24023549e-05
2.97394790e-02 3.40300823e-05 1.00011384e-04
2.98997996e-02 3.40467644e-05 1.08664552e-04
3.00601202e-02 3.40649247e-05 1.18561754e-04
3.02204409e-02 3.40847802e-05 1.29953204e-04
3.03807615e-02 3.41065930e-05 1.43155444e-04
3.05410822e-02 3.41306818e-05 1.58573646e-04
3.07014028e-02 3.41574383e-05 1.76733184e-04
3.08617234e-02 3.41873497e-05 1.98325185e-04
3.10220441e-02 3.42210295e-05 2.24273594e-04
3.11823647e-02 3.42592611e-05 2.55836252e-04
3.13426854e-02 3.43030612e-05 2.94761265e-04
3.15030060e-02 3.43537737e-05 3.43536269e-04
3.16633267e-02 3.44132131e-05 4.05799670e-04
3.18236473e-02 3.44838898e-05 4.87046948e-04
3.19839679e-02 3.45693804e-05 5.95902700e-04
3.21442886e-02 3.46749609e-05 7.46546372e-04
3.23046092e-02 3.48087540e-05 9.63675152e-04
3.24649299e-02 3.49839549e-05 1.29360414e-03
3.26252505e-02 3.52235369e-05 1.83218946e-03
3.27855711e-02 3.55714305e-05 2.80765209e-03
3.29458918e-02 3.61237861e-05 4.89873851e-03
3.31062124e-02 3.71421683e-05 1.12765163e-02
3.32665331e-02 3.97395027e-05 5.88424495e-02
3.34268537e-02 5.60094867e-05 2.42498708e-01
3.35871743e-02 1.17494600e-04 2.35400810e-01
3.37474950e-02 1.31488704e-04 5.11327840e-02
3.39078156e-02 1.33889881e-04 1.05256772e-02
3.40681363e-02 1.34863671e-04 4.70682967e-03
3.42284569e-02 1.35399085e-04 2.72986359e-03
3.43887776e-02 1.35738978e-04 1.79397849e-03
3.45490982e-02 1.35974308e-04 1.27280085e-03
3.47094188e-02 1.36147090e-04 9.51683292e-04
3.48697395e-02 1.36279457e-04 7.39457039e-04
3.50300601e-02 1.36384191e-04 5.91733859e-04
3.51903808e-02 1.36469192e-04 4.84710135e-04
3.53507014e-02 1.36539609e-04 4.04659515e-04
3.55110220e-02 1.36598942e-04 3.43203593e-04
3.56713427e-02 1.36649654e-04 2.94988243e-04
3.58316633e-02 1.36693528e-04 2.56459966e-04
3.59919840e-02 1.36731886e-04 2.25184078e-04
3.61523046e-02 1.36765731e-04 1.99446560e-04
3.63126253e-02 1.36795837e-04 1.78012113e-04
3.64729459e-02 1.36822809e-04 1.59972053e-04
3.66332665e-02 1.36847130e-04 1.44645796e-04
3.67935872e-02 1.36869188e-04 1.31515378e-04
3.69539078e-02 1.36889299e-04 1.20180920e-04
3.71142285e-02 1.36907723e-04 1.10329709e-04
3.72745491e-02 1.36924676e-04 1.01714336e-04
3.74348697e-02 1.36940337e-04 9.41369790e-05
3.75951904e-02 1.36954860e-04 8.74379296e-05
3.77555110e-02 1.36968373e-04 8.14871035e-05
3.79158317e-02 1.36980988e-04 7.61776801e-05
3.80761523e-02 1.36992799e-04 7.14212807e-05
3.82364729e-02 1.37003889e-04 6.71442743e-05
3.83967936e-02 1.37014328e-04 6.32849188e-05
3.85571142e-02 1.37024180e-04 5.97911295e-05
3.87174349e-02 1.37033500e-04 5.66187212e-05
3.88777555e-02 1.37042335e-04 5.37300127e-05
3.90380762e-02 1.37050728e-04 5.10927113e-05
3.91983968e-02 1.37058717e-04 4.86790138e-05
3.93587174e-02 1.37066336e-04 4.64648785e-05
3.95190381e-02 1.37073616e-04 4.44294306e-05
3.96793587e-02 1.37080582e-04 4.25544753e-05
3.98396794e-02 1.37087260e-04 4.08240955e-05
4.00000000e-02 1.37093672e-04 3.99931909e-05
