-1.50000000e-02 -2.83464589e-06 2.08920247e-07
-1.47986577e-02 -2.83460382e-06 2.12923515e-07
-1.45973154e-02 -2.83456015e-06 2.21195879e-07
-1.43959732e-02 -2.83451475e-06 2.30024536e-07
-1.41946309e-02 -2.83446752e-06 2.39461723e-07
-1.39932886e-02 -2.83441832e-06 2.49566031e-07
-1.37919463e-02 -2.83436702e-06 2.60403368e-07
-1.35906040e-02 -2.83431346e-06 2.72048087e-07
-1.33892617e-02 -2.83425747e-06 2.84584321e-07
-1.31879195e-02 -2.83419887e-06 2.98107582e-07
-1.29865772e-02 -2.83413743e-06 3.12726667e-07
-1.27852349e-02 -2.83407294e-06 3.28565943e-07
-1.25838926e-02 -2.83400512e-06 3.45768116e-07
-1.23825503e-02 -2.83393370e-06 3.64497588e-07
-1.21812081e-02 -2.83385834e-06 3.84944549e-07
-1.19798658e-02 -2.83377869e-06 4.07330012e-07
-1.17785235e-02 -2.83369432e-06 4.31912024e-07
-1.15771812e-02 -2.83360476e-06 4.58993396e-07
-1.13758389e-02 -2.83350949e-06 4.88931385e-07
-1.11744966e-02 -2.83340788e-06 5.22149913e-07
-1.09731544e-02 -2.83329923e-06 5.59155108e-07
-1.07718121e-02 -2.83318272e-06 6.00555266e-07
-1.05704698e-02 -2.83305739e-06 6.47086683e-07
-1.03691275e-02 -2.83292214e-06 6.99647483e-07
-1.01677852e-02 -2.83277566e-06 7.59342344e-07
-9.96644295e-03 -2.83261637e-06 8.27542366e-07
-9.76510067e-03 -2.83244242e-06 9.05966245e-07
-9.56375839e-03 -2.83225155e-06 9.96791858e-07
-9.36241611e-03 -2.83204102e-06 1.10281207e-06
-9.16107383e-03 -2.83180746e-06 1.22765597e-06
-8.95973154e-03 -2.83154667e-06 1.37610910e-06
-8.75838926e-03 -2.83125333e-06 1.55458657e-06
-8.55704698e-03 -2.83092066e-06 1.77184910e-06
-8.35570470e-03 -2.83053983e-06 2.04011582e-06
-8.15436242e-03 -2.83009914e-06 2.37684731e-06
-7.95302013e-03 -2.82958271e-06 2.80770519e-06
-7.75167785e-03 -2.82896852e-06 3.37167075e-06
-7.55033557e-03 -2.82822499e-06 4.13034021e-06
-7.34899329e-03 -2.82730529e-06 5.18582732e-06
-7.14765101e-03 -2.82613674e-06 6.71784106e-06
-6.94630872e-03 -2.82460012e-06 9.06790284e-06
-6.74496644e-03 -2.82248523e-06 1.29555211e-05
-6.54362416e-03 -2.81938313e-06 2.01374375e-05
-6.34228188e-03 -2.81437620e-06 3.60443209e-05
-6.14093960e-03 -2.80486864e-06 8.90918159e-05
-5.93959732e-03 -2.77850030e-06 1.24151435e-03
-5.73825503e-03 -2.30492998e-06 6.55938052e-03
-5.53691275e-03 -1.37139015e-07 5.62244611e-03
-5.33557047e-03 -4.08577153e-08 2.78887023e-04
-5.13422819e-03 -2.48355158e-08 5.75074943e-05
-4.93288591e-03 -1.77003351e-08 2.78398256e-05
-4.73154362e-03 -1.36248477e-08 1.66948298e-05
-4.53020134e-03 -1.09775848e-08 1.12031503e-05
-4.32885906e-03 -9.11351206e-09 8.07623808e-06
-4.12751678e-03 -7.72540841e-09 6.12247747e-06
-3.92617450e-03 -6.64808490e-09 4.81936527e-06
-3.72483221e-03 -5.78472441e-09 3.90703459e-06
-3.52348993e-03 -5.07478237e-09 3.24397205e-06
-3.32214765e-03 -4.47842694e-09 2.74762162e-06
-3.12080537e-03 -3.96835756e-09 2.36713754e-06
-2.91946309e-03 -3.52521719e-09 2.06979981e-06
-2.71812081e-03 -3.13488113e-09 1.83377684e-06
-2.51677852e-03 -2.78678356e-09 1.64405458e-06
-2.31543624e-03 -2.47284573e-09 1.49004075e-06
-2.11409396e-03 -2.18676715e-09 1.36409972e-06
-1.91275168e-03 -1.92354382e-09 1.26062668e-06
-1.71140940e-03 -1.67913225e-09 1.17544575e-06
-1.51006711e-03 -1.45020997e-09 1.10540908e-06
-1.30872483e-03 -1.23400107e-09 1.04812427e-06
-1.10738255e-03 -1.02814650e-09 1.00176568e-06
-9.06040268e-04 -8.30605498e-10 9.64942231e-07
-7.04697987e-04 -6.39579158e-10 9.36603992e-07
-5.03355705e-04 -4.53449528e-10 9.15976117e-07
-3.02013423e-04 -2.70729715e-10 9.02512717e-07
-1.00671141e-04 -9.00215880e-11 8.95865736e-07
1.00671141e-04 9.00215880e-11 8.95865736e-07
3.02013423e-04 2.70729715e-10 9.02512717e-07
5.03355705e-04 4.53449528e-10 9.15976117e-07
7.04697987e-04 6.39579159e-10 9.36603992e-07
9.06040268e-04 8.30605498e-10 9.64942231e-07
1.10738255e-03 1.02814650e-09 1.00176568e-06
1.30872483e-03 1.23400107e-09 1.04812427e-06
1.51006711e-03 1.45020997e-09 1.10540908e-06
1.71140940e-03 1.67913225e-09 1.17544575e-06
1.91275168e-03 1.92354382e-09 1.26062668e-06
2.11409396e-03 2.18676715e-09 1.36409972e-06
2.31543624e-03 2.47284573e-09 1.49004075e-06
2.51677852e-03 2.78678356e-09 1.64405458e-06
2.71812081e-03 3.13488113e-09 1.83377684e-06
2.91946309e-03 3.52521719e-09 2.06979981e-06
3.12080537e-03 3.96835756e-09 2.36713754e-06
3.32214765e-03 4.47842694e-09 2.74762162e-06
3.52348993e-03 5.07478237e-09 3.24397205e-06
3.72483221e-03 5.78472441e-09 3.90703459e-06
3.92617450e-03 6.64808490e-09 4.81936527e-06
4.12751678e-03 7.72540841e-09 6.12247747e-06
4.32885906e-03 9.11351206e-09 8.07623808e-06
4.53020134e-03 1.09775848e-08 1.12031503e-05
4.73154362e-03 1.36248477e-08 1.66948298e-05
4.93288591e-03 1.77003351e-08 2.78398256e-05
5.13422819e-03 2.48355158e-08 5.75074943e-05
5.33557047e-03 4.08577153e-08 2.78887023e-04
5.53691275e-03 1.37139015e-07 5.62244611e-03
5.73825503e-03 2.30492998e-06 6.55938052e-03
5.93959732e-03 2.77850030e-06 1.24151435e-03
6.14093960e-03 2.80486864e-06 8.90918159e-05
6.34228188e-03 2.81437620e-06 3.60443209e-05
6.54362416e-03 2.81938313e-06 2.01374375e-05
6.74496644e-03 2.82248523e-06 1.29555211e-05
6.94630872e-03 2.82460012e-06 9.06790284e-06
7.14765101e-03 2.82613674e-06 6.71784106e-06
7.34899329e-03 2.82730529e-06 5.18582732e-06
7.55033557e-03 2.82822499e-06 4.13034021e-06
7.75167785e-03 2.82896852e-06 3.37167075e-06
7.95302013e-03 2.82958271e-06 2.80770519e-06
8.15436242e-03 2.83009914e-06 2.37684731e-06
8.35570470e-03 2.83053983e-06 2.04011582e-06
8.55704698e-03 2.83092066e-06 1.77184910e-06
8.75838926e-03 2.83125333e-06 1.55458656e-06
8.95973154e-03 2.83154667e-06 1.37610910e-06
9.16107383e-03 2.83180746e-06 1.22765597e-06
9.36241611e-03 2.83204102e-06 1.10281207e-06
9.56375839e-03 2.83225155e-06 9.96791858e-07
9.76510067e-03 2.83244242e-06 9.05966245e-07
9.96644295e-03 2.83261637e-06 8.27542366e-07
1.01677852e-02 2.83277566e-06 7.59342344e-07
1.03691275e-02 2.83292214e-06 6.99647484e-07
1.05704698e-02 2.83305739e-06 6.47086683e-07
1.07718121e-02 2.83318272e-06 6.00555266e-07
1.09731544e-02 2.83329923e-06 5.59155108e-07
1.11744966e-02 2.83340788e-06 5.22149913e-07
1.13758389e-02 2.83350949e-06 4.88931385e-07
1.15771812e-02 2.83360476e-06 4.58993396e-07
1.17785235e-02 2.83369432e-06 4.31912024e-07
1.19798658e-02 2.83377869e-06 4.07330012e-07
1.21812081e-02 2.83385834e-06 3.84944549e-07
1.23825503e-02 2.83393370e-06 3.64497588e-07
1.25838926e-02 2.83400512e-06 3.45768116e-07
1.27852349e-02 2.83407294e-06 3.28565943e-07
1.29865772e-02 2.83413743e-06 3.12726667e-07
1.31879195e-02 2.83419887e-06 2.98107582e-07
1.33892617e-02 2.83425747e-06 2.84584321e-07
1.35906040e-02 2.83431346e-06 2.72048087e-07
1.37919463e-02 2.83436702e-06 2.60403368e-07
1.39932886e-02 2.83441832e-06 2.49566031e-07
1.41946309e-02 2.83446752e-06 2.39461723e-07
1.43959732e-02 2.83451475e-06 2.30024536e-07
1.45973154e-02 2.83456015e-06 2.21195879e-07
1.47986577e-02 2.83460382e-06 2.12923515e-07
1.50000000e-02 2.83464589e-06 2.08920247e-07
