-1.00000000e-02 -1.17968567e-04 3.69545015e-04
-9.86577181e-03 -1.17918963e-04 3.89687945e-04
-9.73154362e-03 -1.17863953e-04 4.33550426e-04
-9.59731544e-03 -1.17802574e-04 4.85464067e-04
-9.46308725e-03 -1.17733627e-04 5.47525006e-04
-9.32885906e-03 -1.17655587e-04 6.22559096e-04
-9.19463087e-03 -1.17566497e-04 7.14449819e-04
-9.06040268e-03 -1.17463789e-04 8.28652322e-04
-8.92617450e-03 -1.17344040e-04 9.73025216e-04
-8.79194631e-03 -1.17202574e-04 1.15922704e-03
-8.65771812e-03 -1.17032838e-04 1.40516404e-03
-8.52348993e-03 -1.16825349e-04 1.73950722e-03
-8.38926174e-03 -1.16565856e-04 2.21056480e-03
-8.25503356e-03 -1.16231909e-04 2.90511842e-03
-8.12080537e-03 -1.15785958e-04 3.99262139e-03
-7.98657718e-03 -1.15160064e-04 5.84391940e-03
-7.85234899e-03 -1.14217121e-04 9.41966673e-03
-7.71812081e-03 -1.12631294e-04 1.80167369e-02
-7.58389262e-03 -1.09380413e-04 4.93170543e-02
-7.44966443e-03 -9.93918166e-05 1.81922370e-01
-7.31543624e-03 -6.05421929e-05 2.94332691e-01
-7.18120805e-03 -2.03763290e-05 1.88904955e-01
-7.04697987e-03 -9.82945331e-06 5.19173876e-02
-6.91275168e-03 -6.43877528e-06 1.87661281e-02
-6.77852349e-03 -4.79156658e-06 9.78609907e-03
-6.64429530e-03 -3.81163459e-06 6.07904264e-03
-6.51006711e-03 -3.15960882e-06 4.16527419e-03
-6.37583893e-03 -2.69344017e-06 3.04214068e-03
-6.24161074e-03 -2.34292676e-06 2.32483031e-03
-6.10738255e-03 -2.06932465e-06 1.83808400e-03
-5.97315436e-03 -1.84948139e-06 1.49232175e-03
-5.83892617e-03 -1.66870136e-06 1.23773510e-03
-5.70469799e-03 -1.51720351e-06 1.04478122e-03
-5.57046980e-03 -1.38822318e-06 8.95014278e-04
-5.43624161e-03 -1.27693122e-06 7.76424441e-04
-5.30201342e-03 -1.17978709e-06 6.80914751e-04
-5.16778523e-03 -1.09413532e-06 6.02862706e-04
-5.03355705e-03 -1.01794476e-06 5.38263881e-04
-4.89932886e-03 -9.49634947e-07 4.84202870e-04
-4.76510067e-03 -8.87957408e-07 4.38515824e-04
-4.63087248e-03 -8.31912578e-07 3.99569126e-04
-4.49664430e-03 -7.80690529e-07 3.66110628e-04
-4.36241611e-03 -7.33627846e-07 3.37167452e-04
-4.22818792e-03 -6.90175776e-07 3.11974406e-04
-4.09395973e-03 -6.49876328e-07 2.89922951e-04
-3.95973154e-03 -6.12344112e-07 2.70524234e-04
-3.82550336e-03 -5.77252372e-07 2.53381936e-04
-3.69127517e-03 -5.44322116e-07 2.38172046e-04
-3.55704698e-03 -5.13313568e-07 2.24627625e-04
-3.42281879e-03 -4.84019398e-07 2.12527194e-04
-3.28859060e-03 -4.56259288e-07 2.01685798e-04
-3.15436242e-03 -4.29875559e-07 1.91948052e-04
-3.02013423e-03 -4.04729609e-07 1.83182706e-04
-2.88590604e-03 -3.80698994e-07 1.75278328e-04
-2.75167785e-03 -3.57675025e-07 1.68139886e-04
-2.61744966e-03 -3.35560770e-07 1.61685990e-04
-2.48322148e-03 -3.14269390e-07 1.55846678e-04
-2.34899329e-03 -2.93722735e-07 1.50561608e-04
-2.21476510e-03 -2.73850166e-07 1.45778588e-04
-2.08053691e-03 -2.54587544e-07 1.41452367e-04
-1.94630872e-03 -2.35876376e-07 1.37543635e-04
-1.81208054e-03 -2.17663078e-07 1.34018199e-04
-1.67785235e-03 -1.99898336e-07 1.30846297e-04
-1.54362416e-03 -1.82536555e-07 1.28002021e-04
-1.40939597e-03 -1.65535377e-07 1.25462843e-04
-1.27516779e-03 -1.48855255e-07 1.23209211e-04
-1.14093960e-03 -1.32459079e-07 1.21224216e-04
-1.00671141e-03 -1.16311842e-07 1.19493307e-04
-8.72483221e-04 -1.00380339e-07 1.18004063e-04
-7.38255034e-04 -8.46328988e-08 1.16745989e-04
-6.04026846e-04 -6.90391340e-08 1.15710363e-04
-4.69798658e-04 -5.35697141e-08 1.14890103e-04
-3.35570470e-04 -3.81961534e-08 1.14279660e-04
-2.01342282e-04 -2.28906107e-08 1.13874943e-04
-6.71140940e-05 -7.62569896e-09 1.13673253e-04
6.71140940e-05 7.62569896e-09 1.13673253e-04
2.01342282e-04 2.28906107e-08 1.13874943e-04
3.35570470e-04 3.81961534e-08 1.14279660e-04
4.69798658e-04 5.35697141e-08 1.14890103e-04
6.04026846e-04 6.90391340e-08 1.15710363e-04
7.38255034e-04 8.46328988e-08 1.16745989e-04
8.72483221e-04 1.00380339e-07 1.18004063e-04
1.00671141e-03 1.16311842e-07 1.19493307e-04
1.14093960e-03 1.32459079e-07 1.21224216e-04
1.27516779e-03 1.48855255e-07 1.23209211e-04
1.40939597e-03 1.65535377e-07 1.25462843e-04
1.54362416e-03 1.82536555e-07 1.28002021e-04
1.67785235e-03 1.99898336e-07 1.30846297e-04
1.81208054e-03 2.17663078e-07 1.34018199e-04
1.94630872e-03 2.35876376e-07 1.37543635e-04
2.08053691e-03 2.54587544e-07 1.41452367e-04
2.21476510e-03 2.73850166e-07 1.45778588e-04
2.34899329e-03 2.93722735e-07 1.50561608e-04
2.48322148e-03 3.14269390e-07 1.55846678e-04
2.61744966e-03 3.35560770e-07 1.61685990e-04
2.75167785e-03 3.57675025e-07 1.68139886e-04
2.88590604e-03 3.80698994e-07 1.75278328e-04
3.02013423e-03 4.04729609e-07 1.83182706e-04
3.15436242e-03 4.29875559e-07 1.91948052e-04
3.28859060e-03 4.56259288e-07 2.01685798e-04
3.42281879e-03 4.84019398e-07 2.12527194e-04
3.55704698e-03 5.13313568e-07 2.24627625e-04
3.69127517e-03 5.44322116e-07 2.38172046e-04
3.82550336e-03 5.77252372e-07 2.53381936e-04
3.95973154e-03 6.12344112e-07 2.70524234e-04
4.09395973e-03 6.49876328e-07 2.89922951e-04
4.22818792e-03 6.90175776e-07 3.11974406e-04
4.36241611e-03 7.33627846e-07 3.37167452e-04
4.49664430e-03 7.80690529e-07 3.66110628e-04
4.63087248e-03 8.31912578e-07 3.99569126e-04
4.76510067e-03 8.87957408e-07 4.38515824e-04
4.89932886e-03 9.49634947e-07 4.84202870e-04
5.03355705e-03 1.01794476e-06 5.38263881e-04
5.16778523e-03 1.09413532e-06 6.02862706e-04
5.30201342e-03 1.17978709e-06 6.80914751e-04
5.43624161e-03 1.27693122e-06 7.76424441e-04
5.57046980e-03 1.38822318e-06 8.95014278e-04
5.70469799e-03 1.51720351e-06 1.04478122e-03
5.83892617e-03 1.66870136e-06 1.23773510e-03
5.97315436e-03 1.84948139e-06 1.49232175e-03
6.10738255e-03 2.06932465e-06 1.83808400e-03
6.24161074e-03 2.34292676e-06 2.32483031e-03
6.37583893e-03 2.69344017e-06 3.04214068e-03
6.51006711e-03 3.15960882e-06 4.16527419e-03
6.64429530e-03 3.81163459e-06 6.07904264e-03
6.77852349e-03 4.79156658e-06 9.78609907e-03
6.91275168e-03 6.43877528e-06 1.87661281e-02
7.04697987e-03 9.82945331e-06 5.19173876e-02
7.18120805e-03 2.03763290e-05 1.88904955e-01
7.31543624e-03 6.05421929e-05 2.94332691e-01
7.44966443e-03 9.93918166e-05 1.81922370e-01
7.58389262e-03 1.09380413e-04 4.93170543e-02
7.71812081e-03 1.12631294e-04 1.80167369e-02
7.85234899e-03 1.14217121e-04 9.41966673e-03
7.98657718e-03 1.15160064e-04 5.84391940e-03
8.12080537e-03 1.15785958e-04 3.99262139e-03
8.25503356e-03 1.16231909e-04 2.90511842e-03
8.38926174e-03 1.16565856e-04 2.21056480e-03
8.52348993e-03 1.16825349e-04 1.73950722e-03
8.65771812e-03 1.17032838e-04 1.40516404e-03
8.79194631e-03 1.17202574e-04 1.15922704e-03
8.92617450e-03 1.17344040e-04 9.73025216e-04
9.06040268e-03 1.17463789e-04 8.28652322e-04
9.19463087e-03 1.17566497e-04 7.14449819e-04
9.32885906e-03 1.17655587e-04 6.22559096e-04
9.46308725e-03 1.17733627e-04 5.47525006e-04
9.59731544e-03 1.17802574e-04 4.85464067e-04
9.73154362e-03 1.17863953e-04 4.33550426e-04
9.86577181e-03 1.17918963e-04 3.89687945e-04
1.00000000e-02 1.17968567e-04 3.69545015e-04
