-5.50000000e-02 -4.82487192e-05 2.25659881e-06
-5.42617450e-02 -4.82470533e-05 2.36317755e-06
-5.35234899e-02 -4.82452300e-05 2.61294090e-06
-5.27852349e-02 -4.82431953e-05 2.95157488e-06
-5.20469799e-02 -4.82408719e-05 3.42026565e-06
-5.13087248e-02 -4.82381452e-05 4.08839417e-06
-5.05704698e-02 -4.82348354e-05 5.08033839e-06
-4.98322148e-02 -4.82306440e-05 6.63789288e-06
-4.90939597e-02 -4.82250345e-05 9.28572835e-06
-4.83557047e-02 -4.82169336e-05 1.43582740e-05
-4.76174497e-02 -4.82038343e-05 2.62375283e-05
-4.68791946e-02 -4.81781936e-05 6.90376634e-05
-4.61409396e-02 -4.81018995e-05 8.57613308e-03
-4.54026846e-02 -3.55154468e-05 1.72078584e-02
-4.46644295e-02 -2.26943233e-05 8.73569194e-03
-4.39261745e-02 -2.26171097e-05 6.99874486e-05
-4.31879195e-02 -2.25909861e-05 2.68107576e-05
-4.24496644e-02 -2.25775233e-05 1.48192658e-05
-4.17114094e-02 -2.25691054e-05 9.70453779e-06
-4.09731544e-02 -2.25631945e-05 7.04782815e-06
-4.02348993e-02 -2.25586992e-05 5.50312691e-06
-3.94966443e-02 -2.25550690e-05 4.54196159e-06
-3.87583893e-02 -2.25519929e-05 3.92226381e-06
-3.80201342e-02 -2.25492778e-05 3.52167409e-06
-3.72818792e-02 -2.25467931e-05 3.27494263e-06
-3.65436242e-02 -2.25444423e-05 3.14754846e-06
-3.58053691e-02 -2.25421457e-05 3.12404112e-06
-3.50671141e-02 -2.25398296e-05 3.20349459e-06
-3.43288591e-02 -2.25374157e-05 3.39957791e-06
-3.35906040e-02 -2.25348101e-05 3.74557493e-06
-3.28523490e-02 -2.25318854e-05 4.30848600e-06
-3.21140940e-02 -2.25284486e-05 5.22936223e-06
-3.13758389e-02 -2.25241642e-05 6.91916256e-06
-3.06375839e-02 -2.25182324e-05 1.06256399e-04
-2.98993289e-02 -2.23672755e-05 1.19121112e-04
-2.91610738e-02 -2.23423488e-05 3.32449271e-05
-2.84228188e-02 -2.23181890e-05 6.53833240e-05
-2.76845638e-02 -2.22458097e-05 1.03172627e-02
-2.69463087e-02 -7.08464681e-06 1.40569548e-02
-2.62080537e-02 -1.49057449e-06 4.74016014e-03
-2.54697987e-02 -8.57526507e-08 9.70725055e-04
-2.47315436e-02 -5.72891725e-08 2.78246541e-05
-2.39932886e-02 -4.46692687e-08 1.36501465e-05
-2.32550336e-02 -3.71345938e-08 8.56782944e-06
-2.25167785e-02 -3.20187823e-08 6.01130193e-06
-2.17785235e-02 -2.82588459e-08 4.52391796e-06
-2.10402685e-02 -2.53391719e-08 3.57674165e-06
-2.03020134e-02 -2.29777509e-08 2.93416046e-06
-1.95637584e-02 -2.10068544e-08 2.47711253e-06
-1.88255034e-02 -1.93202693e-08 2.13984112e-06
-1.80872483e-02 -1.78473575e-08 1.88351195e-06
-1.73489933e-02 -1.65392449e-08 1.68394783e-06
-1.66107383e-02 -1.53609915e-08 1.52543853e-06
-1.58724832e-02 -1.42869196e-08 1.39740665e-06
-1.51342282e-02 -1.32977066e-08 1.29251402e-06
-1.43959732e-02 -1.23785096e-08 1.20553762e-06
-1.36577181e-02 -1.15177181e-08 1.13267654e-06
-1.29194631e-02 -1.07061013e-08 1.07111089e-06
-1.21812081e-02 -9.93621212e-09 1.01871288e-06
-1.14429530e-02 -9.20196150e-09 9.73852822e-07
-1.07046980e-02 -8.49830863e-09 9.35266130e-07
-9.96644295e-03 -7.82103164e-09 9.01960165e-07
-9.22818792e-03 -7.16655536e-09 8.73147963e-07
-8.48993289e-03 -6.53181989e-09 8.48200288e-07
-7.75167785e-03 -5.91417910e-09 8.26610482e-07
-7.01342282e-03 -5.31132119e-09 8.07968369e-07
-6.27516779e-03 -4.72120567e-09 7.91940671e-07
-5.53691275e-03 -4.14201282e-09 7.78256184e-07
-4.79865772e-03 -3.57210258e-09 7.66694477e-07
-4.06040268e-03 -3.00998070e-09 7.57077231e-07
-3.32214765e-03 -2.45427042e-09 7.49261608e-07
-2.58389262e-03 -1.90368840e-09 7.43135176e-07
-1.84563758e-03 -1.35702386e-09 7.38612077e-07
-1.10738255e-03 -8.13120228e-10 7.35630203e-07
-3.69127517e-04 -2.70858456e-10 7.34149200e-07
3.69127517e-04 2.70858456e-10 7.34149200e-07
1.10738255e-03 8.13120228e-10 7.35630203e-07
1.84563758e-03 1.35702386e-09 7.38612077e-07
2.58389262e-03 1.90368840e-09 7.43135176e-07
3.32214765e-03 2.45427042e-09 7.49261608e-07
4.06040268e-03 3.00998070e-09 7.57077231e-07
4.79865772e-03 3.57210258e-09 7.66694477e-07
5.53691275e-03 4.14201282e-09 7.78256184e-07
6.27516779e-03 4.72120567e-09 7.91940671e-07
7.01342282e-03 5.31132119e-09 8.07968369e-07
7.75167785e-03 5.91417910e-09 8.26610482e-07
8.48993289e-03 6.53181989e-09 8.48200288e-07
9.22818792e-03 7.16655536e-09 8.73147963e-07
9.96644295e-03 7.82103164e-09 9.01960165e-07
1.07046980e-02 8.49830863e-09 9.35266130e-07
1.14429530e-02 9.20196150e-09 9.73852822e-07
1.21812081e-02 9.93621212e-09 1.01871288e-06
1.29194631e-02 1.07061013e-08 1.07111089e-06
1.36577181e-02 1.15177181e-08 1.13267654e-06
1.43959732e-02 1.23785096e-08 1.20553762e-06
1.51342282e-02 1.32977066e-08 1.29251402e-06
1.58724832e-02 1.42869196e-08 1.39740665e-06
1.66107383e-02 1.53609915e-08 1.52543853e-06
1.73489933e-02 1.65392449e-08 1.68394783e-06
1.80872483e-02 1.78473575e-08 1.88351195e-06
1.88255034e-02 1.93202693e-08 2.13984112e-06
1.95637584e-02 2.10068544e-08 2.47711253e-06
2.03020134e-02 2.29777509e-08 2.93416046e-06
2.10402685e-02 2.53391719e-08 3.57674165e-06
2.17785235e-02 2.82588459e-08 4.52391796e-06
2.25167785e-02 3.20187823e-08 6.01130193e-06
2.32550336e-02 3.71345938e-08 8.56782944e-06
2.39932886e-02 4.46692687e-08 1.36501465e-05
2.47315436e-02 5.72891725e-08 2.78246541e-05
2.54697987e-02 8.57526507e-08 9.70725055e-04
2.62080537e-02 1.49057449e-06 4.74016014e-03
2.69463087e-02 7.08464681e-06 1.40569548e-02
2.76845638e-02 2.22458097e-05 1.03172627e-02
2.84228188e-02 2.23181890e-05 6.53833240e-05
2.91610738e-02 2.23423488e-05 3.32449271e-05
2.98993289e-02 2.23672755e-05 1.19121112e-04
3.06375839e-02 2.25182324e-05 1.06256399e-04
3.13758389e-02 2.25241642e-05 6.91916256e-06
3.21140940e-02 2.25284486e-05 5.22936223e-06
3.28523490e-02 2.25318854e-05 4.30848600e-06
3.35906040e-02 2.25348101e-05 3.74557493e-06
3.43288591e-02 2.25374157e-05 3.39957791e-06
3.50671141e-02 2.25398296e-05 3.20349459e-06
3.58053691e-02 2.25421457e-05 3.12404112e-06
3.65436242e-02 2.25444423e-05 3.14754846e-06
3.72818792e-02 2.25467931e-05 3.27494263e-06
3.80201342e-02 2.25492778e-05 3.52167409e-06
3.87583893e-02 2.25519929e-05 3.92226381e-06
3.94966443e-02 2.25550690e-05 4.54196159e-06
4.02348993e-02 2.25586992e-05 5.50312691e-06
4.09731544e-02 2.25631945e-05 7.04782815e-06
4.17114094e-02 2.25691054e-05 9.70453779e-06
4.24496644e-02 2.25775233e-05 1.48192658e-05
4.31879195e-02 2.25909861e-05 2.68107576e-05
4.39261745e-02 2.26171097e-05 6.99874486e-05
4.46644295e-02 2.26943233e-05 8.73569194e-03
4.54026846e-02 3.55154468e-05 1.72078584e-02
4.61409396e-02 4.81018995e-05 8.57613308e-03
4.68791946e-02 4.81781936e-05 6.90376634e-05
4.76174497e-02 4.82038343e-05 2.62375283e-05
4.83557047e-02 4.82169336e-05 1.43582740e-05
4.90939597e-02 4.82250345e-05 9.28572835e-06
4.98322148e-02 4.82306440e-05 6.63789288e-06
5.05704698e-02 4.82348354e-05 5.08033839e-06
5.13087248e-02 4.82381452e-05 4.08839417e-06
5.20469799e-02 4.82408719e-05 3.42026565e-06
5.27852349e-02 4.82431953e-05 2.95157488e-06
5.35234899e-02 4.82452300e-05 2.61294090e-06
5.42617450e-02 4.82470533e-05 2.36317755e-06
5.50000000e-02 4.82487192e-05 2.25659881e-06
