-1.00000000e-01 -1.39680064e-04 1.15060585e-05
-9.89949749e-02 -1.39668500e-04 1.36000791e-05
-9.79899497e-02 -1.39652727e-04 3.57955067e-05
-9.69849246e-02 -1.39596549e-04 5.23143466e-04
-9.59798995e-02 -1.38601182e-04 5.09068554e-04
-9.49748744e-02 -1.38573296e-04 2.00828250e-05
-9.39698492e-02 -1.38560815e-04 1.11918573e-05
-9.29648241e-02 -1.38550800e-04 9.57697762e-06
-9.19597990e-02 -1.38541565e-04 9.04570732e-06
-9.09547739e-02 -1.38532617e-04 8.86413546e-06
-8.99497487e-02 -1.38523747e-04 8.84641527e-06
-8.89447236e-02 -1.38514835e-04 8.93083750e-06
-8.79396985e-02 -1.38505796e-04 9.09625808e-06
-8.69346734e-02 -1.38496552e-04 9.33899257e-06
-8.59296482e-02 -1.38487024e-04 9.66547735e-06
-8.49246231e-02 -1.38477123e-04 1.00903877e-05
-8.39195980e-02 -1.38466742e-04 1.06374268e-05
-8.29145729e-02 -1.38455742e-04 1.13422657e-05
-8.19095477e-02 -1.38443943e-04 1.22582403e-05
-8.09045226e-02 -1.38431102e-04 1.34666101e-05
-7.98994975e-02 -1.38416875e-04 1.50953608e-05
-7.88944724e-02 -1.38400760e-04 1.73554169e-05
-7.78894472e-02 -1.38381989e-04 2.06154351e-05
-7.68844221e-02 -1.38359322e-04 2.55711080e-05
-7.58793970e-02 -1.38330590e-04 3.36780699e-05
-7.48743719e-02 -1.38291627e-04 4.84643423e-05
-7.38693467e-02 -1.38233174e-04 8.06925580e-05
-7.28643216e-02 -1.38129431e-04 1.81063586e-04
-7.18592965e-02 -1.37869228e-04 1.80228799e-03
-7.08542714e-02 -1.34506741e-04 5.45780498e-02
-6.98492462e-02 -2.81646049e-05 5.31337152e-02
-6.88442211e-02 -2.77053037e-05 3.04734392e-04
-6.78391960e-02 -2.75520734e-05 1.38229721e-04
-6.68341709e-02 -2.74274550e-05 4.68379053e-04
-6.58291457e-02 -2.66106080e-05 6.01580360e-03
-6.48241206e-02 -1.53353875e-05 1.12611399e-02
-6.38190955e-02 -3.97515092e-06 5.73488482e-03
-6.28140704e-02 -3.80798079e-06 1.09560693e-04
-6.18090452e-02 -3.75492842e-06 4.19854459e-05
-6.08040201e-02 -3.72358793e-06 2.75551972e-05
-5.97989950e-02 -3.69954109e-06 2.53546750e-05
-5.87939698e-02 -3.67262376e-06 7.70536214e-04
-5.77889447e-02 -2.15072458e-06 8.16575123e-04
-5.67839196e-02 -2.03126673e-06 6.96142188e-05
-5.57788945e-02 -2.01079650e-06 2.55314852e-05
-5.47738693e-02 -1.97994716e-06 8.64867633e-04
-5.37688442e-02 -2.72369096e-07 8.67818686e-04
-5.27638191e-02 -2.35587996e-07 2.44454640e-05
-5.17587940e-02 -2.23232485e-07 1.05657614e-05
-5.07537688e-02 -2.14350285e-07 8.15804284e-06
-4.97487437e-02 -2.06834409e-07 7.09980091e-06
-4.87437186e-02 -2.00079328e-07 6.47081231e-06
-4.77386935e-02 -1.93827751e-07 6.03752209e-06
-4.67336683e-02 -1.87943605e-07 5.71304998e-06
-4.57286432e-02 -1.82344233e-07 5.45711833e-06
-4.47236181e-02 -1.76974523e-07 5.24811726e-06
-4.37185930e-02 -1.71795254e-07 5.07318595e-06
-4.27135678e-02 -1.66777164e-07 4.92406243e-06
-4.17085427e-02 -1.61897641e-07 4.79512317e-06
-4.07035176e-02 -1.57138726e-07 4.68236576e-06
-3.96984925e-02 -1.52485851e-07 4.58283978e-06
-3.86934673e-02 -1.47926988e-07 4.49430841e-06
-3.76884422e-02 -1.43452065e-07 4.41503665e-06
-3.66834171e-02 -1.39052542e-07 4.34365311e-06
-3.56783920e-02 -1.34721104e-07 4.27905661e-06
-3.46733668e-02 -1.30451423e-07 4.22035095e-06
-3.36683417e-02 -1.26237986e-07 4.16679837e-06
-3.26633166e-02 -1.22075949e-07 4.11778534e-06
-3.16582915e-02 -1.17961031e-07 4.07279725e-06
-3.06532663e-02 -1.13889422e-07 4.03139902e-06
-2.96482412e-02 -1.09857716e-07 3.99322031e-06
-2.86432161e-02 -1.05862849e-07 3.95794389e-06
-2.76381910e-02 -1.01902050e-07 3.92529655e-06
-2.66331658e-02 -9.79728053e-08 3.89504178e-06
-2.56281407e-02 -9.40728203e-08 3.86697393e-06
-2.46231156e-02 -9.01999934e-08 3.84091342e-06
-2.36180905e-02 -8.63523914e-08 3.81670288e-06
-2.26130653e-02 -8.25282288e-08 3.79420395e-06
-2.16080402e-02 -7.87258508e-08 3.77329459e-06
-2.06030151e-02 -7.49437171e-08 3.75386691e-06
-1.95979899e-02 -7.11803896e-08 3.73582528e-06
-1.85929648e-02 -6.74345205e-08 3.71908481e-06
-1.75879397e-02 -6.37048423e-08 3.70357000e-06
-1.65829146e-02 -5.99901587e-08 3.68921362e-06
-1.55778894e-02 -5.62893375e-08 3.67595579e-06
-1.45728643e-02 -5.26013029e-08 3.66374313e-06
-1.35678392e-02 -4.89250297e-08 3.65252808e-06
-1.25628141e-02 -4.52595379e-08 3.64226832e-06
-1.15577889e-02 -4.16038874e-08 3.63292623e-06
-1.05527638e-02 -3.79571736e-08 3.62446844e-06
-9.54773869e-03 -3.43185237e-08 3.61686548e-06
-8.54271357e-03 -3.06870922e-08 3.61009147e-06
-7.53768844e-03 -2.70620584e-08 3.60412378e-06
-6.53266332e-03 -2.34426223e-08 3.59894284e-06
-5.52763819e-03 -1.98280024e-08 3.59453193e-06
-4.52261307e-03 -1.62174325e-08 3.59087702e-06
-3.51758794e-03 -1.26101592e-08 3.58796661e-06
-2.51256281e-03 -9.00543934e-09 3.58579162e-06
-1.50753769e-03 -5.40253783e-09 3.58434534e-06
-5.02512563e-04 -1.80072509e-09 3.58362330e-06
5.02512563e-04 1.80072509e-09 3.58362330e-06
1.50753769e-03 5.40253783e-09 3.58434534e-06
2.51256281e-03 9.00543934e-09 3.58579162e-06
3.51758794e-03 1.26101592e-08 3.58796661e-06
4.52261307e-03 1.62174325e-08 3.59087702e-06
5.52763819e-03 1.98280024e-08 3.59453193e-06
6.53266332e-03 2.34426223e-08 3.59894284e-06
7.53768844e-03 2.70620584e-08 3.60412378e-06
8.54271357e-03 3.06870922e-08 3.61009147e-06
9.54773869e-03 3.43185237e-08 3.61686548e-06
1.05527638e-02 3.79571736e-08 3.62446844e-06
1.15577889e-02 4.16038874e-08 3.63292623e-06
1.25628141e-02 4.52595379e-08 3.64226832e-06
1.35678392e-02 4.89250297e-08 3.65252808e-06
1.45728643e-02 5.26013029e-08 3.66374313e-06
1.55778894e-02 5.62893375e-08 3.67595579e-06
1.65829146e-02 5.99901587e-08 3.68921362e-06
1.75879397e-02 6.37048423e-08 3.70357000e-06
1.85929648e-02 6.74345205e-08 3.71908481e-06
1.95979899e-02 7.11803896e-08 3.73582528e-06
2.06030151e-02 7.49437171e-08 3.75386691e-06
2.16080402e-02 7.87258508e-08 3.77329459e-06
2.26130653e-02 8.25282288e-08 3.79420395e-06
2.36180905e-02 8.63523914e-08 3.81670288e-06
2.46231156e-02 9.01999934e-08 3.84091342e-06
2.56281407e-02 9.40728203e-08 3.86697393e-06
2.66331658e-02 9.79728053e-08 3.89504178e-06
2.76381910e-02 1.01902050e-07 3.92529655e-06
2.86432161e-02 1.05862849e-07 3.95794389e-06
2.96482412e-02 1.09857716e-07 3.99322031e-06
3.06532663e-02 1.13889422e-07 4.03139902e-06
3.16582915e-02 1.17961031e-07 4.07279725e-06
3.26633166e-02 1.22075949e-07 4.11778534e-06
3.36683417e-02 1.26237986e-07 4.16679836e-06
3.46733668e-02 1.30451423e-07 4.22035095e-06
3.56783920e-02 1.34721104e-07 4.27905661e-06
3.66834171e-02 1.39052542e-07 4.34365311e-06
3.76884422e-02 1.43452065e-07 4.41503664e-06
3.86934673e-02 1.47926988e-07 4.49430841e-06
3.96984925e-02 1.52485851e-07 4.58283978e-06
4.07035176e-02 1.57138726e-07 4.68236576e-06
4.17085427e-02 1.61897641e-07 4.79512317e-06
4.27135678e-02 1.66777164e-07 4.92406243e-06
4.37185930e-02 1.71795254e-07 5.07318595e-06
4.47236181e-02 1.76974523e-07 5.24811726e-06
4.57286432e-02 1.82344233e-07 5.45711833e-06
4.67336683e-02 1.87943605e-07 5.71304998e-06
4.77386935e-02 1.93827751e-07 6.03752209e-06
4.87437186e-02 2.00079328e-07 6.47081231e-06
4.97487437e-02 2.06834409e-07 7.09980091e-06
5.07537688e-02 2.14350285e-07 8.15804284e-06
5.17587940e-02 2.23232485e-07 1.05657614e-05
5.27638191e-02 2.35587996e-07 2.44454640e-05
5.37688442e-02 2.72369096e-07 8.67818686e-04
5.47738693e-02 1.97994716e-06 8.64867633e-04
5.57788945e-02 2.01079650e-06 2.55314852e-05
5.67839196e-02 2.03126673e-06 6.96142188e-05
5.77889447e-02 2.15072458e-06 8.16575123e-04
5.87939698e-02 3.67262376e-06 7.70536214e-04
5.97989950e-02 3.69954109e-06 2.53546750e-05
6.08040201e-02 3.72358793e-06 2.75551972e-05
6.18090452e-02 3.75492842e-06 4.19854459e-05
6.28140704e-02 3.80798079e-06 1.09560693e-04
6.38190955e-02 3.97515092e-06 5.73488482e-03
6.48241206e-02 1.53353875e-05 1.12611399e-02
6.58291457e-02 2.66106080e-05 6.01580360e-03
6.68341709e-02 2.74274550e-05 4.68379053e-04
6.78391960e-02 2.75520734e-05 1.38229721e-04
6.88442211e-02 2.77053037e-05 3.04734392e-04
6.98492462e-02 2.81646049e-05 5.31337152e-02
7.08542714e-02 1.34506741e-04 5.45780498e-02
7.18592965e-02 1.37869228e-04 1.80228799e-03
7.28643216e-02 1.38129431e-04 1.81063586e-04
7.38693467e-02 1.38233174e-04 8.06925580e-05
7.48743719e-02 1.38291627e-04 4.84643423e-05
7.58793970e-02 1.38330590e-04 3.36780699e-05
7.68844221e-02 1.38359322e-04 2.55711080e-05
7.78894472e-02 1.38381989e-04 2.06154351e-05
7.88944724e-02 1.38400760e-04 1.73554169e-05
7.98994975e-02 1.38416875e-04 1.50953608e-05
8.09045226e-02 1.38431102e-04 1.34666101e-05
8.19095477e-02 1.38443943e-04 1.22582403e-05
8.29145729e-02 1.38455742e-04 1.13422657e-05
8.39195980e-02 1.38466742e-04 1.06374268e-05
8.49246231e-02 1.38477123e-04 1.00903877e-05
8.59296482e-02 1.38487024e-04 9.66547735e-06
8.69346734e-02 1.38496552e-04 9.33899257e-06
8.79396985e-02 1.38505796e-04 9.09625808e-06
8.89447236e-02 1.38514835e-04 8.93083750e-06
8.99497487e-02 1.38523747e-04 8.84641527e-06
9.09547739e-02 1.38532617e-04 8.86413546e-06
9.19597990e-02 1.38541565e-04 9.04570732e-06
9.29648241e-02 1.38550800e-04 9.57697762e-06
9.39698492e-02 1.38560815e-04 1.11918573e-05
9.49748744e-02 1.38573296e-04 2.00828250e-05
9.59798995e-02 1.38601182e-04 5.09068554e-04
9.69849246e-02 1.39596549e-04 5.23143466e-04
9.79899497e-02 1.39652727e-04 3.57955067e-05
9.89949749e-02 1.39668500e-04 1.36000791e-05
1.00000000e-01 1.39680064e-04 1.15060585e-05
