-5.00000000e-03 -5.11611871e-05 2.71218420e-05
-4.93288591e-03 -5.11593668e-05 2.74832829e-05
-4.86577181e-03 -5.11574981e-05 2.82235445e-05
-4.79865772e-03 -5.11555784e-05 2.89997146e-05
-4.73154362e-03 -5.11536055e-05 2.98141896e-05
-4.66442953e-03 -5.11515765e-05 3.06695731e-05
-4.59731544e-03 -5.11494888e-05 3.15686986e-05
-4.53020134e-03 -5.11473391e-05 3.25146542e-05
-4.46308725e-03 -5.11451244e-05 3.35108108e-05
-4.39597315e-03 -5.11428410e-05 3.45608549e-05
-4.32885906e-03 -5.11404853e-05 3.56688245e-05
-4.26174497e-03 -5.11380533e-05 3.68391512e-05
-4.19463087e-03 -5.11355405e-05 3.80767073e-05
-4.12751678e-03 -5.11329423e-05 3.93868609e-05
-4.06040268e-03 -5.11302537e-05 4.07755379e-05
-3.99328859e-03 -5.11274691e-05 4.22492944e-05
-3.92617450e-03 -5.11245826e-05 4.38154000e-05
-3.85906040e-03 -5.11215878e-05 4.54819342e-05
-3.79194631e-03 -5.11184777e-05 4.72578990e-05
-3.72483221e-03 -5.11152445e-05 4.91533499e-05
-3.65771812e-03 -5.11118799e-05 5.11795494e-05
-3.59060403e-03 -5.11083747e-05 5.33491477e-05
-3.52348993e-03 -5.11047189e-05 5.56763960e-05
-3.45637584e-03 -5.11009014e-05 5.81773993e-05
-3.38926174e-03 -5.10969099e-05 6.08704176e-05
-3.32214765e-03 -5.10927309e-05 6.37762261e-05
-3.25503356e-03 -5.10883493e-05 6.69185484e-05
-3.18791946e-03 -5.10837485e-05 7.03245800e-05
-3.12080537e-03 -5.10789098e-05 7.40256248e-05
-3.05369128e-03 -5.10738122e-05 7.80578725e-05
-2.98657718e-03 -5.10684322e-05 8.24633549e-05
-2.91946309e-03 -5.10627433e-05 8.72911303e-05
-2.85234899e-03 -5.10567153e-05 9.25987584e-05
-2.78523490e-03 -5.10503139e-05 9.84541539e-05
-2.71812081e-03 -5.10435000e-05 1.04937932e-04
-2.65100671e-03 -5.10362283e-05 1.12146402e-04
-2.58389262e-03 -5.10284467e-05 1.20195424e-04
-2.51677852e-03 -5.10200947e-05 1.29225428e-04
-2.44966443e-03 -5.10111010e-05 1.39408007e-04
-2.38255034e-03 -5.10013822e-05 1.50954693e-04
-2.31543624e-03 -5.09908387e-05 1.64128771e-04
-2.24832215e-03 -5.09793515e-05 1.79261406e-04
-2.18120805e-03 -5.09667767e-05 1.96773999e-04
-2.11409396e-03 -5.09529389e-05 2.17209679e-04
-2.04697987e-03 -5.09376211e-05 2.41278501e-04
-1.97986577e-03 -5.09205525e-05 2.69923641e-04
-1.91275168e-03 -5.09013897e-05 3.04420625e-04
-1.84563758e-03 -5.08796907e-05 3.46529986e-04
-1.77852349e-03 -5.08548756e-05 3.98739264e-04
-1.71140940e-03 -5.08261686e-05 4.64660194e-04
-1.64429530e-03 -5.07925051e-05 5.49707825e-04
-1.57718121e-03 -5.07523823e-05 6.62320485e-04
-1.51006711e-03 -5.07036031e-05 8.16291209e-04
-1.44295302e-03 -5.06428130e-05 1.03560619e-03
-1.37583893e-03 -5.05645955e-05 1.36576729e-03
-1.30872483e-03 -5.04594886e-05 1.90570326e-03
-1.24161074e-03 -5.03087964e-05 2.92502784e-03
-1.17449664e-03 -5.00668674e-05 5.43486244e-03
-1.10738255e-03 -4.95792847e-05 1.44749188e-02
-1.04026846e-03 -4.81239253e-05 5.53303655e-02
-9.73154362e-04 -4.21523900e-05 1.76751525e-01
-9.06040268e-04 -2.43988883e-05 2.56002202e-01
-8.38926174e-04 -7.78967825e-06 1.62355079e-01
-7.71812081e-04 -2.60626023e-06 4.81759972e-02
-7.04697987e-04 -1.32310145e-06 1.29271361e-02
-6.37583893e-04 -8.71074174e-07 5.11090033e-03
-5.70469799e-04 -6.37074564e-07 2.86527501e-03
-5.03355705e-04 -4.86473501e-07 1.93078395e-03
-4.36241611e-04 -3.77908933e-07 1.43471747e-03
-3.69127517e-04 -2.93893975e-07 1.13659886e-03
-3.02013423e-04 -2.25345327e-07 9.46060081e-04
-2.34899329e-04 -1.66906045e-07 8.21258092e-04
-1.67785235e-04 -1.15109342e-07 7.40451563e-04
-1.00671141e-04 -6.75165736e-08 6.91756201e-04
-3.35570470e-05 -2.22561605e-08 6.68806868e-04
3.35570470e-05 2.22561605e-08 6.68806868e-04
1.00671141e-04 6.75165736e-08 6.91756201e-04
1.67785235e-04 1.15109342e-07 7.40451563e-04
2.34899329e-04 1.66906045e-07 8.21258092e-04
3.02013423e-04 2.25345327e-07 9.46060081e-04
3.69127517e-04 2.93893975e-07 1.13659886e-03
4.36241611e-04 3.77908933e-07 1.43471747e-03
5.03355705e-04 4.86473501e-07 1.93078395e-03
5.70469799e-04 6.37074564e-07 2.86527501e-03
6.37583893e-04 8.71074174e-07 5.11090033e-03
7.04697987e-04 1.32310145e-06 1.29271361e-02
7.71812081e-04 2.60626023e-06 4.81759972e-02
8.38926174e-04 7.78967825e-06 1.62355079e-01
9.06040268e-04 2.43988883e-05 2.56002202e-01
9.73154362e-04 4.21523900e-05 1.76751525e-01
1.04026846e-03 4.81239253e-05 5.53303655e-02
1.10738255e-03 4.95792847e-05 1.44749188e-02
1.17449664e-03 5.00668674e-05 5.43486244e-03
1.24161074e-03 5.03087964e-05 2.92502784e-03
1.30872483e-03 5.04594886e-05 1.90570326e-03
1.37583893e-03 5.05645955e-05 1.36576729e-03
1.44295302e-03 5.06428130e-05 1.03560619e-03
1.51006711e-03 5.07036030e-05 8.16291209e-04
1.57718121e-03 5.07523823e-05 6.62320485e-04
1.64429530e-03 5.07925051e-05 5.49707825e-04
1.71140940e-03 5.08261686e-05 4.64660194e-04
1.77852349e-03 5.08548756e-05 3.98739264e-04
1.84563758e-03 5.08796907e-05 3.46529986e-04
1.91275168e-03 5.09013897e-05 3.04420625e-04
1.97986577e-03 5.09205525e-05 2.69923641e-04
2.04697987e-03 5.09376211e-05 2.41278501e-04
2.11409396e-03 5.09529389e-05 2.17209679e-04
2.18120805e-03 5.09667767e-05 1.96773999e-04
2.24832215e-03 5.09793515e-05 1.79261406e-04
2.31543624e-03 5.09908387e-05 1.64128771e-04
2.38255034e-03 5.10013822e-05 1.50954693e-04
2.44966443e-03 5.10111010e-05 1.39408007e-04
2.51677852e-03 5.10200947e-05 1.29225428e-04
2.58389262e-03 5.10284467e-05 1.20195424e-04
2.65100671e-03 5.10362283e-05 1.12146402e-04
2.71812081e-03 5.10435000e-05 1.04937932e-04
2.78523490e-03 5.10503139e-05 9.84541539e-05
2.85234899e-03 5.10567153e-05 9.25987584e-05
2.91946309e-03 5.10627433e-05 8.72911303e-05
2.98657718e-03 5.10684322e-05 8.24633549e-05
3.05369128e-03 5.10738122e-05 7.80578725e-05
3.12080537e-03 5.10789098e-05 7.40256248e-05
3.18791946e-03 5.10837485e-05 7.03245800e-05
3.25503356e-03 5.10883493e-05 6.69185484e-05
3.32214765e-03 5.10927309e-05 6.37762261e-05
3.38926174e-03 5.10969099e-05 6.08704176e-05
3.45637584e-03 5.11009014e-05 5.81773993e-05
3.52348993e-03 5.11047189e-05 5.56763960e-05
3.59060403e-03 5.11083747e-05 5.33491477e-05
3.65771812e-03 5.11118799e-05 5.11795494e-05
3.72483221e-03 5.11152445e-05 4.91533499e-05
3.79194631e-03 5.11184777e-05 4.72578990e-05
3.85906040e-03 5.11215878e-05 4.54819342e-05
3.92617450e-03 5.11245826e-05 4.38154000e-05
3.99328859e-03 5.11274691e-05 4.22492944e-05
4.06040268e-03 5.11302537e-05 4.07755379e-05
4.12751678e-03 5.11329423e-05 3.93868609e-05
4.19463087e-03 5.11355405e-05 3.80767073e-05
4.26174497e-03 5.11380533e-05 3.68391512e-05
4.32885906e-03 5.11404853e-05 3.56688245e-05
4.39597315e-03 5.11428410e-05 3.45608549e-05
4.46308725e-03 5.11451244e-05 3.35108108e-05
4.53020134e-03 5.11473391e-05 3.25146542e-05
4.59731544e-03 5.11494888e-05 3.15686986e-05
4.66442953e-03 5.11515765e-05 3.06695731e-05
4.73154362e-03 5.11536055e-05 2.98141896e-05
4.79865772e-03 5.11555784e-05 2.89997146e-05
4.86577181e-03 5.11574981e-05 2.82235445e-05
4.93288591e-03 5.11593668e-05 2.74832829e-05
5.00000000e-03 5.11611871e-05 2.71218420e-05
