-2.00000000e-01 -4.43870836e-02 1.09834501e-03
-1.97315436e-01 -4.43841350e-02 5.72150403e-03
-1.94630872e-01 -4.43563641e-02 5.60586013e-03
-1.91946309e-01 -4.43540364e-02 2.57093824e-02
-1.89261745e-01 -4.42183272e-02 4.64051157e-02
-1.86577181e-01 -4.41048815e-02 5.70612075e-02
-1.83892617e-01 -4.39119583e-02 3.88987119e-02
-1.81208054e-01 -4.38960293e-02 1.33143584e-01
-1.78523490e-01 -4.31970934e-02 1.32156528e-01
-1.75838926e-01 -4.31864641e-02 2.42906904e-03
-1.73154362e-01 -4.31840514e-02 2.90199323e-02
-1.70469799e-01 -4.30306523e-02 1.29715017e-01
-1.67785235e-01 -4.24875949e-02 1.44390139e-01
-1.65100671e-01 -4.22554033e-02 1.62051922e-01
-1.62416107e-01 -4.16175175e-02 2.13491203e-01
-1.59731544e-01 -4.11091418e-02 2.19202203e-01
-1.57046980e-01 -4.04405929e-02 2.56853471e-01
-1.54362416e-01 -3.97300627e-02 2.80550205e-01
-1.51677852e-01 -3.89342831e-02 5.29672291e-01
-1.48993289e-01 -3.68861847e-02 1.53410052e+00
-1.46308725e-01 -3.06975018e-02 3.11348271e+00
-1.43624161e-01 -2.01694990e-02 2.86751877e+00
-1.40939597e-01 -1.53014278e-02 1.52606567e+00
-1.38255034e-01 -1.19758578e-02 8.53157067e-01
-1.35570470e-01 -1.07207188e-02 4.39377932e-01
-1.32885906e-01 -9.61678166e-03 3.62003895e-01
-1.30201342e-01 -8.77707368e-03 2.43312432e-01
-1.27516779e-01 -8.31040619e-03 1.90874733e-01
-1.24832215e-01 -7.75224290e-03 2.24431947e-01
-1.22147651e-01 -7.10540245e-03 1.54408722e-01
-1.19463087e-01 -6.92320279e-03 1.32261392e-01
-1.16778523e-01 -6.39527417e-03 1.03419241e-01
-1.14093960e-01 -6.36793169e-03 1.41748556e-01
-1.11409396e-01 -5.63420810e-03 2.43704416e-01
-1.08724832e-01 -5.05945161e-03 2.16641157e-01
-1.06040268e-01 -4.47103410e-03 1.57994808e-01
-1.03355705e-01 -4.21115734e-03 4.99922621e-02
-1.00671141e-01 -4.20261927e-03 3.13783840e-03
-9.79865772e-02 -4.19430988e-03 1.67496264e-01
-9.53020134e-02 -3.30331047e-03 2.01410773e-01
-9.26174497e-02 -3.11290976e-03 9.39656780e-02
-8.99328859e-02 -2.79879676e-03 6.39674298e-02
-8.72483221e-02 -2.76946047e-03 2.73834262e-02
-8.45637584e-02 -2.65177165e-03 6.15825620e-02
-8.18791946e-02 -2.43881584e-03 4.00433586e-02
-7.91946309e-02 -2.43677376e-03 2.77296115e-02
-7.65100671e-02 -2.28993202e-03 2.77915742e-02
-7.38255034e-02 -2.28755725e-03 5.26867337e-04
-7.11409396e-02 -2.28710320e-03 3.89419645e-03
-6.84563758e-02 -2.26664881e-03 3.96668863e-03
-6.57718121e-02 -2.26580554e-03 5.08086852e-04
-6.30872483e-02 -2.26392083e-03 5.67589301e-02
-6.04026846e-02 -1.96105961e-03 5.95233455e-02
-5.77181208e-02 -1.94433240e-03 3.50927195e-03
-5.50335570e-02 -1.94221788e-03 4.22216848e-02
-5.23489933e-02 -1.71763879e-03 8.94464140e-02
-4.96644295e-02 -1.46196868e-03 8.79031529e-02
-4.69798658e-02 -1.24567555e-03 1.17737019e-01
-4.42953020e-02 -8.29823613e-04 8.14467288e-02
-4.16107383e-02 -8.08377679e-04 4.26609194e-03
-3.89261745e-02 -8.06918421e-04 2.05172832e-02
-3.62416107e-02 -6.98217769e-04 2.07223318e-02
-3.35570470e-02 -6.95657580e-04 5.84932329e-03
-3.08724832e-02 -6.66812006e-04 1.11321837e-02
-2.81879195e-02 -6.35887466e-04 1.02363224e-02
-2.55033557e-02 -6.11851886e-04 4.55554084e-03
-2.28187919e-02 -6.11428186e-04 1.86957476e-04
-2.01342282e-02 -6.10848087e-04 1.97078011e-02
-1.74496644e-02 -5.05614489e-04 1.98080343e-02
-1.47651007e-02 -5.04496225e-04 3.49479180e-04
-1.20805369e-02 -5.03738091e-04 1.65504833e-03
-9.39597315e-03 -4.95610059e-04 2.50295972e-02
-6.71140940e-03 -3.69350992e-04 5.73167993e-02
-4.02684564e-03 -1.87868855e-04 3.64018741e-02
-1.34228188e-03 -1.73904688e-04 6.73803224e-02
1.34228188e-03 1.73904688e-04 6.73803224e-02
4.02684564e-03 1.87868855e-04 3.64018741e-02
6.71140940e-03 3.69350992e-04 5.73167993e-02
9.39597315e-03 4.95610059e-04 2.50295972e-02
1.20805369e-02 5.03738091e-04 1.65504833e-03
1.47651007e-02 5.04496225e-04 3.49479180e-04
1.74496644e-02 5.05614489e-04 1.98080343e-02
2.01342282e-02 6.10848087e-04 1.97078011e-02
2.28187919e-02 6.11428186e-04 1.86957476e-04
2.55033557e-02 6.11851886e-04 4.55554084e-03
2.81879195e-02 6.35887466e-04 1.02363224e-02
3.08724832e-02 6.66812006e-04 1.11321837e-02
3.35570470e-02 6.95657580e-04 5.84932329e-03
3.62416107e-02 6.98217769e-04 2.07223318e-02
3.89261745e-02 8.06918421e-04 2.05172832e-02
4.16107383e-02 8.08377679e-04 4.26609194e-03
4.42953020e-02 8.29823613e-04 8.14467288e-02
4.69798658e-02 1.24567555e-03 1.17737019e-01
4.96644295e-02 1.46196868e-03 8.79031529e-02
5.23489933e-02 1.71763879e-03 8.94464140e-02
5.50335570e-02 1.94221788e-03 4.22216848e-02
5.77181208e-02 1.94433240e-03 3.50927195e-03
6.04026846e-02 1.96105961e-03 5.95233455e-02
6.30872483e-02 2.26392083e-03 5.67589301e-02
6.57718121e-02 2.26580554e-03 5.08086852e-04
6.84563758e-02 2.26664881e-03 3.96668863e-03
7.11409396e-02 2.28710320e-03 3.89419645e-03
7.38255034e-02 2.28755725e-03 5.26867337e-04
7.65100671e-02 2.28993202e-03 2.77915742e-02
7.91946309e-02 2.43677376e-03 2.77296115e-02
8.18791946e-02 2.43881584e-03 4.00433586e-02
8.45637584e-02 2.65177165e-03 6.15825620e-02
8.72483221e-02 2.76946047e-03 2.73834262e-02
8.99328859e-02 2.79879676e-03 6.39674298e-02
9.26174497e-02 3.11290976e-03 9.39656780e-02
9.53020134e-02 3.30331047e-03 2.01410773e-01
9.79865772e-02 4.19430988e-03 1.67496264e-01
1.00671141e-01 4.20261927e-03 3.13783840e-03
1.03355705e-01 4.21115734e-03 4.99922621e-02
1.06040268e-01 4.47103410e-03 1.57994808e-01
1.08724832e-01 5.05945161e-03 2.16641157e-01
1.11409396e-01 5.63420810e-03 2.43704416e-01
1.14093960e-01 6.36793169e-03 1.41748556e-01
1.16778523e-01 6.39527417e-03 1.03419241e-01
1.19463087e-01 6.92320279e-03 1.32261392e-01
1.22147651e-01 7.10540245e-03 1.54408722e-01
1.24832215e-01 7.75224290e-03 2.24431947e-01
1.27516779e-01 8.31040619e-03 1.90874733e-01
1.30201342e-01 8.77707368e-03 2.43312432e-01
1.32885906e-01 9.61678166e-03 3.62003895e-01
1.35570470e-01 1.07207188e-02 4.39377932e-01
1.38255034e-01 1.19758578e-02 8.53157067e-01
1.40939597e-01 1.53014278e-02 1.52606567e+00
1.43624161e-01 2.01694990e-02 2.86751877e+00
1.46308725e-01 3.06975018e-02 3.11348271e+00
1.48993289e-01 3.68861847e-02 1.53410052e+00
1.51677852e-01 3.89342831e-02 5.29672291e-01
1.54362416e-01 3.97300627e-02 2.80550205e-01
1.57046980e-01 4.04405929e-02 2.56853471e-01
1.59731544e-01 4.11091418e-02 2.19202203e-01
1.62416107e-01 4.16175175e-02 2.13491203e-01
1.65100671e-01 4.22554033e-02 1.62051922e-01
1.67785235e-01 4.24875949e-02 1.44390139e-01
1.70469799e-01 4.30306523e-02 1.29715017e-01
1.73154362e-01 4.31840514e-02 2.90199323e-02
1.75838926e-01 4.31864641e-02 2.42906904e-03
1.78523490e-01 4.31970934e-02 1.32156528e-01
1.81208054e-01 4.38960293e-02 1.33143584e-01
1.83892617e-01 4.39119583e-02 3.88987119e-02
1.86577181e-01 4.41048815e-02 5.70612075e-02
1.89261745e-01 4.42183272e-02 4.64051157e-02
1.91946309e-01 4.43540364e-02 2.57093824e-02
1.94630872e-01 4.43563641e-02 5.60586013e-03
1.97315436e-01 4.43841350e-02 5.72150403e-03
2.00000000e-01 4.43870836e-02 1.09834501e-03
