-1.00000000e-02 -1.21272050e-04 4.46004700e-04
-9.86577181e-03 -1.21212183e-04 4.70398098e-04
-9.73154362e-03 -1.21145768e-04 5.23505394e-04
-9.59731544e-03 -1.21071645e-04 5.86336909e-04
-9.46308725e-03 -1.20988363e-04 6.61420927e-04
-9.32885906e-03 -1.20894082e-04 7.52164745e-04
-9.19463087e-03 -1.20786439e-04 8.63249154e-04
-9.06040268e-03 -1.20662338e-04 1.00124645e-03
-8.92617450e-03 -1.20517648e-04 1.17561984e-03
-8.79194631e-03 -1.20346735e-04 1.40039981e-03
-8.65771812e-03 -1.20141702e-04 1.69711961e-03
-8.52348993e-03 -1.19891132e-04 2.10022484e-03
-8.38926174e-03 -1.19577883e-04 2.66767972e-03
-8.25503356e-03 -1.19174977e-04 3.50342704e-03
-8.12080537e-03 -1.18637366e-04 4.80988722e-03
-7.98657718e-03 -1.17883732e-04 7.02808141e-03
-7.85234899e-03 -1.16750633e-04 1.12902223e-02
-7.71812081e-03 -1.14852800e-04 2.13821523e-02
-7.58389262e-03 -1.11010457e-04 5.57871020e-02
-7.44966443e-03 -9.98763965e-05 1.81862496e-01
-7.31543624e-03 -6.21883110e-05 2.84991720e-01
-7.18120805e-03 -2.33685521e-05 1.88184987e-01
-7.04697987e-03 -1.16688514e-05 5.84644615e-02
-6.91275168e-03 -7.67339468e-06 2.22002740e-02
-6.77852349e-03 -5.70904627e-06 1.16840815e-02
-6.64429530e-03 -4.53672850e-06 7.27554572e-03
-6.51006711e-03 -3.75587963e-06 4.98868856e-03
-6.37583893e-03 -3.19748325e-06 3.64372504e-03
-6.24161074e-03 -2.77769841e-06 2.78378469e-03
-6.10738255e-03 -2.45015851e-06 2.19989903e-03
-5.97315436e-03 -2.18712149e-06 1.78499682e-03
-5.83892617e-03 -1.97096473e-06 1.47945265e-03
-5.70469799e-03 -1.78995299e-06 1.24786495e-03
-5.57046980e-03 -1.63596743e-06 1.06811433e-03
-5.43624161e-03 -1.50321089e-06 9.25792092e-04
-5.30201342e-03 -1.38743264e-06 8.11180589e-04
-5.16778523e-03 -1.28544429e-06 7.17530233e-04
-5.03355705e-03 -1.19480707e-06 6.40033041e-04
-4.89932886e-03 -1.11362334e-06 5.75188159e-04
-4.76510067e-03 -1.04039414e-06 5.20397014e-04
-4.63087248e-03 -9.73919445e-07 4.73697705e-04
-4.49664430e-03 -9.13226972e-07 4.33586428e-04
-4.36241611e-03 -8.57520404e-07 3.98894784e-04
-4.22818792e-03 -8.06141124e-07 3.68703812e-04
-4.09395973e-03 -7.58539515e-07 3.42282709e-04
-3.95973154e-03 -7.14253149e-07 3.19044431e-04
-3.82550336e-03 -6.72890003e-07 2.98513080e-04
-3.69127517e-03 -6.34115409e-07 2.80299606e-04
-3.55704698e-03 -5.97641787e-07 2.64083510e-04
-3.42281879e-03 -5.63220507e-07 2.49598894e-04
-3.28859060e-03 -5.30635372e-07 2.36623722e-04
-3.15436242e-03 -4.99697360e-07 2.24971476e-04
-3.02013423e-03 -4.70240345e-07 2.14484617e-04
-2.88590604e-03 -4.42117597e-07 2.05029409e-04
-2.75167785e-03 -4.15198893e-07 1.96491804e-04
-2.61744966e-03 -3.89368120e-07 1.88774135e-04
-2.48322148e-03 -3.64521273e-07 1.81792457e-04
-2.34899329e-03 -3.40564776e-07 1.75474372e-04
-2.21476510e-03 -3.17414059e-07 1.69757269e-04
-2.08053691e-03 -2.94992355e-07 1.64586862e-04
-1.94630872e-03 -2.73229666e-07 1.59916002e-04
-1.81208054e-03 -2.52061884e-07 1.55703678e-04
-1.67785235e-03 -2.31430021e-07 1.51914195e-04
-1.54362416e-03 -2.11279550e-07 1.48516484e-04
-1.40939597e-03 -1.91559824e-07 1.45483532e-04
-1.27516779e-03 -1.72223568e-07 1.42791895e-04
-1.14093960e-03 -1.53226429e-07 1.40421299e-04
-1.00671141e-03 -1.34526575e-07 1.38354300e-04
-8.72483221e-04 -1.16084335e-07 1.36576003e-04
-7.38255034e-04 -9.78618763e-08 1.35073831e-04
-6.04026846e-04 -7.98229042e-08 1.33837328e-04
-4.69798658e-04 -6.19323924e-08 1.32858002e-04
-3.35570470e-04 -4.41563265e-08 1.32129204e-04
-2.01342282e-04 -2.64614650e-08 1.31646029e-04
-6.71140940e-05 -8.81511059e-09 1.31405244e-04
6.71140940e-05 8.81511059e-09 1.31405244e-04
2.01342282e-04 2.64614650e-08 1.31646029e-04
3.35570470e-04 4.41563265e-08 1.32129204e-04
4.69798658e-04 6.19323924e-08 1.32858002e-04
6.04026846e-04 7.98229042e-08 1.33837328e-04
7.38255034e-04 9.78618763e-08 1.35073831e-04
8.72483221e-04 1.16084335e-07 1.36576003e-04
1.00671141e-03 1.34526575e-07 1.38354300e-04
1.14093960e-03 1.53226429e-07 1.40421299e-04
1.27516779e-03 1.72223568e-07 1.42791895e-04
1.40939597e-03 1.91559824e-07 1.45483532e-04
1.54362416e-03 2.11279550e-07 1.48516484e-04
1.67785235e-03 2.31430021e-07 1.51914195e-04
1.81208054e-03 2.52061884e-07 1.55703678e-04
1.94630872e-03 2.73229666e-07 1.59916002e-04
2.08053691e-03 2.94992355e-07 1.64586862e-04
2.21476510e-03 3.17414059e-07 1.69757269e-04
2.34899329e-03 3.40564776e-07 1.75474372e-04
2.48322148e-03 3.64521273e-07 1.81792457e-04
2.61744966e-03 3.89368120e-07 1.88774135e-04
2.75167785e-03 4.15198893e-07 1.96491804e-04
2.88590604e-03 4.42117597e-07 2.05029409e-04
3.02013423e-03 4.70240345e-07 2.14484617e-04
3.15436242e-03 4.99697360e-07 2.24971476e-04
3.28859060e-03 5.30635372e-07 2.36623722e-04
3.42281879e-03 5.63220507e-07 2.49598894e-04
3.55704698e-03 5.97641787e-07 2.64083510e-04
3.69127517e-03 6.34115409e-07 2.80299606e-04
3.82550336e-03 6.72890003e-07 2.98513080e-04
3.95973154e-03 7.14253149e-07 3.19044431e-04
4.09395973e-03 7.58539515e-07 3.42282709e-04
4.22818792e-03 8.06141124e-07 3.68703812e-04
4.36241611e-03 8.57520404e-07 3.98894784e-04
4.49664430e-03 9.13226972e-07 4.33586428e-04
4.63087248e-03 9.73919445e-07 4.73697705e-04
4.76510067e-03 1.04039414e-06 5.20397014e-04
4.89932886e-03 1.11362334e-06 5.75188159e-04
5.03355705e-03 1.19480707e-06 6.40033041e-04
5.16778523e-03 1.28544429e-06 7.17530233e-04
5.30201342e-03 1.38743264e-06 8.11180589e-04
5.43624161e-03 1.50321089e-06 9.25792092e-04
5.57046980e-03 1.63596743e-06 1.06811433e-03
5.70469799e-03 1.78995299e-06 1.24786495e-03
5.83892617e-03 1.97096473e-06 1.47945265e-03
5.97315436e-03 2.18712149e-06 1.78499682e-03
6.10738255e-03 2.45015851e-06 2.19989903e-03
6.24161074e-03 2.77769841e-06 2.78378469e-03
6.37583893e-03 3.19748325e-06 3.64372504e-03
6.51006711e-03 3.75587963e-06 4.98868856e-03
6.64429530e-03 4.53672850e-06 7.27554572e-03
6.77852349e-03 5.70904627e-06 1.16840815e-02
6.91275168e-03 7.67339468e-06 2.22002740e-02
7.04697987e-03 1.16688514e-05 5.84644615e-02
7.18120805e-03 2.33685521e-05 1.88184987e-01
7.31543624e-03 6.21883110e-05 2.84991720e-01
7.44966443e-03 9.98763965e-05 1.81862496e-01
7.58389262e-03 1.11010457e-04 5.57871019e-02
7.71812081e-03 1.14852800e-04 2.13821523e-02
7.85234899e-03 1.16750633e-04 1.12902223e-02
7.98657718e-03 1.17883732e-04 7.02808141e-03
8.12080537e-03 1.18637366e-04 4.80988722e-03
8.25503356e-03 1.19174977e-04 3.50342704e-03
8.38926174e-03 1.19577883e-04 2.66767972e-03
8.52348993e-03 1.19891132e-04 2.10022484e-03
8.65771812e-03 1.20141702e-04 1.69711961e-03
8.79194631e-03 1.20346735e-04 1.40039981e-03
8.92617450e-03 1.20517648e-04 1.17561984e-03
9.06040268e-03 1.20662338e-04 1.00124645e-03
9.19463087e-03 1.20786439e-04 8.63249154e-04
9.32885906e-03 1.20894082e-04 7.52164745e-04
9.46308725e-03 1.20988363e-04 6.61420927e-04
9.59731544e-03 1.21071645e-04 5.86336909e-04
9.73154362e-03 1.21145768e-04 5.23505394e-04
9.86577181e-03 1.21212183e-04 4.70398098e-04
1.00000000e-02 1.21272050e-04 4.46004700e-04
