-2.00000000e-01 -4.43910759e-02 1.09175101e-03
-1.97315436e-01 -4.43881451e-02 5.72426589e-03
-1.94630872e-01 -4.43603416e-02 5.60634471e-03
-1.91946309e-01 -4.43580439e-02 2.57141822e-02
-1.89261745e-01 -4.42222789e-02 4.64060499e-02
-1.86577181e-01 -4.41088839e-02 5.70483579e-02
-1.83892617e-01 -4.39159790e-02 3.89364040e-02
-1.81208054e-01 -4.38998294e-02 1.33160587e-01
-1.78523490e-01 -4.32010228e-02 1.32117586e-01
-1.75838926e-01 -4.31904732e-02 2.41405655e-03
-1.73154362e-01 -4.31880614e-02 2.90288422e-02
-1.70469799e-01 -4.30346136e-02 1.29733026e-01
-1.67785235e-01 -4.24915083e-02 1.44505567e-01
-1.65100671e-01 -4.22587448e-02 1.62101462e-01
-1.62416107e-01 -4.16211649e-02 2.13455582e-01
-1.59731544e-01 -4.11126746e-02 2.19897883e-01
-1.57046980e-01 -4.04405051e-02 2.57588700e-01
-1.54362416e-01 -3.97296480e-02 2.80767779e-01
-1.51677852e-01 -3.89330271e-02 5.30339300e-01
-1.48993289e-01 -3.68821887e-02 1.53766675e+00
-1.46308725e-01 -3.06770982e-02 3.11548490e+00
-1.43624161e-01 -2.01547530e-02 2.86432633e+00
-1.40939597e-01 -1.52981649e-02 1.52384197e+00
-1.38255034e-01 -1.19730511e-02 8.52945321e-01
-1.35570470e-01 -1.07185927e-02 4.39276524e-01
-1.32885906e-01 -9.61451945e-03 3.61472580e-01
-1.30201342e-01 -8.77780036e-03 2.43932147e-01
-1.27516779e-01 -8.30481665e-03 1.90814404e-01
-1.24832215e-01 -7.75329349e-03 2.23195561e-01
-1.22147651e-01 -7.10645122e-03 1.54454053e-01
-1.19463087e-01 -6.92400999e-03 1.32341696e-01
-1.16778523e-01 -6.39589178e-03 1.03441658e-01
-1.14093960e-01 -6.36861854e-03 1.41840709e-01
-1.11409396e-01 -5.63433093e-03 2.43800940e-01
-1.08724832e-01 -5.05962020e-03 2.16613790e-01
-1.06040268e-01 -4.47130387e-03 1.57963450e-01
-1.03355705e-01 -4.21149430e-03 4.99734181e-02
-1.00671141e-01 -4.20299021e-03 3.13735620e-03
-9.79865772e-02 -4.19464943e-03 1.67816041e-01
-9.53020134e-02 -3.30196449e-03 2.01617593e-01
-9.26174497e-02 -3.11213887e-03 9.42156929e-02
-8.99328859e-02 -2.79610842e-03 6.37708469e-02
-8.72483221e-02 -2.76974506e-03 2.69329521e-02
-8.45637584e-02 -2.65150197e-03 6.15813419e-02
-8.18791946e-02 -2.43910698e-03 3.99394479e-02
-7.91946309e-02 -2.43706198e-03 2.77350295e-02
-7.65100671e-02 -2.29019407e-03 2.77904029e-02
-7.38255034e-02 -2.28785176e-03 5.20903263e-04
-7.11409396e-02 -2.28739728e-03 3.89620491e-03
-6.84563758e-02 -2.26693254e-03 3.96866541e-03
-6.57718121e-02 -2.26608901e-03 5.11381573e-04
-6.30872483e-02 -2.26418687e-03 5.68050149e-02
-6.04026846e-02 -1.96109564e-03 5.95171106e-02
-5.77181208e-02 -1.94463191e-03 3.46137941e-03
-5.50335570e-02 -1.94251105e-03 4.22602004e-02
-5.23489933e-02 -1.71773151e-03 9.29427240e-02
-4.96644295e-02 -1.44348971e-03 8.80424384e-02
-4.69798658e-02 -1.24502043e-03 1.14233734e-01
-4.42953020e-02 -8.30154229e-04 8.12614694e-02
-4.16107383e-02 -8.08717235e-04 4.26367045e-03
-3.89261745e-02 -8.07262039e-04 2.05217498e-02
-3.62416107e-02 -6.98533343e-04 2.07248901e-02
-3.35570470e-02 -6.95987461e-04 5.84264550e-03
-3.08724832e-02 -6.67163435e-04 1.11477005e-02
-2.81879195e-02 -6.36134036e-04 1.02448104e-02
-2.55033557e-02 -6.12157741e-04 4.54472526e-03
-2.28187919e-02 -6.11732826e-04 1.89590971e-04
-2.01342282e-02 -6.11139803e-04 1.97179489e-02
-1.74496644e-02 -5.05864644e-04 1.98081705e-02
-1.47651007e-02 -5.04787210e-04 3.46442798e-04
-1.20805369e-02 -5.04004549e-04 1.73752674e-03
-9.39597315e-03 -4.95458207e-04 2.55863034e-02
-6.71140940e-03 -3.66628423e-04 5.71684446e-02
-4.02684564e-03 -1.88513538e-04 3.59622555e-02
-1.34228188e-03 -1.73542487e-04 6.74329347e-02
1.34228188e-03 1.73542487e-04 6.74329347e-02
4.02684564e-03 1.88513538e-04 3.59622555e-02
6.71140940e-03 3.66628423e-04 5.71684446e-02
9.39597315e-03 4.95458207e-04 2.55863034e-02
1.20805369e-02 5.04004549e-04 1.73752674e-03
1.47651007e-02 5.04787210e-04 3.46442798e-04
1.74496644e-02 5.05864644e-04 1.98081705e-02
2.01342282e-02 6.11139803e-04 1.97179489e-02
2.28187919e-02 6.11732826e-04 1.89590971e-04
2.55033557e-02 6.12157741e-04 4.54472526e-03
2.81879195e-02 6.36134036e-04 1.02448104e-02
3.08724832e-02 6.67163435e-04 1.11477005e-02
3.35570470e-02 6.95987461e-04 5.84264550e-03
3.62416107e-02 6.98533343e-04 2.07248901e-02
3.89261745e-02 8.07262039e-04 2.05217498e-02
4.16107383e-02 8.08717235e-04 4.26367045e-03
4.42953020e-02 8.30154229e-04 8.12614694e-02
4.69798658e-02 1.24502043e-03 1.14233734e-01
4.96644295e-02 1.44348971e-03 8.80424384e-02
5.23489933e-02 1.71773151e-03 9.29427240e-02
5.50335570e-02 1.94251105e-03 4.22602004e-02
5.77181208e-02 1.94463191e-03 3.46137941e-03
6.04026846e-02 1.96109564e-03 5.95171106e-02
6.30872483e-02 2.26418687e-03 5.68050149e-02
6.57718121e-02 2.26608901e-03 5.11381573e-04
6.84563758e-02 2.26693254e-03 3.96866541e-03
7.11409396e-02 2.28739728e-03 3.89620491e-03
7.38255034e-02 2.28785176e-03 5.20903263e-04
7.65100671e-02 2.29019407e-03 2.77904029e-02
7.91946309e-02 2.43706198e-03 2.77350295e-02
8.18791946e-02 2.43910698e-03 3.99394479e-02
8.45637584e-02 2.65150197e-03 6.15813419e-02
8.72483221e-02 2.76974506e-03 2.69329521e-02
8.99328859e-02 2.79610842e-03 6.37708469e-02
9.26174497e-02 3.11213887e-03 9.42156929e-02
9.53020134e-02 3.30196449e-03 2.01617593e-01
9.79865772e-02 4.19464943e-03 1.67816041e-01
1.00671141e-01 4.20299021e-03 3.13735620e-03
1.03355705e-01 4.21149430e-03 4.99734181e-02
1.06040268e-01 4.47130387e-03 1.57963450e-01
1.08724832e-01 5.05962020e-03 2.16613790e-01
1.11409396e-01 5.63433093e-03 2.43800940e-01
1.14093960e-01 6.36861854e-03 1.41840709e-01
1.16778523e-01 6.39589178e-03 1.03441658e-01
1.19463087e-01 6.92400999e-03 1.32341696e-01
1.22147651e-01 7.10645122e-03 1.54454053e-01
1.24832215e-01 7.75329349e-03 2.23195561e-01
1.27516779e-01 8.30481665e-03 1.90814404e-01
1.30201342e-01 8.77780036e-03 2.43932147e-01
1.32885906e-01 9.61451945e-03 3.61472580e-01
1.35570470e-01 1.07185927e-02 4.39276524e-01
1.38255034e-01 1.19730511e-02 8.52945321e-01
1.40939597e-01 1.52981649e-02 1.52384197e+00
1.43624161e-01 2.01547530e-02 2.86432633e+00
1.46308725e-01 3.06770982e-02 3.11548490e+00
1.48993289e-01 3.68821887e-02 1.53766675e+00
1.51677852e-01 3.89330271e-02 5.30339300e-01
1.54362416e-01 3.97296480e-02 2.80767779e-01
1.57046980e-01 4.04405051e-02 2.57588700e-01
1.59731544e-01 4.11126746e-02 2.19897883e-01
1.62416107e-01 4.16211649e-02 2.13455582e-01
1.65100671e-01 4.22587448e-02 1.62101462e-01
1.67785235e-01 4.24915083e-02 1.44505567e-01
1.70469799e-01 4.30346136e-02 1.29733026e-01
1.73154362e-01 4.31880614e-02 2.90288422e-02
1.75838926e-01 4.31904732e-02 2.41405655e-03
1.78523490e-01 4.32010228e-02 1.32117586e-01
1.81208054e-01 4.38998294e-02 1.33160587e-01
1.83892617e-01 4.39159790e-02 3.89364040e-02
1.86577181e-01 4.41088839e-02 5.70483579e-02
1.89261745e-01 4.42222789e-02 4.64060499e-02
1.91946309e-01 4.43580439e-02 2.57141822e-02
1.94630872e-01 4.43603416e-02 5.60634471e-03
1.97315436e-01 4.43881451e-02 5.72426589e-03
2.00000000e-01 4.43910759e-02 1.09175101e-03
