-5.00000000e-03 -8.59039744e-06 6.56983034e-06
-4.93288591e-03 -8.58995651e-06 6.71422397e-06
-4.86577181e-03 -8.58949620e-06 7.01450210e-06
-4.79865772e-03 -8.58901497e-06 7.33903806e-06
-4.73154362e-03 -8.58851110e-06 7.69056762e-06
-4.66442953e-03 -8.58798268e-06 8.07222650e-06
-4.59731544e-03 -8.58742758e-06 8.48762281e-06
-4.53020134e-03 -8.58684340e-06 8.94092545e-06
-4.46308725e-03 -8.58622745e-06 9.43697234e-06
-4.39597315e-03 -8.58557669e-06 9.98140387e-06
-4.32885906e-03 -8.58488767e-06 1.05808286e-05
-4.26174497e-03 -8.58415645e-06 1.12430305e-05
-4.19463087e-03 -8.58337853e-06 1.19772294e-05
-4.12751678e-03 -8.58254876e-06 1.27944121e-05
-4.06040268e-03 -8.58166116e-06 1.37077563e-05
-3.99328859e-03 -8.58070880e-06 1.47331776e-05
-3.92617450e-03 -8.57968356e-06 1.58900438e-05
-3.85906040e-03 -8.57857590e-06 1.72021173e-05
-3.79194631e-03 -8.57737455e-06 1.86988113e-05
-3.72483221e-03 -8.57606600e-06 2.04168886e-05
-3.65771812e-03 -8.57463402e-06 2.24027883e-05
-3.59060403e-03 -8.57305891e-06 2.47158631e-05
-3.52348993e-03 -8.57131646e-06 2.74329590e-05
-3.45637584e-03 -8.56937663e-06 3.06550173e-05
-3.38926174e-03 -8.56720169e-06 3.45167921e-05
-3.32214765e-03 -8.56474351e-06 3.92014952e-05
-3.25503356e-03 -8.56193975e-06 4.49634661e-05
-3.18791946e-03 -8.55870814e-06 5.21643633e-05
-3.12080537e-03 -8.55493782e-06 6.13330479e-05
-3.05369128e-03 -8.55047552e-06 7.32689727e-05
-2.98657718e-03 -8.54510306e-06 8.92301492e-05
-2.91946309e-03 -8.53849832e-06 1.11298111e-04
-2.85234899e-03 -8.53016371e-06 1.43153559e-04
-2.78523490e-03 -8.51928308e-06 1.91967855e-04
-2.71812081e-03 -8.50439622e-06 2.74141652e-04
-2.65100671e-03 -8.48248554e-06 4.38783924e-04
-2.58389262e-03 -8.44549904e-06 8.95125764e-04
-2.51677852e-03 -8.36233443e-06 2.80098961e-03
-2.44966443e-03 -8.06952728e-06 1.19860109e-02
-2.38255034e-03 -6.75347390e-06 3.53072249e-02
-2.31543624e-03 -3.33030247e-06 4.33429589e-02
-2.24832215e-03 -9.35627064e-07 2.24004160e-02
-2.18120805e-03 -3.23535219e-07 5.64100050e-03
-2.11409396e-03 -1.78445789e-07 1.47076513e-03
-2.04697987e-03 -1.26117080e-07 5.95978095e-04
-1.97986577e-03 -9.84487293e-08 3.38911612e-04
-1.91275168e-03 -8.06255889e-08 2.27041090e-04
-1.84563758e-03 -6.79734153e-08 1.65133171e-04
-1.77852349e-03 -5.84600626e-08 1.26334861e-04
-1.71140940e-03 -5.10157158e-08 1.00187278e-04
-1.64429530e-03 -4.50121059e-08 8.16707794e-05
-1.57718121e-03 -4.00531951e-08 6.80631989e-05
-1.51006711e-03 -3.58761060e-08 5.77675533e-05
-1.44295302e-03 -3.22991611e-08 4.97920528e-05
-1.37583893e-03 -2.91926090e-08 4.34927525e-05
-1.30872483e-03 -2.64612077e-08 3.84361528e-05
-1.24161074e-03 -2.40333939e-08 3.43214858e-05
-1.17449664e-03 -2.18542969e-08 3.09346662e-05
-1.10738255e-03 -1.98810897e-08 2.81199256e-05
-1.04026846e-03 -1.80798102e-08 2.57617524e-05
-9.73154362e-04 -1.64231364e-08 2.37730604e-05
-9.06040268e-04 -1.48887954e-08 2.20872426e-05
-8.38926174e-04 -1.34584058e-08 2.06527148e-05
-7.71812081e-04 -1.21166189e-08 1.94290973e-05
-7.04697987e-04 -1.08504733e-08 1.83844953e-05
-6.37583893e-04 -9.64890143e-09 1.74935333e-05
-5.70469799e-04 -8.50234802e-09 1.67359141e-05
-5.03355705e-04 -7.40247000e-09 1.60953529e-05
-4.36241611e-04 -6.34189797e-09 1.55587785e-05
-3.69127517e-04 -5.31404336e-09 1.51157337e-05
-3.02013423e-04 -4.31294043e-09 1.47579218e-05
-2.34899329e-04 -3.33311426e-09 1.44788654e-05
-1.67785235e-04 -2.36946856e-09 1.42736507e-05
-1.00671141e-04 -1.41718798e-09 1.41387418e-05
-3.35570470e-05 -4.71650876e-10 1.40718495e-05
3.35570470e-05 4.71650876e-10 1.40718495e-05
1.00671141e-04 1.41718799e-09 1.41387418e-05
1.67785235e-04 2.36946856e-09 1.42736507e-05
2.34899329e-04 3.33311426e-09 1.44788654e-05
3.02013423e-04 4.31294043e-09 1.47579218e-05
3.69127517e-04 5.31404336e-09 1.51157337e-05
4.36241611e-04 6.34189797e-09 1.55587785e-05
5.03355705e-04 7.40247000e-09 1.60953529e-05
5.70469799e-04 8.50234802e-09 1.67359141e-05
6.37583893e-04 9.64890143e-09 1.74935333e-05
7.04697987e-04 1.08504733e-08 1.83844953e-05
7.71812081e-04 1.21166189e-08 1.94290973e-05
8.38926174e-04 1.34584058e-08 2.06527148e-05
9.06040268e-04 1.48887954e-08 2.20872426e-05
9.73154362e-04 1.64231364e-08 2.37730604e-05
1.04026846e-03 1.80798102e-08 2.57617524e-05
1.10738255e-03 1.98810897e-08 2.81199256e-05
1.17449664e-03 2.18542969e-08 3.09346662e-05
1.24161074e-03 2.40333939e-08 3.43214858e-05
1.30872483e-03 2.64612077e-08 3.84361528e-05
1.37583893e-03 2.91926090e-08 4.34927525e-05
1.44295302e-03 3.22991611e-08 4.97920528e-05
1.51006711e-03 3.58761060e-08 5.77675533e-05
1.57718121e-03 4.00531951e-08 6.80631989e-05
1.64429530e-03 4.50121059e-08 8.16707794e-05
1.71140940e-03 5.10157158e-08 1.00187278e-04
1.77852349e-03 5.84600626e-08 1.26334861e-04
1.84563758e-03 6.79734153e-08 1.65133171e-04
1.91275168e-03 8.06255889e-08 2.27041090e-04
1.97986577e-03 9.84487293e-08 3.38911612e-04
2.04697987e-03 1.26117080e-07 5.95978095e-04
2.11409396e-03 1.78445789e-07 1.47076513e-03
2.18120805e-03 3.23535219e-07 5.64100050e-03
2.24832215e-03 9.35627064e-07 2.24004160e-02
2.31543624e-03 3.33030247e-06 4.33429589e-02
2.38255034e-03 6.75347390e-06 3.53072249e-02
2.44966443e-03 8.06952728e-06 1.19860109e-02
2.51677852e-03 8.36233443e-06 2.80098961e-03
2.58389262e-03 8.44549904e-06 8.95125764e-04
2.65100671e-03 8.48248554e-06 4.38783924e-04
2.71812081e-03 8.50439622e-06 2.74141652e-04
2.78523490e-03 8.51928308e-06 1.91967855e-04
2.85234899e-03 8.53016371e-06 1.43153559e-04
2.91946309e-03 8.53849832e-06 1.11298111e-04
2.98657718e-03 8.54510306e-06 8.92301492e-05
3.05369128e-03 8.55047552e-06 7.32689727e-05
3.12080537e-03 8.55493782e-06 6.13330479e-05
3.18791946e-03 8.55870814e-06 5.21643633e-05
3.25503356e-03 8.56193975e-06 4.49634661e-05
3.32214765e-03 8.56474351e-06 3.92014952e-05
3.38926174e-03 8.56720169e-06 3.45167921e-05
3.45637584e-03 8.56937663e-06 3.06550173e-05
3.52348993e-03 8.57131646e-06 2.74329590e-05
3.59060403e-03 8.57305891e-06 2.47158631e-05
3.65771812e-03 8.57463402e-06 2.24027883e-05
3.72483221e-03 8.57606600e-06 2.04168886e-05
3.79194631e-03 8.57737455e-06 1.86988113e-05
3.85906040e-03 8.57857590e-06 1.72021173e-05
3.92617450e-03 8.57968356e-06 1.58900438e-05
3.99328859e-03 8.58070880e-06 1.47331776e-05
4.06040268e-03 8.58166116e-06 1.37077563e-05
4.12751678e-03 8.58254876e-06 1.27944121e-05
4.19463087e-03 8.58337853e-06 1.19772294e-05
4.26174497e-03 8.58415645e-06 1.12430305e-05
4.32885906e-03 8.58488767e-06 1.05808286e-05
4.39597315e-03 8.58557669e-06 9.98140387e-06
4.46308725e-03 8.58622745e-06 9.43697234e-06
4.53020134e-03 8.58684340e-06 8.94092545e-06
4.59731544e-03 8.58742758e-06 8.48762281e-06
4.66442953e-03 8.58798268e-06 8.07222650e-06
4.73154362e-03 8.58851110e-06 7.69056762e-06
4.79865772e-03 8.58901497e-06 7.33903806e-06
4.86577181e-03 8.58949620e-06 7.01450209e-06
4.93288591e-03 8.58995651e-06 6.71422397e-06
5.00000000e-03 8.59039744e-06 6.56983034e-06
