-5.00000000e-03 -5.11499367e-05 2.71414569e-05
-4.93288591e-03 -5.11481151e-05 2.75036597e-05
-4.86577181e-03 -5.11462449e-05 2.82455078e-05
-4.79865772e-03 -5.11443238e-05 2.90233961e-05
-4.73154362e-03 -5.11423492e-05 2.98397338e-05
-4.66442953e-03 -5.11403185e-05 3.06971392e-05
-4.59731544e-03 -5.11382288e-05 3.15984618e-05
-4.53020134e-03 -5.11360771e-05 3.25468076e-05
-4.46308725e-03 -5.11338601e-05 3.35455682e-05
-4.39597315e-03 -5.11315743e-05 3.45984525e-05
-4.32885906e-03 -5.11292160e-05 3.57095244e-05
-4.26174497e-03 -5.11267811e-05 3.68832445e-05
-4.19463087e-03 -5.11242652e-05 3.81245179e-05
-4.12751678e-03 -5.11216637e-05 3.94387499e-05
-4.06040268e-03 -5.11189714e-05 4.08319087e-05
-3.99328859e-03 -5.11161829e-05 4.23105987e-05
-3.92617450e-03 -5.11132921e-05 4.38821445e-05
-3.85906040e-03 -5.11102927e-05 4.55546889e-05
-3.79194631e-03 -5.11071774e-05 4.73373064e-05
-3.72483221e-03 -5.11039387e-05 4.92401362e-05
-3.65771812e-03 -5.11005680e-05 5.12745374e-05
-3.59060403e-03 -5.10970562e-05 5.34532725e-05
-3.52348993e-03 -5.10933931e-05 5.57907234e-05
-3.45637584e-03 -5.10895675e-05 5.83031476e-05
-3.38926174e-03 -5.10855671e-05 6.10089840e-05
-3.32214765e-03 -5.10813784e-05 6.39292187e-05
-3.25503356e-03 -5.10769860e-05 6.70878244e-05
-3.18791946e-03 -5.10723733e-05 7.05122930e-05
-3.12080537e-03 -5.10675213e-05 7.42342817e-05
-3.05369128e-03 -5.10624090e-05 7.82904043e-05
-2.98657718e-03 -5.10570125e-05 8.27232042e-05
-2.91946309e-03 -5.10513052e-05 8.75823602e-05
-2.85234899e-03 -5.10452565e-05 9.29261897e-05
-2.78523490e-03 -5.10388319e-05 9.88235383e-05
-2.71812081e-03 -5.10319916e-05 1.05356173e-04
-2.65100671e-03 -5.10246901e-05 1.12621840e-04
-2.58389262e-03 -5.10168746e-05 1.20738204e-04
-2.51677852e-03 -5.10084836e-05 1.29847985e-04
-2.44966443e-03 -5.09994453e-05 1.40125707e-04
-2.38255034e-03 -5.09896748e-05 1.51786697e-04
-2.31543624e-03 -5.09790713e-05 1.65099201e-04
-2.24832215e-03 -5.09675138e-05 1.80400965e-04
-2.18120805e-03 -5.09548564e-05 1.98122225e-04
-2.11409396e-03 -5.09409202e-05 2.18818168e-04
-2.04697987e-03 -5.09254848e-05 2.43215578e-04
-1.97986577e-03 -5.09082739e-05 2.72281300e-04
-1.91275168e-03 -5.08889370e-05 3.07325074e-04
-1.84563758e-03 -5.08670222e-05 3.50158125e-04
-1.77852349e-03 -5.08419359e-05 4.03345292e-04
-1.71140940e-03 -5.08128819e-05 4.70620175e-04
-1.64429530e-03 -5.07787654e-05 5.57597741e-04
-1.57718121e-03 -5.07380365e-05 6.73060594e-04
-1.51006711e-03 -5.06884217e-05 8.31432270e-04
-1.44295302e-03 -5.06264349e-05 1.05795427e-03
-1.37583893e-03 -5.05464144e-05 1.40095993e-03
-1.30872483e-03 -5.04383866e-05 1.96716692e-03
-1.24161074e-03 -5.02823651e-05 3.05469172e-03
-1.17449664e-03 -5.00283608e-05 5.81432149e-03
-1.10738255e-03 -4.95019193e-05 1.60743222e-02
-1.04026846e-03 -4.78707337e-05 6.23235428e-02
-9.73154362e-04 -4.11363431e-05 1.88838936e-01
-9.06040268e-04 -2.25232256e-05 2.54344980e-01
-8.38926174e-04 -6.99607729e-06 1.49774632e-01
-7.71812081e-04 -2.41924816e-06 4.26764387e-02
-7.04697987e-04 -1.26769626e-06 1.17174996e-02
-6.37583893e-04 -8.46429420e-07 4.80412543e-03
-5.70469799e-04 -6.22847209e-07 2.75096337e-03
-5.03355705e-04 -4.77172592e-07 1.87289368e-03
-4.36241611e-04 -3.71452084e-07 1.39978503e-03
-3.69127517e-04 -2.89281983e-07 1.11318675e-03
-3.02013423e-04 -2.22031043e-07 9.29121651e-04
-2.34899329e-04 -1.64567668e-07 8.08170954e-04
-1.67785235e-04 -1.13551720e-07 7.29686095e-04
-1.00671141e-04 -6.66232254e-08 6.82321810e-04
-3.35570470e-05 -2.19649004e-08 6.59981537e-04
3.35570470e-05 2.19649004e-08 6.59981537e-04
1.00671141e-04 6.66232254e-08 6.82321810e-04
1.67785235e-04 1.13551720e-07 7.29686095e-04
2.34899329e-04 1.64567668e-07 8.08170954e-04
3.02013423e-04 2.22031043e-07 9.29121651e-04
3.69127517e-04 2.89281983e-07 1.11318675e-03
4.36241611e-04 3.71452084e-07 1.39978503e-03
5.03355705e-04 4.77172592e-07 1.87289368e-03
5.70469799e-04 6.22847209e-07 2.75096337e-03
6.37583893e-04 8.46429420e-07 4.80412543e-03
7.04697987e-04 1.26769626e-06 1.17174996e-02
7.71812081e-04 2.41924816e-06 4.26764387e-02
8.38926174e-04 6.99607729e-06 1.49774632e-01
9.06040268e-04 2.25232256e-05 2.54344980e-01
9.73154362e-04 4.11363431e-05 1.88838936e-01
1.04026846e-03 4.78707337e-05 6.23235428e-02
1.10738255e-03 4.95019193e-05 1.60743222e-02
1.17449664e-03 5.00283608e-05 5.81432149e-03
1.24161074e-03 5.02823651e-05 3.05469172e-03
1.30872483e-03 5.04383866e-05 1.96716692e-03
1.37583893e-03 5.05464144e-05 1.40095993e-03
1.44295302e-03 5.06264349e-05 1.05795427e-03
1.51006711e-03 5.06884217e-05 8.31432270e-04
1.57718121e-03 5.07380365e-05 6.73060594e-04
1.64429530e-03 5.07787654e-05 5.57597741e-04
1.71140940e-03 5.08128819e-05 4.70620175e-04
1.77852349e-03 5.08419359e-05 4.03345292e-04
1.84563758e-03 5.08670222e-05 3.50158125e-04
1.91275168e-03 5.08889370e-05 3.07325074e-04
1.97986577e-03 5.09082739e-05 2.72281300e-04
2.04697987e-03 5.09254848e-05 2.43215578e-04
2.11409396e-03 5.09409202e-05 2.18818168e-04
2.18120805e-03 5.09548564e-05 1.98122225e-04
2.24832215e-03 5.09675138e-05 1.80400965e-04
2.31543624e-03 5.09790713e-05 1.65099201e-04
2.38255034e-03 5.09896748e-05 1.51786697e-04
2.44966443e-03 5.09994453e-05 1.40125707e-04
2.51677852e-03 5.10084836e-05 1.29847985e-04
2.58389262e-03 5.10168746e-05 1.20738204e-04
2.65100671e-03 5.10246901e-05 1.12621840e-04
2.71812081e-03 5.10319916e-05 1.05356173e-04
2.78523490e-03 5.10388319e-05 9.88235383e-05
2.85234899e-03 5.10452565e-05 9.29261897e-05
2.91946309e-03 5.10513052e-05 8.75823602e-05
2.98657718e-03 5.10570125e-05 8.27232042e-05
3.05369128e-03 5.10624090e-05 7.82904043e-05
3.12080537e-03 5.10675213e-05 7.42342817e-05
3.18791946e-03 5.10723733e-05 7.05122930e-05
3.25503356e-03 5.10769860e-05 6.70878244e-05
3.32214765e-03 5.10813784e-05 6.39292187e-05
3.38926174e-03 5.10855671e-05 6.10089840e-05
3.45637584e-03 5.10895675e-05 5.83031476e-05
3.52348993e-03 5.10933931e-05 5.57907234e-05
3.59060403e-03 5.10970562e-05 5.34532725e-05
3.65771812e-03 5.11005680e-05 5.12745374e-05
3.72483221e-03 5.11039387e-05 4.92401362e-05
3.79194631e-03 5.11071774e-05 4.73373064e-05
3.85906040e-03 5.11102927e-05 4.55546889e-05
3.92617450e-03 5.11132921e-05 4.38821445e-05
3.99328859e-03 5.11161829e-05 4.23105987e-05
4.06040268e-03 5.11189714e-05 4.08319087e-05
4.12751678e-03 5.11216637e-05 3.94387499e-05
4.19463087e-03 5.11242652e-05 3.81245179e-05
4.26174497e-03 5.11267811e-05 3.68832445e-05
4.32885906e-03 5.11292160e-05 3.57095244e-05
4.39597315e-03 5.11315743e-05 3.45984525e-05
4.46308725e-03 5.11338601e-05 3.35455682e-05
4.53020134e-03 5.11360771e-05 3.25468076e-05
4.59731544e-03 5.11382288e-05 3.15984618e-05
4.66442953e-03 5.11403185e-05 3.06971392e-05
4.73154362e-03 5.11423492e-05 2.98397338e-05
4.79865772e-03 5.11443238e-05 2.90233961e-05
4.86577181e-03 5.11462449e-05 2.82455078e-05
4.93288591e-03 5.11481151e-05 2.75036597e-05
5.00000000e-03 5.11499367e-05 2.71414569e-05
