-5.00000000e-03 -8.57712797e-06 6.51153949e-06
-4.93288591e-03 -8.57669096e-06 6.65367813e-06
-4.86577181e-03 -8.57623486e-06 6.94920223e-06
-4.79865772e-03 -8.57575818e-06 7.26846189e-06
-4.73154362e-03 -8.57525923e-06 7.61411862e-06
-4.66442953e-03 -8.57473615e-06 7.98922072e-06
-4.59731544e-03 -8.57418685e-06 8.39727307e-06
-4.53020134e-03 -8.57360900e-06 8.84232187e-06
-4.46308725e-03 -8.57299996e-06 9.32905860e-06
-4.39597315e-03 -8.57235677e-06 9.86294786e-06
-4.32885906e-03 -8.57167607e-06 1.04503859e-05
-4.26174497e-03 -8.57095404e-06 1.10988987e-05
-4.19463087e-03 -8.57018629e-06 1.18173904e-05
-4.12751678e-03 -8.56936781e-06 1.26164590e-05
-4.06040268e-03 -8.56849281e-06 1.35087993e-05
-3.99328859e-03 -8.56755455e-06 1.45097222e-05
-3.92617450e-03 -8.56654519e-06 1.56378318e-05
-3.85906040e-03 -8.56545551e-06 1.69159158e-05
-3.79194631e-03 -8.56427460e-06 1.83721311e-05
-3.72483221e-03 -8.56298945e-06 2.00416013e-05
-3.65771812e-03 -8.56158445e-06 2.19686006e-05
-3.59060403e-03 -8.56004065e-06 2.42095808e-05
-3.52348993e-03 -8.55833484e-06 2.68374414e-05
-3.45637584e-03 -8.55643831e-06 2.99476599e-05
-3.38926174e-03 -8.55431502e-06 3.36672781e-05
-3.32214765e-03 -8.55191921e-06 3.81683797e-05
-3.25503356e-03 -8.54919175e-06 4.36888395e-05
-3.18791946e-03 -8.54605494e-06 5.05652400e-05
-3.12080537e-03 -8.54240447e-06 5.92869335e-05
-3.05369128e-03 -8.53809696e-06 7.05885595e-05
-2.98657718e-03 -8.53292950e-06 8.56164205e-05
-2.91946309e-03 -8.52660482e-06 1.06246965e-04
-2.85234899e-03 -8.51866816e-06 1.35750075e-04
-2.78523490e-03 -8.50838333e-06 1.80355755e-04
-2.71812081e-03 -8.49445933e-06 2.53776527e-04
-2.65100671e-03 -8.47431937e-06 3.94616528e-04
-2.58389262e-03 -8.44149067e-06 7.56527075e-04
-2.51677852e-03 -8.37277211e-06 2.16212809e-03
-2.44966443e-03 -8.15127213e-06 9.04534767e-03
-2.38255034e-03 -7.15863149e-06 3.05589111e-02
-2.31543624e-03 -4.04940488e-06 4.43686356e-02
-2.24832215e-03 -1.20310993e-06 2.73287665e-02
-2.18120805e-03 -3.81114067e-07 7.51319205e-03
-2.11409396e-03 -1.94627775e-07 1.84684099e-03
-2.04697987e-03 -1.33215947e-07 6.85708086e-04
-1.97986577e-03 -1.02586421e-07 3.71196184e-04
-1.91275168e-03 -8.33909562e-08 2.43056961e-04
-1.84563758e-03 -6.99613257e-08 1.74581785e-04
-1.77852349e-03 -5.99571596e-08 1.32460592e-04
-1.71140940e-03 -5.21813805e-08 1.04405540e-04
-1.64429530e-03 -4.59429932e-08 8.47052564e-05
-1.57718121e-03 -4.08115474e-08 7.03214680e-05
-1.51006711e-03 -3.65038699e-08 5.94949559e-05
-1.44295302e-03 -3.28256473e-08 5.11439123e-05
-1.37583893e-03 -2.96389153e-08 4.45714583e-05
-1.30872483e-03 -2.68429012e-08 3.93114968e-05
-1.24161074e-03 -2.43622043e-08 3.50424061e-05
-1.17449664e-03 -2.21392225e-08 3.15363249e-05
-1.10738255e-03 -2.01291406e-08 2.86281300e-05
-1.04026846e-03 -1.82965205e-08 2.61958043e-05
-9.73154362e-04 -1.66129252e-08 2.41476424e-05
-9.06040268e-04 -1.50552262e-08 2.24136964e-05
-8.38926174e-04 -1.36043754e-08 2.09399272e-05
-7.71812081e-04 -1.22444977e-08 1.96841250e-05
-7.04697987e-04 -1.09622109e-08 1.86130143e-05
-6.37583893e-04 -9.74610655e-09 1.77001667e-05
-5.70469799e-04 -8.58634962e-09 1.69244757e-05
-5.03355705e-04 -7.47436484e-09 1.62690297e-05
-4.36241611e-04 -6.40258724e-09 1.57202711e-05
-3.69127517e-04 -5.36426133e-09 1.52673648e-05
-3.02013423e-04 -4.35327654e-09 1.49017218e-05
-2.34899329e-04 -3.36403022e-09 1.46166416e-05
-1.67785235e-04 -2.39131123e-09 1.44070444e-05
-1.00671141e-04 -1.43019875e-09 1.42692764e-05
-3.35570470e-05 -4.75972117e-10 1.42009730e-05
3.35570470e-05 4.75972117e-10 1.42009730e-05
1.00671141e-04 1.43019875e-09 1.42692764e-05
1.67785235e-04 2.39131123e-09 1.44070444e-05
2.34899329e-04 3.36403022e-09 1.46166416e-05
3.02013423e-04 4.35327654e-09 1.49017218e-05
3.69127517e-04 5.36426133e-09 1.52673648e-05
4.36241611e-04 6.40258724e-09 1.57202711e-05
5.03355705e-04 7.47436484e-09 1.62690297e-05
5.70469799e-04 8.58634962e-09 1.69244757e-05
6.37583893e-04 9.74610655e-09 1.77001667e-05
7.04697987e-04 1.09622109e-08 1.86130143e-05
7.71812081e-04 1.22444977e-08 1.96841250e-05
8.38926174e-04 1.36043754e-08 2.09399272e-05
9.06040268e-04 1.50552262e-08 2.24136964e-05
9.73154362e-04 1.66129252e-08 2.41476424e-05
1.04026846e-03 1.82965205e-08 2.61958043e-05
1.10738255e-03 2.01291406e-08 2.86281300e-05
1.17449664e-03 2.21392225e-08 3.15363249e-05
1.24161074e-03 2.43622043e-08 3.50424061e-05
1.30872483e-03 2.68429012e-08 3.93114968e-05
1.37583893e-03 2.96389153e-08 4.45714583e-05
1.44295302e-03 3.28256473e-08 5.11439123e-05
1.51006711e-03 3.65038699e-08 5.94949559e-05
1.57718121e-03 4.08115474e-08 7.03214680e-05
1.64429530e-03 4.59429932e-08 8.47052564e-05
1.71140940e-03 5.21813805e-08 1.04405540e-04
1.77852349e-03 5.99571596e-08 1.32460592e-04
1.84563758e-03 6.99613257e-08 1.74581785e-04
1.91275168e-03 8.33909562e-08 2.43056961e-04
1.97986577e-03 1.02586421e-07 3.71196184e-04
2.04697987e-03 1.33215947e-07 6.85708086e-04
2.11409396e-03 1.94627775e-07 1.84684099e-03
2.18120805e-03 3.81114067e-07 7.51319205e-03
2.24832215e-03 1.20310993e-06 2.73287665e-02
2.31543624e-03 4.04940488e-06 4.43686356e-02
2.38255034e-03 7.15863149e-06 3.05589111e-02
2.44966443e-03 8.15127213e-06 9.04534766e-03
2.51677852e-03 8.37277211e-06 2.16212809e-03
2.58389262e-03 8.44149067e-06 7.56527075e-04
2.65100671e-03 8.47431937e-06 3.94616528e-04
2.71812081e-03 8.49445933e-06 2.53776527e-04
2.78523490e-03 8.50838333e-06 1.80355755e-04
2.85234899e-03 8.51866816e-06 1.35750075e-04
2.91946309e-03 8.52660482e-06 1.06246965e-04
2.98657718e-03 8.53292950e-06 8.56164205e-05
3.05369128e-03 8.53809696e-06 7.05885595e-05
3.12080537e-03 8.54240447e-06 5.92869335e-05
3.18791946e-03 8.54605494e-06 5.05652400e-05
3.25503356e-03 8.54919175e-06 4.36888395e-05
3.32214765e-03 8.55191921e-06 3.81683797e-05
3.38926174e-03 8.55431502e-06 3.36672781e-05
3.45637584e-03 8.55643831e-06 2.99476599e-05
3.52348993e-03 8.55833484e-06 2.68374414e-05
3.59060403e-03 8.56004065e-06 2.42095808e-05
3.65771812e-03 8.56158445e-06 2.19686006e-05
3.72483221e-03 8.56298945e-06 2.00416013e-05
3.79194631e-03 8.56427460e-06 1.83721311e-05
3.85906040e-03 8.56545551e-06 1.69159158e-05
3.92617450e-03 8.56654519e-06 1.56378318e-05
3.99328859e-03 8.56755455e-06 1.45097222e-05
4.06040268e-03 8.56849281e-06 1.35087993e-05
4.12751678e-03 8.56936781e-06 1.26164590e-05
4.19463087e-03 8.57018629e-06 1.18173904e-05
4.26174497e-03 8.57095404e-06 1.10988987e-05
4.32885906e-03 8.57167608e-06 1.04503859e-05
4.39597315e-03 8.57235677e-06 9.86294786e-06
4.46308725e-03 8.57299996e-06 9.32905861e-06
4.53020134e-03 8.57360900e-06 8.84232187e-06
4.59731544e-03 8.57418685e-06 8.39727307e-06
4.66442953e-03 8.57473615e-06 7.98922072e-06
4.73154362e-03 8.57525923e-06 7.61411862e-06
4.79865772e-03 8.57575818e-06 7.26846190e-06
4.86577181e-03 8.57623486e-06 6.94920223e-06
4.93288591e-03 8.57669096e-06 6.65367813e-06
5.00000000e-03 8.57712797e-06 6.51153949e-06
