-5.50000000e-02 -4.78983023e-05 2.26104754e-06
-5.42617450e-02 -4.78966331e-05 2.36832371e-06
-5.35234899e-02 -4.78948055e-05 2.61976722e-06
-5.27852349e-02 -4.78927650e-05 2.96081936e-06
-5.20469799e-02 -4.78904338e-05 3.43313338e-06
-5.13087248e-02 -4.78876959e-05 4.10696255e-06
-5.05704698e-02 -4.78843698e-05 5.10844558e-06
-4.98322148e-02 -4.78801533e-05 6.68330731e-06
-4.90939597e-02 -4.78745019e-05 9.36628117e-06
-4.83557047e-02 -4.78663239e-05 1.45232824e-05
-4.76174497e-02 -4.78530581e-05 2.66734253e-05
-4.68791946e-02 -4.78269403e-05 7.11411495e-05
-4.61409396e-02 -4.77480175e-05 1.04247905e-02
-4.54026846e-02 -3.24346321e-05 1.72136230e-02
-4.46644295e-02 -2.23319298e-05 6.89291212e-03
-4.39261745e-02 -2.22571780e-05 6.80145801e-05
-4.31879195e-02 -2.22315056e-05 2.63986799e-05
-4.24496644e-02 -2.22182001e-05 1.46633411e-05
-4.17114094e-02 -2.22098550e-05 9.62817084e-06
-4.09731544e-02 -2.22039840e-05 7.00423784e-06
-4.02348993e-02 -2.21995132e-05 5.47540167e-06
-3.94966443e-02 -2.21958995e-05 4.52270996e-06
-3.87583893e-02 -2.21928353e-05 3.90778193e-06
-3.80201342e-02 -2.21901296e-05 3.50987477e-06
-3.72818792e-02 -2.21876530e-05 3.26449299e-06
-3.65436242e-02 -2.21853096e-05 3.13745081e-06
-3.58053691e-02 -2.21830205e-05 3.11337985e-06
-3.50671141e-02 -2.21807126e-05 3.19121863e-06
-3.43288591e-02 -2.21783086e-05 3.38421374e-06
-3.35906040e-02 -2.21757158e-05 3.72469636e-06
-3.28523490e-02 -2.21728091e-05 4.27746913e-06
-3.21140940e-02 -2.21694001e-05 5.17755835e-06
-3.13758389e-02 -2.21651644e-05 6.80929284e-06
-3.06375839e-02 -2.21593461e-05 9.54266730e-05
-2.98993289e-02 -2.20242659e-05 1.06797709e-04
-2.91610738e-02 -2.20016582e-05 3.10319313e-05
-2.84228188e-02 -2.19784470e-05 6.04913474e-05
-2.76845638e-02 -2.19123421e-05 4.91218904e-03
-2.69463087e-02 -1.47255504e-05 1.47350591e-02
-2.62080537e-02 -1.55879023e-07 9.91875841e-03
-2.54697987e-02 -8.04037397e-08 6.73156032e-05
-2.47315436e-02 -5.64868570e-08 2.43711975e-05
-2.39932886e-02 -4.44194213e-08 1.31772944e-05
-2.32550336e-02 -3.70304491e-08 8.43342439e-06
-2.25167785e-02 -3.19673853e-08 5.96005631e-06
-2.17785235e-02 -2.82303660e-08 4.50078574e-06
-2.10402685e-02 -2.53219298e-08 3.56505641e-06
-2.03020134e-02 -2.29665243e-08 2.92775267e-06
-1.95637584e-02 -2.09990735e-08 2.47336601e-06
-1.88255034e-02 -1.93145745e-08 2.13753117e-06
-1.80872483e-02 -1.78429872e-08 1.88202025e-06
-1.73489933e-02 -1.65357526e-08 1.68294299e-06
-1.66107383e-02 -1.53581050e-08 1.52473408e-06
-1.58724832e-02 -1.42844674e-08 1.39689337e-06
-1.51342282e-02 -1.32955779e-08 1.29212573e-06
-1.43959732e-02 -1.23766308e-08 1.20523302e-06
-1.36577181e-02 -1.15160392e-08 1.13242920e-06
-1.29194631e-02 -1.07045877e-08 1.07090352e-06
-1.21812081e-02 -9.93483935e-09 1.01853391e-06
-1.14429530e-02 -9.20071208e-09 9.73694415e-07
-1.07046980e-02 -8.49716975e-09 9.35122845e-07
-9.96644295e-03 -7.81999379e-09 9.01828181e-07
-9.22818792e-03 -7.16561136e-09 8.73024550e-07
-8.48993289e-03 -6.53096425e-09 8.48083465e-07
-7.75167785e-03 -5.91340759e-09 8.26498788e-07
-7.01342282e-03 -5.31063047e-09 8.07860709e-07
-6.27516779e-03 -4.72059312e-09 7.91836209e-07
-5.53691275e-03 -4.14147634e-09 7.78154269e-07
-4.79865772e-03 -3.57164050e-09 7.66594590e-07
-4.06040268e-03 -3.00959171e-09 7.56978952e-07
-3.32214765e-03 -2.45395346e-09 7.49164584e-07
-2.58389262e-03 -1.90344266e-09 7.43039106e-07
-1.84563758e-03 -1.35684874e-09 7.38516695e-07
-1.10738255e-03 -8.13015322e-10 7.35535268e-07
-3.69127517e-04 -2.70823514e-10 7.34054484e-07
3.69127517e-04 2.70823514e-10 7.34054484e-07
1.10738255e-03 8.13015322e-10 7.35535268e-07
1.84563758e-03 1.35684874e-09 7.38516695e-07
2.58389262e-03 1.90344266e-09 7.43039106e-07
3.32214765e-03 2.45395346e-09 7.49164584e-07
4.06040268e-03 3.00959171e-09 7.56978952e-07
4.79865772e-03 3.57164050e-09 7.66594590e-07
5.53691275e-03 4.14147634e-09 7.78154269e-07
6.27516779e-03 4.72059312e-09 7.91836209e-07
7.01342282e-03 5.31063047e-09 8.07860709e-07
7.75167785e-03 5.91340759e-09 8.26498788e-07
8.48993289e-03 6.53096425e-09 8.48083465e-07
9.22818792e-03 7.16561136e-09 8.73024550e-07
9.96644295e-03 7.81999379e-09 9.01828181e-07
1.07046980e-02 8.49716975e-09 9.35122845e-07
1.14429530e-02 9.20071208e-09 9.73694415e-07
1.21812081e-02 9.93483935e-09 1.01853391e-06
1.29194631e-02 1.07045877e-08 1.07090352e-06
1.36577181e-02 1.15160392e-08 1.13242920e-06
1.43959732e-02 1.23766308e-08 1.20523302e-06
1.51342282e-02 1.32955779e-08 1.29212573e-06
1.58724832e-02 1.42844674e-08 1.39689337e-06
1.66107383e-02 1.53581050e-08 1.52473408e-06
1.73489933e-02 1.65357526e-08 1.68294299e-06
1.80872483e-02 1.78429872e-08 1.88202025e-06
1.88255034e-02 1.93145745e-08 2.13753118e-06
1.95637584e-02 2.09990735e-08 2.47336601e-06
2.03020134e-02 2.29665243e-08 2.92775267e-06
2.10402685e-02 2.53219298e-08 3.56505641e-06
2.17785235e-02 2.82303660e-08 4.50078574e-06
2.25167785e-02 3.19673853e-08 5.96005631e-06
2.32550336e-02 3.70304491e-08 8.43342439e-06
2.39932886e-02 4.44194213e-08 1.31772944e-05
2.47315436e-02 5.64868570e-08 2.43711975e-05
2.54697987e-02 8.04037397e-08 6.73156032e-05
2.62080537e-02 1.55879023e-07 9.91875841e-03
2.69463087e-02 1.47255504e-05 1.47350591e-02
2.76845638e-02 2.19123421e-05 4.91218904e-03
2.84228188e-02 2.19784470e-05 6.04913474e-05
2.91610738e-02 2.20016582e-05 3.10319313e-05
2.98993289e-02 2.20242659e-05 1.06797709e-04
3.06375839e-02 2.21593461e-05 9.54266730e-05
3.13758389e-02 2.21651644e-05 6.80929284e-06
3.21140940e-02 2.21694001e-05 5.17755835e-06
3.28523490e-02 2.21728091e-05 4.27746913e-06
3.35906040e-02 2.21757158e-05 3.72469636e-06
3.43288591e-02 2.21783086e-05 3.38421374e-06
3.50671141e-02 2.21807126e-05 3.19121863e-06
3.58053691e-02 2.21830205e-05 3.11337985e-06
3.65436242e-02 2.21853096e-05 3.13745081e-06
3.72818792e-02 2.21876530e-05 3.26449299e-06
3.80201342e-02 2.21901296e-05 3.50987477e-06
3.87583893e-02 2.21928353e-05 3.90778193e-06
3.94966443e-02 2.21958995e-05 4.52270996e-06
4.02348993e-02 2.21995132e-05 5.47540167e-06
4.09731544e-02 2.22039840e-05 7.00423784e-06
4.17114094e-02 2.22098550e-05 9.62817084e-06
4.24496644e-02 2.22182001e-05 1.46633411e-05
4.31879195e-02 2.22315056e-05 2.63986799e-05
4.39261745e-02 2.22571780e-05 6.80145801e-05
4.46644295e-02 2.23319298e-05 6.89291212e-03
4.54026846e-02 3.24346321e-05 1.72136230e-02
4.61409396e-02 4.77480175e-05 1.04247905e-02
4.68791946e-02 4.78269403e-05 7.11411495e-05
4.76174497e-02 4.78530581e-05 2.66734253e-05
4.83557047e-02 4.78663238e-05 1.45232824e-05
4.90939597e-02 4.78745019e-05 9.36628117e-06
4.98322148e-02 4.78801533e-05 6.68330731e-06
5.05704698e-02 4.78843698e-05 5.10844558e-06
5.13087248e-02 4.78876959e-05 4.10696255e-06
5.20469799e-02 4.78904338e-05 3.43313338e-06
5.27852349e-02 4.78927650e-05 2.96081936e-06
5.35234899e-02 4.78948055e-05 2.61976722e-06
5.42617450e-02 4.78966331e-05 2.36832371e-06
5.50000000e-02 4.78983023e-05 2.26104754e-06
