-1.00000000e-01 -1.39679998e-04 1.15262878e-05
-9.89949749e-02 -1.39668414e-04 1.36490234e-05
-9.79899497e-02 -1.39652563e-04 3.67040649e-05
-9.69849246e-02 -1.39594637e-04 5.23330173e-04
-9.59798995e-02 -1.38600643e-04 5.08173283e-04
-9.49748744e-02 -1.38573183e-04 1.98497624e-05
-9.39698492e-02 -1.38560744e-04 1.11656427e-05
-9.29648241e-02 -1.38550739e-04 9.56990413e-06
-9.19597990e-02 -1.38541508e-04 9.04378551e-06
-9.09547739e-02 -1.38532561e-04 8.86437664e-06
-8.99497487e-02 -1.38523690e-04 8.84790880e-06
-8.89447236e-02 -1.38514776e-04 8.93327987e-06
-8.79396985e-02 -1.38505734e-04 9.09958459e-06
-8.69346734e-02 -1.38496486e-04 9.34326544e-06
-8.59296482e-02 -1.38486953e-04 9.67085422e-06
-8.49246231e-02 -1.38477047e-04 1.00971250e-05
-8.39195980e-02 -1.38466657e-04 1.06459070e-05
-8.29145729e-02 -1.38455648e-04 1.13530529e-05
-8.19095477e-02 -1.38443837e-04 1.22721783e-05
-8.09045226e-02 -1.38430980e-04 1.34849984e-05
-7.98994975e-02 -1.38416732e-04 1.51202826e-05
-7.88944724e-02 -1.38400588e-04 1.73903878e-05
-7.78894472e-02 -1.38381776e-04 2.06667927e-05
-7.68844221e-02 -1.38359046e-04 2.56513083e-05
-7.58793970e-02 -1.38330216e-04 3.38146579e-05
-7.48743719e-02 -1.38291077e-04 4.87296365e-05
-7.38693467e-02 -1.38232267e-04 8.13373263e-05
-7.28643216e-02 -1.38127585e-04 1.83611352e-04
-7.18592965e-02 -1.37863199e-04 2.01400901e-03
-7.08542714e-02 -1.34079326e-04 5.45814428e-02
-6.98492462e-02 -2.81517557e-05 5.29224294e-02
-6.88442211e-02 -2.77025833e-05 2.99097271e-04
-6.78391960e-02 -2.75505552e-05 1.37920997e-04
-6.68341709e-02 -2.74253552e-05 5.20449528e-04
-6.58291457e-02 -2.65044255e-05 6.02125615e-03
-6.48241206e-02 -1.53223278e-05 1.12110359e-02
-6.38190955e-02 -3.96967992e-06 5.72888115e-03
-6.28140704e-02 -3.80698876e-06 1.07074821e-04
-6.18090452e-02 -3.75445415e-06 4.16475383e-05
-6.08040201e-02 -3.72327512e-06 2.74562474e-05
-5.97989950e-02 -3.69926571e-06 2.54648918e-05
-5.87939698e-02 -3.67208941e-06 7.77651396e-04
-5.77889447e-02 -2.13614733e-06 8.16458433e-04
-5.67839196e-02 -2.03096693e-06 6.24711377e-05
-5.57788945e-02 -2.01057720e-06 2.58745312e-05
-5.47738693e-02 -1.97895782e-06 8.65546687e-04
-5.37688442e-02 -2.70784868e-07 8.67422755e-04
-5.27638191e-02 -2.35394492e-07 2.37049449e-05
-5.17587940e-02 -2.23136737e-07 1.05021433e-05
-5.07537688e-02 -2.14284657e-07 8.13577550e-06
-4.97487437e-02 -2.06783420e-07 7.08809685e-06
-4.87437186e-02 -2.00037226e-07 6.46335001e-06
-4.77386935e-02 -1.93791762e-07 6.03222206e-06
-4.67336683e-02 -1.87912156e-07 5.70902717e-06
-4.57286432e-02 -1.82316330e-07 5.45392772e-06
-4.47236181e-02 -1.76949487e-07 5.24550733e-06
-4.37185930e-02 -1.71772597e-07 5.07100176e-06
-4.27135678e-02 -1.66756519e-07 4.92220213e-06
-4.17085427e-02 -1.61878723e-07 4.79351636e-06
-4.07035176e-02 -1.57121310e-07 4.68096179e-06
-3.96984925e-02 -1.52469755e-07 4.58160106e-06
-3.86934673e-02 -1.47912062e-07 4.49320631e-06
-3.76884422e-02 -1.43438184e-07 4.41404887e-06
-3.66834171e-02 -1.39039602e-07 4.34276201e-06
-3.56783920e-02 -1.34709014e-07 4.27824799e-06
-3.46733668e-02 -1.30440108e-07 4.21961326e-06
-3.36683417e-02 -1.26227380e-07 4.16612205e-06
-3.26633166e-02 -1.22065994e-07 4.11716248e-06
-3.16582915e-02 -1.17951676e-07 4.07222119e-06
-3.06532663e-02 -1.13880625e-07 4.03086412e-06
-2.96482412e-02 -1.09849437e-07 3.99272177e-06
-2.86432161e-02 -1.05855053e-07 3.95747760e-06
-2.76381910e-02 -1.01894708e-07 3.92485895e-06
-2.66331658e-02 -9.79658894e-08 3.89462979e-06
-2.56281407e-02 -9.40663063e-08 3.86658485e-06
-2.46231156e-02 -9.01938595e-08 3.84054490e-06
-2.36180905e-02 -8.63466181e-08 3.81635285e-06
-2.26130653e-02 -8.25227985e-08 3.79387057e-06
-2.16080402e-02 -7.87207476e-08 3.77297623e-06
-2.06030151e-02 -7.49389267e-08 3.75356211e-06
-1.95979899e-02 -7.11758991e-08 3.73553274e-06
-1.85929648e-02 -6.74303182e-08 3.71880336e-06
-1.75879397e-02 -6.37009175e-08 3.70329858e-06
-1.65829146e-02 -5.99865020e-08 3.68895127e-06
-1.55778894e-02 -5.62859401e-08 3.67570164e-06
-1.45728643e-02 -5.25981570e-08 3.66349638e-06
-1.35678392e-02 -4.89221283e-08 3.65228801e-06
-1.25628141e-02 -4.52568745e-08 3.64203425e-06
-1.15577889e-02 -4.16014564e-08 3.63269752e-06
-1.05527638e-02 -3.79549700e-08 3.62424453e-06
-9.54773869e-03 -3.43165428e-08 3.61664582e-06
-8.54271357e-03 -3.06853301e-08 3.60987555e-06
-7.53768844e-03 -2.70605115e-08 3.60391112e-06
-6.53266332e-03 -2.34412877e-08 3.59873298e-06
-5.52763819e-03 -1.98268774e-08 3.59432444e-06
-4.52261307e-03 -1.62165149e-08 3.59067148e-06
-3.51758794e-03 -1.26094473e-08 3.58776261e-06
-2.51256281e-03 -9.00493180e-09 3.58558877e-06
-1.50753769e-03 -5.40223369e-09 3.58414324e-06
-5.02512563e-04 -1.80062377e-09 3.58342159e-06
5.02512563e-04 1.80062377e-09 3.58342159e-06
1.50753769e-03 5.40223369e-09 3.58414324e-06
2.51256281e-03 9.00493180e-09 3.58558877e-06
3.51758794e-03 1.26094473e-08 3.58776261e-06
4.52261307e-03 1.62165149e-08 3.59067148e-06
5.52763819e-03 1.98268774e-08 3.59432444e-06
6.53266332e-03 2.34412877e-08 3.59873298e-06
7.53768844e-03 2.70605115e-08 3.60391112e-06
8.54271357e-03 3.06853301e-08 3.60987555e-06
9.54773869e-03 3.43165428e-08 3.61664582e-06
1.05527638e-02 3.79549700e-08 3.62424453e-06
1.15577889e-02 4.16014564e-08 3.63269752e-06
1.25628141e-02 4.52568745e-08 3.64203425e-06
1.35678392e-02 4.89221283e-08 3.65228801e-06
1.45728643e-02 5.25981570e-08 3.66349638e-06
1.55778894e-02 5.62859401e-08 3.67570164e-06
1.65829146e-02 5.99865020e-08 3.68895127e-06
1.75879397e-02 6.37009175e-08 3.70329858e-06
1.85929648e-02 6.74303182e-08 3.71880336e-06
1.95979899e-02 7.11758991e-08 3.73553274e-06
2.06030151e-02 7.49389267e-08 3.75356211e-06
2.16080402e-02 7.87207476e-08 3.77297623e-06
2.26130653e-02 8.25227985e-08 3.79387057e-06
2.36180905e-02 8.63466181e-08 3.81635285e-06
2.46231156e-02 9.01938595e-08 3.84054490e-06
2.56281407e-02 9.40663063e-08 3.86658485e-06
2.66331658e-02 9.79658894e-08 3.89462979e-06
2.76381910e-02 1.01894708e-07 3.92485895e-06
2.86432161e-02 1.05855053e-07 3.95747760e-06
2.96482412e-02 1.09849437e-07 3.99272177e-06
3.06532663e-02 1.13880625e-07 4.03086412e-06
3.16582915e-02 1.17951676e-07 4.07222119e-06
3.26633166e-02 1.22065994e-07 4.11716248e-06
3.36683417e-02 1.26227380e-07 4.16612205e-06
3.46733668e-02 1.30440108e-07 4.21961326e-06
3.56783920e-02 1.34709014e-07 4.27824799e-06
3.66834171e-02 1.39039602e-07 4.34276201e-06
3.76884422e-02 1.43438184e-07 4.41404887e-06
3.86934673e-02 1.47912062e-07 4.49320631e-06
3.96984925e-02 1.52469755e-07 4.58160106e-06
4.07035176e-02 1.57121310e-07 4.68096179e-06
4.17085427e-02 1.61878723e-07 4.79351636e-06
4.27135678e-02 1.66756519e-07 4.92220213e-06
4.37185930e-02 1.71772597e-07 5.07100176e-06
4.47236181e-02 1.76949487e-07 5.24550733e-06
4.57286432e-02 1.82316330e-07 5.45392772e-06
4.67336683e-02 1.87912156e-07 5.70902717e-06
4.77386935e-02 1.93791762e-07 6.03222206e-06
4.87437186e-02 2.00037226e-07 6.46335001e-06
4.97487437e-02 2.06783420e-07 7.08809685e-06
5.07537688e-02 2.14284657e-07 8.13577550e-06
5.17587940e-02 2.23136737e-07 1.05021433e-05
5.27638191e-02 2.35394492e-07 2.37049449e-05
5.37688442e-02 2.70784868e-07 8.67422755e-04
5.47738693e-02 1.97895782e-06 8.65546687e-04
5.57788945e-02 2.01057720e-06 2.58745312e-05
5.67839196e-02 2.03096693e-06 6.24711377e-05
5.77889447e-02 2.13614733e-06 8.16458433e-04
5.87939698e-02 3.67208941e-06 7.77651396e-04
5.97989950e-02 3.69926571e-06 2.54648918e-05
6.08040201e-02 3.72327512e-06 2.74562474e-05
6.18090452e-02 3.75445415e-06 4.16475383e-05
6.28140704e-02 3.80698876e-06 1.07074821e-04
6.38190955e-02 3.96967992e-06 5.72888115e-03
6.48241206e-02 1.53223278e-05 1.12110359e-02
6.58291457e-02 2.65044255e-05 6.02125615e-03
6.68341709e-02 2.74253552e-05 5.20449528e-04
6.78391960e-02 2.75505552e-05 1.37920997e-04
6.88442211e-02 2.77025833e-05 2.99097271e-04
6.98492462e-02 2.81517557e-05 5.29224294e-02
7.08542714e-02 1.34079326e-04 5.45814428e-02
7.18592965e-02 1.37863199e-04 2.01400901e-03
7.28643216e-02 1.38127585e-04 1.83611352e-04
7.38693467e-02 1.38232267e-04 8.13373263e-05
7.48743719e-02 1.38291077e-04 4.87296365e-05
7.58793970e-02 1.38330216e-04 3.38146579e-05
7.68844221e-02 1.38359046e-04 2.56513083e-05
7.78894472e-02 1.38381776e-04 2.06667927e-05
7.88944724e-02 1.38400588e-04 1.73903878e-05
7.98994975e-02 1.38416732e-04 1.51202826e-05
8.09045226e-02 1.38430980e-04 1.34849984e-05
8.19095477e-02 1.38443837e-04 1.22721783e-05
8.29145729e-02 1.38455648e-04 1.13530529e-05
8.39195980e-02 1.38466657e-04 1.06459070e-05
8.49246231e-02 1.38477047e-04 1.00971250e-05
8.59296482e-02 1.38486953e-04 9.67085422e-06
8.69346734e-02 1.38496486e-04 9.34326544e-06
8.79396985e-02 1.38505734e-04 9.09958459e-06
8.89447236e-02 1.38514776e-04 8.93327987e-06
8.99497487e-02 1.38523690e-04 8.84790880e-06
9.09547739e-02 1.38532561e-04 8.86437664e-06
9.19597990e-02 1.38541508e-04 9.04378551e-06
9.29648241e-02 1.38550739e-04 9.56990413e-06
9.39698492e-02 1.38560744e-04 1.11656427e-05
9.49748744e-02 1.38573183e-04 1.98497624e-05
9.59798995e-02 1.38600643e-04 5.08173283e-04
9.69849246e-02 1.39594637e-04 5.23330173e-04
9.79899497e-02 1.39652563e-04 3.67040649e-05
9.89949749e-02 1.39668414e-04 1.36490234e-05
1.00000000e-01 1.39679998e-04 1.15262878e-05
